--------------------------------------------------
Kernel:       mha.cu
Config:       kernel_launch_configs/config_mha.json
Block shape:  (1, 32) => total threads = 32
Grid:         (256, 1)
DataSize:     131072
Runs:         20
--------------------------------------------------
Traceback (most recent call last):
  File "/home/srajput/flipflop/cuda_kernel_energy_empirical/predictive_model/energy_model.py", line 195, in <module>
    main()
  File "/home/srajput/flipflop/cuda_kernel_energy_empirical/predictive_model/energy_model.py", line 123, in main
    analysis = analyzer.analyze()
               ^^^^^^^^^^^^^^^^^^
  File "/home/srajput/flipflop/cuda_kernel_energy_empirical/predictive_model/PTXAnalyzer.py", line 78, in analyze
    (mem_coal, mem_un, mem_part) = self._coalescing_breakdown(effective_block_x, base_global)
                                   ^^^^^^^^^^^^^^^^^^^^^^^^^^^^^^^^^^^^^^^^^^^^^^^^^^^^^^^^^^
  File "/home/srajput/flipflop/cuda_kernel_energy_empirical/predictive_model/PTXAnalyzer.py", line 433, in _coalescing_breakdown
    coalesce_factor = self._calculate_coalesce_factor(stride_analysis)
                      ^^^^^^^^^^^^^^^^^^^^^^^^^^^^^^^
AttributeError: 'PTXAnalyzer' object has no attribute '_calculate_coalesce_factor'
Experiment completed: Kernel=mha.cu, block=(1,32), grid=(256,1), DataSize=131072
--------------------------------------------------
Kernel:       mha.cu
Config:       kernel_launch_configs/config_mha.json
Block shape:  (2, 16) => total threads = 32
Grid:         (256, 1)
DataSize:     131072
Runs:         20
--------------------------------------------------
Traceback (most recent call last):
  File "/home/srajput/flipflop/cuda_kernel_energy_empirical/predictive_model/energy_model.py", line 195, in <module>
    main()
  File "/home/srajput/flipflop/cuda_kernel_energy_empirical/predictive_model/energy_model.py", line 123, in main
    analysis = analyzer.analyze()
               ^^^^^^^^^^^^^^^^^^
  File "/home/srajput/flipflop/cuda_kernel_energy_empirical/predictive_model/PTXAnalyzer.py", line 78, in analyze
    (mem_coal, mem_un, mem_part) = self._coalescing_breakdown(effective_block_x, base_global)
                                   ^^^^^^^^^^^^^^^^^^^^^^^^^^^^^^^^^^^^^^^^^^^^^^^^^^^^^^^^^^
  File "/home/srajput/flipflop/cuda_kernel_energy_empirical/predictive_model/PTXAnalyzer.py", line 433, in _coalescing_breakdown
    coalesce_factor = self._calculate_coalesce_factor(stride_analysis)
                      ^^^^^^^^^^^^^^^^^^^^^^^^^^^^^^^
AttributeError: 'PTXAnalyzer' object has no attribute '_calculate_coalesce_factor'
Experiment completed: Kernel=mha.cu, block=(2,16), grid=(256,1), DataSize=131072
--------------------------------------------------
Kernel:       mha.cu
Config:       kernel_launch_configs/config_mha.json
Block shape:  (4, 8) => total threads = 32
Grid:         (256, 1)
DataSize:     131072
Runs:         20
--------------------------------------------------
Traceback (most recent call last):
  File "/home/srajput/flipflop/cuda_kernel_energy_empirical/predictive_model/energy_model.py", line 195, in <module>
    main()
  File "/home/srajput/flipflop/cuda_kernel_energy_empirical/predictive_model/energy_model.py", line 123, in main
    analysis = analyzer.analyze()
               ^^^^^^^^^^^^^^^^^^
  File "/home/srajput/flipflop/cuda_kernel_energy_empirical/predictive_model/PTXAnalyzer.py", line 78, in analyze
    (mem_coal, mem_un, mem_part) = self._coalescing_breakdown(effective_block_x, base_global)
                                   ^^^^^^^^^^^^^^^^^^^^^^^^^^^^^^^^^^^^^^^^^^^^^^^^^^^^^^^^^^
  File "/home/srajput/flipflop/cuda_kernel_energy_empirical/predictive_model/PTXAnalyzer.py", line 433, in _coalescing_breakdown
    coalesce_factor = self._calculate_coalesce_factor(stride_analysis)
                      ^^^^^^^^^^^^^^^^^^^^^^^^^^^^^^^
AttributeError: 'PTXAnalyzer' object has no attribute '_calculate_coalesce_factor'
Experiment completed: Kernel=mha.cu, block=(4,8), grid=(256,1), DataSize=131072
--------------------------------------------------
Kernel:       mha.cu
Config:       kernel_launch_configs/config_mha.json
Block shape:  (8, 4) => total threads = 32
Grid:         (256, 1)
DataSize:     131072
Runs:         20
--------------------------------------------------
Traceback (most recent call last):
  File "/home/srajput/flipflop/cuda_kernel_energy_empirical/predictive_model/energy_model.py", line 195, in <module>
    main()
  File "/home/srajput/flipflop/cuda_kernel_energy_empirical/predictive_model/energy_model.py", line 123, in main
    analysis = analyzer.analyze()
               ^^^^^^^^^^^^^^^^^^
  File "/home/srajput/flipflop/cuda_kernel_energy_empirical/predictive_model/PTXAnalyzer.py", line 78, in analyze
    (mem_coal, mem_un, mem_part) = self._coalescing_breakdown(effective_block_x, base_global)
                                   ^^^^^^^^^^^^^^^^^^^^^^^^^^^^^^^^^^^^^^^^^^^^^^^^^^^^^^^^^^
  File "/home/srajput/flipflop/cuda_kernel_energy_empirical/predictive_model/PTXAnalyzer.py", line 433, in _coalescing_breakdown
    coalesce_factor = self._calculate_coalesce_factor(stride_analysis)
                      ^^^^^^^^^^^^^^^^^^^^^^^^^^^^^^^
AttributeError: 'PTXAnalyzer' object has no attribute '_calculate_coalesce_factor'
Experiment completed: Kernel=mha.cu, block=(8,4), grid=(256,1), DataSize=131072
--------------------------------------------------
Kernel:       mha.cu
Config:       kernel_launch_configs/config_mha.json
Block shape:  (16, 2) => total threads = 32
Grid:         (256, 1)
DataSize:     131072
Runs:         20
--------------------------------------------------
Traceback (most recent call last):
  File "/home/srajput/flipflop/cuda_kernel_energy_empirical/predictive_model/energy_model.py", line 195, in <module>
    main()
  File "/home/srajput/flipflop/cuda_kernel_energy_empirical/predictive_model/energy_model.py", line 123, in main
    analysis = analyzer.analyze()
               ^^^^^^^^^^^^^^^^^^
  File "/home/srajput/flipflop/cuda_kernel_energy_empirical/predictive_model/PTXAnalyzer.py", line 78, in analyze
    (mem_coal, mem_un, mem_part) = self._coalescing_breakdown(effective_block_x, base_global)
                                   ^^^^^^^^^^^^^^^^^^^^^^^^^^^^^^^^^^^^^^^^^^^^^^^^^^^^^^^^^^
  File "/home/srajput/flipflop/cuda_kernel_energy_empirical/predictive_model/PTXAnalyzer.py", line 433, in _coalescing_breakdown
    coalesce_factor = self._calculate_coalesce_factor(stride_analysis)
                      ^^^^^^^^^^^^^^^^^^^^^^^^^^^^^^^
AttributeError: 'PTXAnalyzer' object has no attribute '_calculate_coalesce_factor'
Experiment completed: Kernel=mha.cu, block=(16,2), grid=(256,1), DataSize=131072
--------------------------------------------------
Kernel:       mha.cu
Config:       kernel_launch_configs/config_mha.json
Block shape:  (32, 1) => total threads = 32
Grid:         (256, 1)
DataSize:     131072
Runs:         20
--------------------------------------------------
Traceback (most recent call last):
  File "/home/srajput/flipflop/cuda_kernel_energy_empirical/predictive_model/energy_model.py", line 195, in <module>
    main()
  File "/home/srajput/flipflop/cuda_kernel_energy_empirical/predictive_model/energy_model.py", line 123, in main
    analysis = analyzer.analyze()
               ^^^^^^^^^^^^^^^^^^
  File "/home/srajput/flipflop/cuda_kernel_energy_empirical/predictive_model/PTXAnalyzer.py", line 78, in analyze
    (mem_coal, mem_un, mem_part) = self._coalescing_breakdown(effective_block_x, base_global)
                                   ^^^^^^^^^^^^^^^^^^^^^^^^^^^^^^^^^^^^^^^^^^^^^^^^^^^^^^^^^^
  File "/home/srajput/flipflop/cuda_kernel_energy_empirical/predictive_model/PTXAnalyzer.py", line 433, in _coalescing_breakdown
    coalesce_factor = self._calculate_coalesce_factor(stride_analysis)
                      ^^^^^^^^^^^^^^^^^^^^^^^^^^^^^^^
AttributeError: 'PTXAnalyzer' object has no attribute '_calculate_coalesce_factor'
Experiment completed: Kernel=mha.cu, block=(32,1), grid=(256,1), DataSize=131072
--------------------------------------------------
Kernel:       mha.cu
Config:       kernel_launch_configs/config_mha.json
Block shape:  (1, 64) => total threads = 64
Grid:         (256, 1)
DataSize:     131072
Runs:         20
--------------------------------------------------
Traceback (most recent call last):
  File "/home/srajput/flipflop/cuda_kernel_energy_empirical/predictive_model/energy_model.py", line 195, in <module>
    main()
  File "/home/srajput/flipflop/cuda_kernel_energy_empirical/predictive_model/energy_model.py", line 123, in main
    analysis = analyzer.analyze()
               ^^^^^^^^^^^^^^^^^^
  File "/home/srajput/flipflop/cuda_kernel_energy_empirical/predictive_model/PTXAnalyzer.py", line 78, in analyze
    (mem_coal, mem_un, mem_part) = self._coalescing_breakdown(effective_block_x, base_global)
                                   ^^^^^^^^^^^^^^^^^^^^^^^^^^^^^^^^^^^^^^^^^^^^^^^^^^^^^^^^^^
  File "/home/srajput/flipflop/cuda_kernel_energy_empirical/predictive_model/PTXAnalyzer.py", line 433, in _coalescing_breakdown
    coalesce_factor = self._calculate_coalesce_factor(stride_analysis)
                      ^^^^^^^^^^^^^^^^^^^^^^^^^^^^^^^
AttributeError: 'PTXAnalyzer' object has no attribute '_calculate_coalesce_factor'
Experiment completed: Kernel=mha.cu, block=(1,64), grid=(256,1), DataSize=131072
--------------------------------------------------
Kernel:       mha.cu
Config:       kernel_launch_configs/config_mha.json
Block shape:  (2, 32) => total threads = 64
Grid:         (256, 1)
DataSize:     131072
Runs:         20
--------------------------------------------------
Traceback (most recent call last):
  File "/home/srajput/flipflop/cuda_kernel_energy_empirical/predictive_model/energy_model.py", line 195, in <module>
    main()
  File "/home/srajput/flipflop/cuda_kernel_energy_empirical/predictive_model/energy_model.py", line 123, in main
    analysis = analyzer.analyze()
               ^^^^^^^^^^^^^^^^^^
  File "/home/srajput/flipflop/cuda_kernel_energy_empirical/predictive_model/PTXAnalyzer.py", line 78, in analyze
    (mem_coal, mem_un, mem_part) = self._coalescing_breakdown(effective_block_x, base_global)
                                   ^^^^^^^^^^^^^^^^^^^^^^^^^^^^^^^^^^^^^^^^^^^^^^^^^^^^^^^^^^
  File "/home/srajput/flipflop/cuda_kernel_energy_empirical/predictive_model/PTXAnalyzer.py", line 433, in _coalescing_breakdown
    coalesce_factor = self._calculate_coalesce_factor(stride_analysis)
                      ^^^^^^^^^^^^^^^^^^^^^^^^^^^^^^^
AttributeError: 'PTXAnalyzer' object has no attribute '_calculate_coalesce_factor'
Experiment completed: Kernel=mha.cu, block=(2,32), grid=(256,1), DataSize=131072
--------------------------------------------------
Kernel:       mha.cu
Config:       kernel_launch_configs/config_mha.json
Block shape:  (4, 16) => total threads = 64
Grid:         (256, 1)
DataSize:     131072
Runs:         20
--------------------------------------------------
Traceback (most recent call last):
  File "/home/srajput/flipflop/cuda_kernel_energy_empirical/predictive_model/energy_model.py", line 195, in <module>
    main()
  File "/home/srajput/flipflop/cuda_kernel_energy_empirical/predictive_model/energy_model.py", line 123, in main
    analysis = analyzer.analyze()
               ^^^^^^^^^^^^^^^^^^
  File "/home/srajput/flipflop/cuda_kernel_energy_empirical/predictive_model/PTXAnalyzer.py", line 78, in analyze
    (mem_coal, mem_un, mem_part) = self._coalescing_breakdown(effective_block_x, base_global)
                                   ^^^^^^^^^^^^^^^^^^^^^^^^^^^^^^^^^^^^^^^^^^^^^^^^^^^^^^^^^^
  File "/home/srajput/flipflop/cuda_kernel_energy_empirical/predictive_model/PTXAnalyzer.py", line 433, in _coalescing_breakdown
    coalesce_factor = self._calculate_coalesce_factor(stride_analysis)
                      ^^^^^^^^^^^^^^^^^^^^^^^^^^^^^^^
AttributeError: 'PTXAnalyzer' object has no attribute '_calculate_coalesce_factor'
Experiment completed: Kernel=mha.cu, block=(4,16), grid=(256,1), DataSize=131072
--------------------------------------------------
Kernel:       mha.cu
Config:       kernel_launch_configs/config_mha.json
Block shape:  (8, 8) => total threads = 64
Grid:         (256, 1)
DataSize:     131072
Runs:         20
--------------------------------------------------
Traceback (most recent call last):
  File "/home/srajput/flipflop/cuda_kernel_energy_empirical/predictive_model/energy_model.py", line 195, in <module>
    main()
  File "/home/srajput/flipflop/cuda_kernel_energy_empirical/predictive_model/energy_model.py", line 123, in main
    analysis = analyzer.analyze()
               ^^^^^^^^^^^^^^^^^^
  File "/home/srajput/flipflop/cuda_kernel_energy_empirical/predictive_model/PTXAnalyzer.py", line 78, in analyze
    (mem_coal, mem_un, mem_part) = self._coalescing_breakdown(effective_block_x, base_global)
                                   ^^^^^^^^^^^^^^^^^^^^^^^^^^^^^^^^^^^^^^^^^^^^^^^^^^^^^^^^^^
  File "/home/srajput/flipflop/cuda_kernel_energy_empirical/predictive_model/PTXAnalyzer.py", line 433, in _coalescing_breakdown
    coalesce_factor = self._calculate_coalesce_factor(stride_analysis)
                      ^^^^^^^^^^^^^^^^^^^^^^^^^^^^^^^
AttributeError: 'PTXAnalyzer' object has no attribute '_calculate_coalesce_factor'
Experiment completed: Kernel=mha.cu, block=(8,8), grid=(256,1), DataSize=131072
--------------------------------------------------
Kernel:       mha.cu
Config:       kernel_launch_configs/config_mha.json
Block shape:  (16, 4) => total threads = 64
Grid:         (256, 1)
DataSize:     131072
Runs:         20
--------------------------------------------------
Traceback (most recent call last):
  File "/home/srajput/flipflop/cuda_kernel_energy_empirical/predictive_model/energy_model.py", line 195, in <module>
    main()
  File "/home/srajput/flipflop/cuda_kernel_energy_empirical/predictive_model/energy_model.py", line 123, in main
    analysis = analyzer.analyze()
               ^^^^^^^^^^^^^^^^^^
  File "/home/srajput/flipflop/cuda_kernel_energy_empirical/predictive_model/PTXAnalyzer.py", line 78, in analyze
    (mem_coal, mem_un, mem_part) = self._coalescing_breakdown(effective_block_x, base_global)
                                   ^^^^^^^^^^^^^^^^^^^^^^^^^^^^^^^^^^^^^^^^^^^^^^^^^^^^^^^^^^
  File "/home/srajput/flipflop/cuda_kernel_energy_empirical/predictive_model/PTXAnalyzer.py", line 433, in _coalescing_breakdown
    coalesce_factor = self._calculate_coalesce_factor(stride_analysis)
                      ^^^^^^^^^^^^^^^^^^^^^^^^^^^^^^^
AttributeError: 'PTXAnalyzer' object has no attribute '_calculate_coalesce_factor'
Experiment completed: Kernel=mha.cu, block=(16,4), grid=(256,1), DataSize=131072
--------------------------------------------------
Kernel:       mha.cu
Config:       kernel_launch_configs/config_mha.json
Block shape:  (32, 2) => total threads = 64
Grid:         (256, 1)
DataSize:     131072
Runs:         20
--------------------------------------------------
Traceback (most recent call last):
  File "/home/srajput/flipflop/cuda_kernel_energy_empirical/predictive_model/energy_model.py", line 195, in <module>
    main()
  File "/home/srajput/flipflop/cuda_kernel_energy_empirical/predictive_model/energy_model.py", line 123, in main
    analysis = analyzer.analyze()
               ^^^^^^^^^^^^^^^^^^
  File "/home/srajput/flipflop/cuda_kernel_energy_empirical/predictive_model/PTXAnalyzer.py", line 78, in analyze
    (mem_coal, mem_un, mem_part) = self._coalescing_breakdown(effective_block_x, base_global)
                                   ^^^^^^^^^^^^^^^^^^^^^^^^^^^^^^^^^^^^^^^^^^^^^^^^^^^^^^^^^^
  File "/home/srajput/flipflop/cuda_kernel_energy_empirical/predictive_model/PTXAnalyzer.py", line 433, in _coalescing_breakdown
    coalesce_factor = self._calculate_coalesce_factor(stride_analysis)
                      ^^^^^^^^^^^^^^^^^^^^^^^^^^^^^^^
AttributeError: 'PTXAnalyzer' object has no attribute '_calculate_coalesce_factor'
Experiment completed: Kernel=mha.cu, block=(32,2), grid=(256,1), DataSize=131072
--------------------------------------------------
Kernel:       mha.cu
Config:       kernel_launch_configs/config_mha.json
Block shape:  (64, 1) => total threads = 64
Grid:         (256, 1)
DataSize:     131072
Runs:         20
--------------------------------------------------
Traceback (most recent call last):
  File "/home/srajput/flipflop/cuda_kernel_energy_empirical/predictive_model/energy_model.py", line 195, in <module>
    main()
  File "/home/srajput/flipflop/cuda_kernel_energy_empirical/predictive_model/energy_model.py", line 123, in main
    analysis = analyzer.analyze()
               ^^^^^^^^^^^^^^^^^^
  File "/home/srajput/flipflop/cuda_kernel_energy_empirical/predictive_model/PTXAnalyzer.py", line 78, in analyze
    (mem_coal, mem_un, mem_part) = self._coalescing_breakdown(effective_block_x, base_global)
                                   ^^^^^^^^^^^^^^^^^^^^^^^^^^^^^^^^^^^^^^^^^^^^^^^^^^^^^^^^^^
  File "/home/srajput/flipflop/cuda_kernel_energy_empirical/predictive_model/PTXAnalyzer.py", line 433, in _coalescing_breakdown
    coalesce_factor = self._calculate_coalesce_factor(stride_analysis)
                      ^^^^^^^^^^^^^^^^^^^^^^^^^^^^^^^
AttributeError: 'PTXAnalyzer' object has no attribute '_calculate_coalesce_factor'
Experiment completed: Kernel=mha.cu, block=(64,1), grid=(256,1), DataSize=131072
--------------------------------------------------
Kernel:       mha.cu
Config:       kernel_launch_configs/config_mha.json
Block shape:  (1, 128) => total threads = 128
Grid:         (256, 1)
DataSize:     131072
Runs:         20
--------------------------------------------------
Traceback (most recent call last):
  File "/home/srajput/flipflop/cuda_kernel_energy_empirical/predictive_model/energy_model.py", line 195, in <module>
    main()
  File "/home/srajput/flipflop/cuda_kernel_energy_empirical/predictive_model/energy_model.py", line 123, in main
    analysis = analyzer.analyze()
               ^^^^^^^^^^^^^^^^^^
  File "/home/srajput/flipflop/cuda_kernel_energy_empirical/predictive_model/PTXAnalyzer.py", line 78, in analyze
    (mem_coal, mem_un, mem_part) = self._coalescing_breakdown(effective_block_x, base_global)
                                   ^^^^^^^^^^^^^^^^^^^^^^^^^^^^^^^^^^^^^^^^^^^^^^^^^^^^^^^^^^
  File "/home/srajput/flipflop/cuda_kernel_energy_empirical/predictive_model/PTXAnalyzer.py", line 433, in _coalescing_breakdown
    coalesce_factor = self._calculate_coalesce_factor(stride_analysis)
                      ^^^^^^^^^^^^^^^^^^^^^^^^^^^^^^^
AttributeError: 'PTXAnalyzer' object has no attribute '_calculate_coalesce_factor'
Experiment completed: Kernel=mha.cu, block=(1,128), grid=(256,1), DataSize=131072
--------------------------------------------------
Kernel:       mha.cu
Config:       kernel_launch_configs/config_mha.json
Block shape:  (2, 64) => total threads = 128
Grid:         (256, 1)
DataSize:     131072
Runs:         20
--------------------------------------------------
Traceback (most recent call last):
  File "/home/srajput/flipflop/cuda_kernel_energy_empirical/predictive_model/energy_model.py", line 195, in <module>
    main()
  File "/home/srajput/flipflop/cuda_kernel_energy_empirical/predictive_model/energy_model.py", line 123, in main
    analysis = analyzer.analyze()
               ^^^^^^^^^^^^^^^^^^
  File "/home/srajput/flipflop/cuda_kernel_energy_empirical/predictive_model/PTXAnalyzer.py", line 78, in analyze
    (mem_coal, mem_un, mem_part) = self._coalescing_breakdown(effective_block_x, base_global)
                                   ^^^^^^^^^^^^^^^^^^^^^^^^^^^^^^^^^^^^^^^^^^^^^^^^^^^^^^^^^^
  File "/home/srajput/flipflop/cuda_kernel_energy_empirical/predictive_model/PTXAnalyzer.py", line 433, in _coalescing_breakdown
    coalesce_factor = self._calculate_coalesce_factor(stride_analysis)
                      ^^^^^^^^^^^^^^^^^^^^^^^^^^^^^^^
AttributeError: 'PTXAnalyzer' object has no attribute '_calculate_coalesce_factor'
Experiment completed: Kernel=mha.cu, block=(2,64), grid=(256,1), DataSize=131072
--------------------------------------------------
Kernel:       mha.cu
Config:       kernel_launch_configs/config_mha.json
Block shape:  (4, 32) => total threads = 128
Grid:         (256, 1)
DataSize:     131072
Runs:         20
--------------------------------------------------
Traceback (most recent call last):
  File "/home/srajput/flipflop/cuda_kernel_energy_empirical/predictive_model/energy_model.py", line 195, in <module>
    main()
  File "/home/srajput/flipflop/cuda_kernel_energy_empirical/predictive_model/energy_model.py", line 123, in main
    analysis = analyzer.analyze()
               ^^^^^^^^^^^^^^^^^^
  File "/home/srajput/flipflop/cuda_kernel_energy_empirical/predictive_model/PTXAnalyzer.py", line 78, in analyze
    (mem_coal, mem_un, mem_part) = self._coalescing_breakdown(effective_block_x, base_global)
                                   ^^^^^^^^^^^^^^^^^^^^^^^^^^^^^^^^^^^^^^^^^^^^^^^^^^^^^^^^^^
  File "/home/srajput/flipflop/cuda_kernel_energy_empirical/predictive_model/PTXAnalyzer.py", line 433, in _coalescing_breakdown
    coalesce_factor = self._calculate_coalesce_factor(stride_analysis)
                      ^^^^^^^^^^^^^^^^^^^^^^^^^^^^^^^
AttributeError: 'PTXAnalyzer' object has no attribute '_calculate_coalesce_factor'
Experiment completed: Kernel=mha.cu, block=(4,32), grid=(256,1), DataSize=131072
--------------------------------------------------
Kernel:       mha.cu
Config:       kernel_launch_configs/config_mha.json
Block shape:  (8, 16) => total threads = 128
Grid:         (256, 1)
DataSize:     131072
Runs:         20
--------------------------------------------------
Traceback (most recent call last):
  File "/home/srajput/flipflop/cuda_kernel_energy_empirical/predictive_model/energy_model.py", line 195, in <module>
    main()
  File "/home/srajput/flipflop/cuda_kernel_energy_empirical/predictive_model/energy_model.py", line 123, in main
    analysis = analyzer.analyze()
               ^^^^^^^^^^^^^^^^^^
  File "/home/srajput/flipflop/cuda_kernel_energy_empirical/predictive_model/PTXAnalyzer.py", line 78, in analyze
    (mem_coal, mem_un, mem_part) = self._coalescing_breakdown(effective_block_x, base_global)
                                   ^^^^^^^^^^^^^^^^^^^^^^^^^^^^^^^^^^^^^^^^^^^^^^^^^^^^^^^^^^
  File "/home/srajput/flipflop/cuda_kernel_energy_empirical/predictive_model/PTXAnalyzer.py", line 433, in _coalescing_breakdown
    coalesce_factor = self._calculate_coalesce_factor(stride_analysis)
                      ^^^^^^^^^^^^^^^^^^^^^^^^^^^^^^^
AttributeError: 'PTXAnalyzer' object has no attribute '_calculate_coalesce_factor'
Experiment completed: Kernel=mha.cu, block=(8,16), grid=(256,1), DataSize=131072
--------------------------------------------------
Kernel:       mha.cu
Config:       kernel_launch_configs/config_mha.json
Block shape:  (16, 8) => total threads = 128
Grid:         (256, 1)
DataSize:     131072
Runs:         20
--------------------------------------------------
Traceback (most recent call last):
  File "/home/srajput/flipflop/cuda_kernel_energy_empirical/predictive_model/energy_model.py", line 195, in <module>
    main()
  File "/home/srajput/flipflop/cuda_kernel_energy_empirical/predictive_model/energy_model.py", line 123, in main
    analysis = analyzer.analyze()
               ^^^^^^^^^^^^^^^^^^
  File "/home/srajput/flipflop/cuda_kernel_energy_empirical/predictive_model/PTXAnalyzer.py", line 78, in analyze
    (mem_coal, mem_un, mem_part) = self._coalescing_breakdown(effective_block_x, base_global)
                                   ^^^^^^^^^^^^^^^^^^^^^^^^^^^^^^^^^^^^^^^^^^^^^^^^^^^^^^^^^^
  File "/home/srajput/flipflop/cuda_kernel_energy_empirical/predictive_model/PTXAnalyzer.py", line 433, in _coalescing_breakdown
    coalesce_factor = self._calculate_coalesce_factor(stride_analysis)
                      ^^^^^^^^^^^^^^^^^^^^^^^^^^^^^^^
AttributeError: 'PTXAnalyzer' object has no attribute '_calculate_coalesce_factor'
Experiment completed: Kernel=mha.cu, block=(16,8), grid=(256,1), DataSize=131072
--------------------------------------------------
Kernel:       mha.cu
Config:       kernel_launch_configs/config_mha.json
Block shape:  (32, 4) => total threads = 128
Grid:         (256, 1)
DataSize:     131072
Runs:         20
--------------------------------------------------
Traceback (most recent call last):
  File "/home/srajput/flipflop/cuda_kernel_energy_empirical/predictive_model/energy_model.py", line 195, in <module>
    main()
  File "/home/srajput/flipflop/cuda_kernel_energy_empirical/predictive_model/energy_model.py", line 123, in main
    analysis = analyzer.analyze()
               ^^^^^^^^^^^^^^^^^^
  File "/home/srajput/flipflop/cuda_kernel_energy_empirical/predictive_model/PTXAnalyzer.py", line 78, in analyze
    (mem_coal, mem_un, mem_part) = self._coalescing_breakdown(effective_block_x, base_global)
                                   ^^^^^^^^^^^^^^^^^^^^^^^^^^^^^^^^^^^^^^^^^^^^^^^^^^^^^^^^^^
  File "/home/srajput/flipflop/cuda_kernel_energy_empirical/predictive_model/PTXAnalyzer.py", line 433, in _coalescing_breakdown
    coalesce_factor = self._calculate_coalesce_factor(stride_analysis)
                      ^^^^^^^^^^^^^^^^^^^^^^^^^^^^^^^
AttributeError: 'PTXAnalyzer' object has no attribute '_calculate_coalesce_factor'
Experiment completed: Kernel=mha.cu, block=(32,4), grid=(256,1), DataSize=131072
--------------------------------------------------
Kernel:       mha.cu
Config:       kernel_launch_configs/config_mha.json
Block shape:  (64, 2) => total threads = 128
Grid:         (256, 1)
DataSize:     131072
Runs:         20
--------------------------------------------------
Traceback (most recent call last):
  File "/home/srajput/flipflop/cuda_kernel_energy_empirical/predictive_model/energy_model.py", line 195, in <module>
    main()
  File "/home/srajput/flipflop/cuda_kernel_energy_empirical/predictive_model/energy_model.py", line 123, in main
    analysis = analyzer.analyze()
               ^^^^^^^^^^^^^^^^^^
  File "/home/srajput/flipflop/cuda_kernel_energy_empirical/predictive_model/PTXAnalyzer.py", line 78, in analyze
    (mem_coal, mem_un, mem_part) = self._coalescing_breakdown(effective_block_x, base_global)
                                   ^^^^^^^^^^^^^^^^^^^^^^^^^^^^^^^^^^^^^^^^^^^^^^^^^^^^^^^^^^
  File "/home/srajput/flipflop/cuda_kernel_energy_empirical/predictive_model/PTXAnalyzer.py", line 433, in _coalescing_breakdown
    coalesce_factor = self._calculate_coalesce_factor(stride_analysis)
                      ^^^^^^^^^^^^^^^^^^^^^^^^^^^^^^^
AttributeError: 'PTXAnalyzer' object has no attribute '_calculate_coalesce_factor'
Experiment completed: Kernel=mha.cu, block=(64,2), grid=(256,1), DataSize=131072
--------------------------------------------------
Kernel:       mha.cu
Config:       kernel_launch_configs/config_mha.json
Block shape:  (128, 1) => total threads = 128
Grid:         (256, 1)
DataSize:     131072
Runs:         20
--------------------------------------------------
Traceback (most recent call last):
  File "/home/srajput/flipflop/cuda_kernel_energy_empirical/predictive_model/energy_model.py", line 195, in <module>
    main()
  File "/home/srajput/flipflop/cuda_kernel_energy_empirical/predictive_model/energy_model.py", line 123, in main
    analysis = analyzer.analyze()
               ^^^^^^^^^^^^^^^^^^
  File "/home/srajput/flipflop/cuda_kernel_energy_empirical/predictive_model/PTXAnalyzer.py", line 78, in analyze
    (mem_coal, mem_un, mem_part) = self._coalescing_breakdown(effective_block_x, base_global)
                                   ^^^^^^^^^^^^^^^^^^^^^^^^^^^^^^^^^^^^^^^^^^^^^^^^^^^^^^^^^^
  File "/home/srajput/flipflop/cuda_kernel_energy_empirical/predictive_model/PTXAnalyzer.py", line 433, in _coalescing_breakdown
    coalesce_factor = self._calculate_coalesce_factor(stride_analysis)
                      ^^^^^^^^^^^^^^^^^^^^^^^^^^^^^^^
AttributeError: 'PTXAnalyzer' object has no attribute '_calculate_coalesce_factor'
Experiment completed: Kernel=mha.cu, block=(128,1), grid=(256,1), DataSize=131072
--------------------------------------------------
Kernel:       mha.cu
Config:       kernel_launch_configs/config_mha.json
Block shape:  (1, 256) => total threads = 256
Grid:         (256, 1)
DataSize:     131072
Runs:         20
--------------------------------------------------
Traceback (most recent call last):
  File "/home/srajput/flipflop/cuda_kernel_energy_empirical/predictive_model/energy_model.py", line 195, in <module>
    main()
  File "/home/srajput/flipflop/cuda_kernel_energy_empirical/predictive_model/energy_model.py", line 123, in main
    analysis = analyzer.analyze()
               ^^^^^^^^^^^^^^^^^^
  File "/home/srajput/flipflop/cuda_kernel_energy_empirical/predictive_model/PTXAnalyzer.py", line 78, in analyze
    (mem_coal, mem_un, mem_part) = self._coalescing_breakdown(effective_block_x, base_global)
                                   ^^^^^^^^^^^^^^^^^^^^^^^^^^^^^^^^^^^^^^^^^^^^^^^^^^^^^^^^^^
  File "/home/srajput/flipflop/cuda_kernel_energy_empirical/predictive_model/PTXAnalyzer.py", line 433, in _coalescing_breakdown
    coalesce_factor = self._calculate_coalesce_factor(stride_analysis)
                      ^^^^^^^^^^^^^^^^^^^^^^^^^^^^^^^
AttributeError: 'PTXAnalyzer' object has no attribute '_calculate_coalesce_factor'
Experiment completed: Kernel=mha.cu, block=(1,256), grid=(256,1), DataSize=131072
--------------------------------------------------
Kernel:       mha.cu
Config:       kernel_launch_configs/config_mha.json
Block shape:  (2, 128) => total threads = 256
Grid:         (256, 1)
DataSize:     131072
Runs:         20
--------------------------------------------------
Traceback (most recent call last):
  File "/home/srajput/flipflop/cuda_kernel_energy_empirical/predictive_model/energy_model.py", line 195, in <module>
    main()
  File "/home/srajput/flipflop/cuda_kernel_energy_empirical/predictive_model/energy_model.py", line 123, in main
    analysis = analyzer.analyze()
               ^^^^^^^^^^^^^^^^^^
  File "/home/srajput/flipflop/cuda_kernel_energy_empirical/predictive_model/PTXAnalyzer.py", line 78, in analyze
    (mem_coal, mem_un, mem_part) = self._coalescing_breakdown(effective_block_x, base_global)
                                   ^^^^^^^^^^^^^^^^^^^^^^^^^^^^^^^^^^^^^^^^^^^^^^^^^^^^^^^^^^
  File "/home/srajput/flipflop/cuda_kernel_energy_empirical/predictive_model/PTXAnalyzer.py", line 433, in _coalescing_breakdown
    coalesce_factor = self._calculate_coalesce_factor(stride_analysis)
                      ^^^^^^^^^^^^^^^^^^^^^^^^^^^^^^^
AttributeError: 'PTXAnalyzer' object has no attribute '_calculate_coalesce_factor'
Experiment completed: Kernel=mha.cu, block=(2,128), grid=(256,1), DataSize=131072
--------------------------------------------------
Kernel:       mha.cu
Config:       kernel_launch_configs/config_mha.json
Block shape:  (4, 64) => total threads = 256
Grid:         (256, 1)
DataSize:     131072
Runs:         20
--------------------------------------------------
Traceback (most recent call last):
  File "/home/srajput/flipflop/cuda_kernel_energy_empirical/predictive_model/energy_model.py", line 195, in <module>
    main()
  File "/home/srajput/flipflop/cuda_kernel_energy_empirical/predictive_model/energy_model.py", line 123, in main
    analysis = analyzer.analyze()
               ^^^^^^^^^^^^^^^^^^
  File "/home/srajput/flipflop/cuda_kernel_energy_empirical/predictive_model/PTXAnalyzer.py", line 78, in analyze
    (mem_coal, mem_un, mem_part) = self._coalescing_breakdown(effective_block_x, base_global)
                                   ^^^^^^^^^^^^^^^^^^^^^^^^^^^^^^^^^^^^^^^^^^^^^^^^^^^^^^^^^^
  File "/home/srajput/flipflop/cuda_kernel_energy_empirical/predictive_model/PTXAnalyzer.py", line 433, in _coalescing_breakdown
    coalesce_factor = self._calculate_coalesce_factor(stride_analysis)
                      ^^^^^^^^^^^^^^^^^^^^^^^^^^^^^^^
AttributeError: 'PTXAnalyzer' object has no attribute '_calculate_coalesce_factor'
Experiment completed: Kernel=mha.cu, block=(4,64), grid=(256,1), DataSize=131072
--------------------------------------------------
Kernel:       mha.cu
Config:       kernel_launch_configs/config_mha.json
Block shape:  (8, 32) => total threads = 256
Grid:         (256, 1)
DataSize:     131072
Runs:         20
--------------------------------------------------
Traceback (most recent call last):
  File "/home/srajput/flipflop/cuda_kernel_energy_empirical/predictive_model/energy_model.py", line 195, in <module>
    main()
  File "/home/srajput/flipflop/cuda_kernel_energy_empirical/predictive_model/energy_model.py", line 123, in main
    analysis = analyzer.analyze()
               ^^^^^^^^^^^^^^^^^^
  File "/home/srajput/flipflop/cuda_kernel_energy_empirical/predictive_model/PTXAnalyzer.py", line 78, in analyze
    (mem_coal, mem_un, mem_part) = self._coalescing_breakdown(effective_block_x, base_global)
                                   ^^^^^^^^^^^^^^^^^^^^^^^^^^^^^^^^^^^^^^^^^^^^^^^^^^^^^^^^^^
  File "/home/srajput/flipflop/cuda_kernel_energy_empirical/predictive_model/PTXAnalyzer.py", line 433, in _coalescing_breakdown
    coalesce_factor = self._calculate_coalesce_factor(stride_analysis)
                      ^^^^^^^^^^^^^^^^^^^^^^^^^^^^^^^
AttributeError: 'PTXAnalyzer' object has no attribute '_calculate_coalesce_factor'
Experiment completed: Kernel=mha.cu, block=(8,32), grid=(256,1), DataSize=131072
--------------------------------------------------
Kernel:       mha.cu
Config:       kernel_launch_configs/config_mha.json
Block shape:  (16, 16) => total threads = 256
Grid:         (256, 1)
DataSize:     131072
Runs:         20
--------------------------------------------------
Traceback (most recent call last):
  File "/home/srajput/flipflop/cuda_kernel_energy_empirical/predictive_model/energy_model.py", line 195, in <module>
    main()
  File "/home/srajput/flipflop/cuda_kernel_energy_empirical/predictive_model/energy_model.py", line 123, in main
    analysis = analyzer.analyze()
               ^^^^^^^^^^^^^^^^^^
  File "/home/srajput/flipflop/cuda_kernel_energy_empirical/predictive_model/PTXAnalyzer.py", line 78, in analyze
    (mem_coal, mem_un, mem_part) = self._coalescing_breakdown(effective_block_x, base_global)
                                   ^^^^^^^^^^^^^^^^^^^^^^^^^^^^^^^^^^^^^^^^^^^^^^^^^^^^^^^^^^
  File "/home/srajput/flipflop/cuda_kernel_energy_empirical/predictive_model/PTXAnalyzer.py", line 433, in _coalescing_breakdown
    coalesce_factor = self._calculate_coalesce_factor(stride_analysis)
                      ^^^^^^^^^^^^^^^^^^^^^^^^^^^^^^^
AttributeError: 'PTXAnalyzer' object has no attribute '_calculate_coalesce_factor'
Experiment completed: Kernel=mha.cu, block=(16,16), grid=(256,1), DataSize=131072
--------------------------------------------------
Kernel:       mha.cu
Config:       kernel_launch_configs/config_mha.json
Block shape:  (32, 8) => total threads = 256
Grid:         (256, 1)
DataSize:     131072
Runs:         20
--------------------------------------------------
Traceback (most recent call last):
  File "/home/srajput/flipflop/cuda_kernel_energy_empirical/predictive_model/energy_model.py", line 195, in <module>
    main()
  File "/home/srajput/flipflop/cuda_kernel_energy_empirical/predictive_model/energy_model.py", line 123, in main
    analysis = analyzer.analyze()
               ^^^^^^^^^^^^^^^^^^
  File "/home/srajput/flipflop/cuda_kernel_energy_empirical/predictive_model/PTXAnalyzer.py", line 78, in analyze
    (mem_coal, mem_un, mem_part) = self._coalescing_breakdown(effective_block_x, base_global)
                                   ^^^^^^^^^^^^^^^^^^^^^^^^^^^^^^^^^^^^^^^^^^^^^^^^^^^^^^^^^^
  File "/home/srajput/flipflop/cuda_kernel_energy_empirical/predictive_model/PTXAnalyzer.py", line 433, in _coalescing_breakdown
    coalesce_factor = self._calculate_coalesce_factor(stride_analysis)
                      ^^^^^^^^^^^^^^^^^^^^^^^^^^^^^^^
AttributeError: 'PTXAnalyzer' object has no attribute '_calculate_coalesce_factor'
Experiment completed: Kernel=mha.cu, block=(32,8), grid=(256,1), DataSize=131072
--------------------------------------------------
Kernel:       mha.cu
Config:       kernel_launch_configs/config_mha.json
Block shape:  (64, 4) => total threads = 256
Grid:         (256, 1)
DataSize:     131072
Runs:         20
--------------------------------------------------
Traceback (most recent call last):
  File "/home/srajput/flipflop/cuda_kernel_energy_empirical/predictive_model/energy_model.py", line 195, in <module>
    main()
  File "/home/srajput/flipflop/cuda_kernel_energy_empirical/predictive_model/energy_model.py", line 123, in main
    analysis = analyzer.analyze()
               ^^^^^^^^^^^^^^^^^^
  File "/home/srajput/flipflop/cuda_kernel_energy_empirical/predictive_model/PTXAnalyzer.py", line 78, in analyze
    (mem_coal, mem_un, mem_part) = self._coalescing_breakdown(effective_block_x, base_global)
                                   ^^^^^^^^^^^^^^^^^^^^^^^^^^^^^^^^^^^^^^^^^^^^^^^^^^^^^^^^^^
  File "/home/srajput/flipflop/cuda_kernel_energy_empirical/predictive_model/PTXAnalyzer.py", line 433, in _coalescing_breakdown
    coalesce_factor = self._calculate_coalesce_factor(stride_analysis)
                      ^^^^^^^^^^^^^^^^^^^^^^^^^^^^^^^
AttributeError: 'PTXAnalyzer' object has no attribute '_calculate_coalesce_factor'
Experiment completed: Kernel=mha.cu, block=(64,4), grid=(256,1), DataSize=131072
--------------------------------------------------
Kernel:       mha.cu
Config:       kernel_launch_configs/config_mha.json
Block shape:  (128, 2) => total threads = 256
Grid:         (256, 1)
DataSize:     131072
Runs:         20
--------------------------------------------------
Traceback (most recent call last):
  File "/home/srajput/flipflop/cuda_kernel_energy_empirical/predictive_model/energy_model.py", line 195, in <module>
    main()
  File "/home/srajput/flipflop/cuda_kernel_energy_empirical/predictive_model/energy_model.py", line 123, in main
    analysis = analyzer.analyze()
               ^^^^^^^^^^^^^^^^^^
  File "/home/srajput/flipflop/cuda_kernel_energy_empirical/predictive_model/PTXAnalyzer.py", line 78, in analyze
    (mem_coal, mem_un, mem_part) = self._coalescing_breakdown(effective_block_x, base_global)
                                   ^^^^^^^^^^^^^^^^^^^^^^^^^^^^^^^^^^^^^^^^^^^^^^^^^^^^^^^^^^
  File "/home/srajput/flipflop/cuda_kernel_energy_empirical/predictive_model/PTXAnalyzer.py", line 433, in _coalescing_breakdown
    coalesce_factor = self._calculate_coalesce_factor(stride_analysis)
                      ^^^^^^^^^^^^^^^^^^^^^^^^^^^^^^^
AttributeError: 'PTXAnalyzer' object has no attribute '_calculate_coalesce_factor'
Experiment completed: Kernel=mha.cu, block=(128,2), grid=(256,1), DataSize=131072
--------------------------------------------------
Kernel:       mha.cu
Config:       kernel_launch_configs/config_mha.json
Block shape:  (256, 1) => total threads = 256
Grid:         (256, 1)
DataSize:     131072
Runs:         20
--------------------------------------------------
Traceback (most recent call last):
  File "/home/srajput/flipflop/cuda_kernel_energy_empirical/predictive_model/energy_model.py", line 195, in <module>
    main()
  File "/home/srajput/flipflop/cuda_kernel_energy_empirical/predictive_model/energy_model.py", line 123, in main
    analysis = analyzer.analyze()
               ^^^^^^^^^^^^^^^^^^
  File "/home/srajput/flipflop/cuda_kernel_energy_empirical/predictive_model/PTXAnalyzer.py", line 78, in analyze
    (mem_coal, mem_un, mem_part) = self._coalescing_breakdown(effective_block_x, base_global)
                                   ^^^^^^^^^^^^^^^^^^^^^^^^^^^^^^^^^^^^^^^^^^^^^^^^^^^^^^^^^^
  File "/home/srajput/flipflop/cuda_kernel_energy_empirical/predictive_model/PTXAnalyzer.py", line 433, in _coalescing_breakdown
    coalesce_factor = self._calculate_coalesce_factor(stride_analysis)
                      ^^^^^^^^^^^^^^^^^^^^^^^^^^^^^^^
AttributeError: 'PTXAnalyzer' object has no attribute '_calculate_coalesce_factor'
Experiment completed: Kernel=mha.cu, block=(256,1), grid=(256,1), DataSize=131072
--------------------------------------------------
Kernel:       mha.cu
Config:       kernel_launch_configs/config_mha.json
Block shape:  (1, 512) => total threads = 512
Grid:         (256, 1)
DataSize:     131072
Runs:         20
--------------------------------------------------
Traceback (most recent call last):
  File "/home/srajput/flipflop/cuda_kernel_energy_empirical/predictive_model/energy_model.py", line 195, in <module>
    main()
  File "/home/srajput/flipflop/cuda_kernel_energy_empirical/predictive_model/energy_model.py", line 123, in main
    analysis = analyzer.analyze()
               ^^^^^^^^^^^^^^^^^^
  File "/home/srajput/flipflop/cuda_kernel_energy_empirical/predictive_model/PTXAnalyzer.py", line 78, in analyze
    (mem_coal, mem_un, mem_part) = self._coalescing_breakdown(effective_block_x, base_global)
                                   ^^^^^^^^^^^^^^^^^^^^^^^^^^^^^^^^^^^^^^^^^^^^^^^^^^^^^^^^^^
  File "/home/srajput/flipflop/cuda_kernel_energy_empirical/predictive_model/PTXAnalyzer.py", line 433, in _coalescing_breakdown
    coalesce_factor = self._calculate_coalesce_factor(stride_analysis)
                      ^^^^^^^^^^^^^^^^^^^^^^^^^^^^^^^
AttributeError: 'PTXAnalyzer' object has no attribute '_calculate_coalesce_factor'
Experiment completed: Kernel=mha.cu, block=(1,512), grid=(256,1), DataSize=131072
--------------------------------------------------
Kernel:       mha.cu
Config:       kernel_launch_configs/config_mha.json
Block shape:  (2, 256) => total threads = 512
Grid:         (256, 1)
DataSize:     131072
Runs:         20
--------------------------------------------------
Traceback (most recent call last):
  File "/home/srajput/flipflop/cuda_kernel_energy_empirical/predictive_model/energy_model.py", line 195, in <module>
    main()
  File "/home/srajput/flipflop/cuda_kernel_energy_empirical/predictive_model/energy_model.py", line 123, in main
    analysis = analyzer.analyze()
               ^^^^^^^^^^^^^^^^^^
  File "/home/srajput/flipflop/cuda_kernel_energy_empirical/predictive_model/PTXAnalyzer.py", line 78, in analyze
    (mem_coal, mem_un, mem_part) = self._coalescing_breakdown(effective_block_x, base_global)
                                   ^^^^^^^^^^^^^^^^^^^^^^^^^^^^^^^^^^^^^^^^^^^^^^^^^^^^^^^^^^
  File "/home/srajput/flipflop/cuda_kernel_energy_empirical/predictive_model/PTXAnalyzer.py", line 433, in _coalescing_breakdown
    coalesce_factor = self._calculate_coalesce_factor(stride_analysis)
                      ^^^^^^^^^^^^^^^^^^^^^^^^^^^^^^^
AttributeError: 'PTXAnalyzer' object has no attribute '_calculate_coalesce_factor'
Experiment completed: Kernel=mha.cu, block=(2,256), grid=(256,1), DataSize=131072
--------------------------------------------------
Kernel:       mha.cu
Config:       kernel_launch_configs/config_mha.json
Block shape:  (4, 128) => total threads = 512
Grid:         (256, 1)
DataSize:     131072
Runs:         20
--------------------------------------------------
Traceback (most recent call last):
  File "/home/srajput/flipflop/cuda_kernel_energy_empirical/predictive_model/energy_model.py", line 195, in <module>
    main()
  File "/home/srajput/flipflop/cuda_kernel_energy_empirical/predictive_model/energy_model.py", line 123, in main
    analysis = analyzer.analyze()
               ^^^^^^^^^^^^^^^^^^
  File "/home/srajput/flipflop/cuda_kernel_energy_empirical/predictive_model/PTXAnalyzer.py", line 78, in analyze
    (mem_coal, mem_un, mem_part) = self._coalescing_breakdown(effective_block_x, base_global)
                                   ^^^^^^^^^^^^^^^^^^^^^^^^^^^^^^^^^^^^^^^^^^^^^^^^^^^^^^^^^^
  File "/home/srajput/flipflop/cuda_kernel_energy_empirical/predictive_model/PTXAnalyzer.py", line 433, in _coalescing_breakdown
    coalesce_factor = self._calculate_coalesce_factor(stride_analysis)
                      ^^^^^^^^^^^^^^^^^^^^^^^^^^^^^^^
AttributeError: 'PTXAnalyzer' object has no attribute '_calculate_coalesce_factor'
Experiment completed: Kernel=mha.cu, block=(4,128), grid=(256,1), DataSize=131072
--------------------------------------------------
Kernel:       mha.cu
Config:       kernel_launch_configs/config_mha.json
Block shape:  (8, 64) => total threads = 512
Grid:         (256, 1)
DataSize:     131072
Runs:         20
--------------------------------------------------
Traceback (most recent call last):
  File "/home/srajput/flipflop/cuda_kernel_energy_empirical/predictive_model/energy_model.py", line 195, in <module>
    main()
  File "/home/srajput/flipflop/cuda_kernel_energy_empirical/predictive_model/energy_model.py", line 123, in main
    analysis = analyzer.analyze()
               ^^^^^^^^^^^^^^^^^^
  File "/home/srajput/flipflop/cuda_kernel_energy_empirical/predictive_model/PTXAnalyzer.py", line 78, in analyze
    (mem_coal, mem_un, mem_part) = self._coalescing_breakdown(effective_block_x, base_global)
                                   ^^^^^^^^^^^^^^^^^^^^^^^^^^^^^^^^^^^^^^^^^^^^^^^^^^^^^^^^^^
  File "/home/srajput/flipflop/cuda_kernel_energy_empirical/predictive_model/PTXAnalyzer.py", line 433, in _coalescing_breakdown
    coalesce_factor = self._calculate_coalesce_factor(stride_analysis)
                      ^^^^^^^^^^^^^^^^^^^^^^^^^^^^^^^
AttributeError: 'PTXAnalyzer' object has no attribute '_calculate_coalesce_factor'
Experiment completed: Kernel=mha.cu, block=(8,64), grid=(256,1), DataSize=131072
--------------------------------------------------
Kernel:       mha.cu
Config:       kernel_launch_configs/config_mha.json
Block shape:  (16, 32) => total threads = 512
Grid:         (256, 1)
DataSize:     131072
Runs:         20
--------------------------------------------------
Traceback (most recent call last):
  File "/home/srajput/flipflop/cuda_kernel_energy_empirical/predictive_model/energy_model.py", line 195, in <module>
    main()
  File "/home/srajput/flipflop/cuda_kernel_energy_empirical/predictive_model/energy_model.py", line 123, in main
    analysis = analyzer.analyze()
               ^^^^^^^^^^^^^^^^^^
  File "/home/srajput/flipflop/cuda_kernel_energy_empirical/predictive_model/PTXAnalyzer.py", line 78, in analyze
    (mem_coal, mem_un, mem_part) = self._coalescing_breakdown(effective_block_x, base_global)
                                   ^^^^^^^^^^^^^^^^^^^^^^^^^^^^^^^^^^^^^^^^^^^^^^^^^^^^^^^^^^
  File "/home/srajput/flipflop/cuda_kernel_energy_empirical/predictive_model/PTXAnalyzer.py", line 433, in _coalescing_breakdown
    coalesce_factor = self._calculate_coalesce_factor(stride_analysis)
                      ^^^^^^^^^^^^^^^^^^^^^^^^^^^^^^^
AttributeError: 'PTXAnalyzer' object has no attribute '_calculate_coalesce_factor'
Experiment completed: Kernel=mha.cu, block=(16,32), grid=(256,1), DataSize=131072
--------------------------------------------------
Kernel:       mha.cu
Config:       kernel_launch_configs/config_mha.json
Block shape:  (32, 16) => total threads = 512
Grid:         (256, 1)
DataSize:     131072
Runs:         20
--------------------------------------------------
Traceback (most recent call last):
  File "/home/srajput/flipflop/cuda_kernel_energy_empirical/predictive_model/energy_model.py", line 195, in <module>
    main()
  File "/home/srajput/flipflop/cuda_kernel_energy_empirical/predictive_model/energy_model.py", line 123, in main
    analysis = analyzer.analyze()
               ^^^^^^^^^^^^^^^^^^
  File "/home/srajput/flipflop/cuda_kernel_energy_empirical/predictive_model/PTXAnalyzer.py", line 78, in analyze
    (mem_coal, mem_un, mem_part) = self._coalescing_breakdown(effective_block_x, base_global)
                                   ^^^^^^^^^^^^^^^^^^^^^^^^^^^^^^^^^^^^^^^^^^^^^^^^^^^^^^^^^^
  File "/home/srajput/flipflop/cuda_kernel_energy_empirical/predictive_model/PTXAnalyzer.py", line 433, in _coalescing_breakdown
    coalesce_factor = self._calculate_coalesce_factor(stride_analysis)
                      ^^^^^^^^^^^^^^^^^^^^^^^^^^^^^^^
AttributeError: 'PTXAnalyzer' object has no attribute '_calculate_coalesce_factor'
Experiment completed: Kernel=mha.cu, block=(32,16), grid=(256,1), DataSize=131072
--------------------------------------------------
Kernel:       mha.cu
Config:       kernel_launch_configs/config_mha.json
Block shape:  (64, 8) => total threads = 512
Grid:         (256, 1)
DataSize:     131072
Runs:         20
--------------------------------------------------
Traceback (most recent call last):
  File "/home/srajput/flipflop/cuda_kernel_energy_empirical/predictive_model/energy_model.py", line 195, in <module>
    main()
  File "/home/srajput/flipflop/cuda_kernel_energy_empirical/predictive_model/energy_model.py", line 123, in main
    analysis = analyzer.analyze()
               ^^^^^^^^^^^^^^^^^^
  File "/home/srajput/flipflop/cuda_kernel_energy_empirical/predictive_model/PTXAnalyzer.py", line 78, in analyze
    (mem_coal, mem_un, mem_part) = self._coalescing_breakdown(effective_block_x, base_global)
                                   ^^^^^^^^^^^^^^^^^^^^^^^^^^^^^^^^^^^^^^^^^^^^^^^^^^^^^^^^^^
  File "/home/srajput/flipflop/cuda_kernel_energy_empirical/predictive_model/PTXAnalyzer.py", line 433, in _coalescing_breakdown
    coalesce_factor = self._calculate_coalesce_factor(stride_analysis)
                      ^^^^^^^^^^^^^^^^^^^^^^^^^^^^^^^
AttributeError: 'PTXAnalyzer' object has no attribute '_calculate_coalesce_factor'
Experiment completed: Kernel=mha.cu, block=(64,8), grid=(256,1), DataSize=131072
--------------------------------------------------
Kernel:       mha.cu
Config:       kernel_launch_configs/config_mha.json
Block shape:  (128, 4) => total threads = 512
Grid:         (256, 1)
DataSize:     131072
Runs:         20
--------------------------------------------------
Traceback (most recent call last):
  File "/home/srajput/flipflop/cuda_kernel_energy_empirical/predictive_model/energy_model.py", line 195, in <module>
    main()
  File "/home/srajput/flipflop/cuda_kernel_energy_empirical/predictive_model/energy_model.py", line 123, in main
    analysis = analyzer.analyze()
               ^^^^^^^^^^^^^^^^^^
  File "/home/srajput/flipflop/cuda_kernel_energy_empirical/predictive_model/PTXAnalyzer.py", line 78, in analyze
    (mem_coal, mem_un, mem_part) = self._coalescing_breakdown(effective_block_x, base_global)
                                   ^^^^^^^^^^^^^^^^^^^^^^^^^^^^^^^^^^^^^^^^^^^^^^^^^^^^^^^^^^
  File "/home/srajput/flipflop/cuda_kernel_energy_empirical/predictive_model/PTXAnalyzer.py", line 433, in _coalescing_breakdown
    coalesce_factor = self._calculate_coalesce_factor(stride_analysis)
                      ^^^^^^^^^^^^^^^^^^^^^^^^^^^^^^^
AttributeError: 'PTXAnalyzer' object has no attribute '_calculate_coalesce_factor'
Experiment completed: Kernel=mha.cu, block=(128,4), grid=(256,1), DataSize=131072
--------------------------------------------------
Kernel:       mha.cu
Config:       kernel_launch_configs/config_mha.json
Block shape:  (256, 2) => total threads = 512
Grid:         (256, 1)
DataSize:     131072
Runs:         20
--------------------------------------------------
Traceback (most recent call last):
  File "/home/srajput/flipflop/cuda_kernel_energy_empirical/predictive_model/energy_model.py", line 195, in <module>
    main()
  File "/home/srajput/flipflop/cuda_kernel_energy_empirical/predictive_model/energy_model.py", line 123, in main
    analysis = analyzer.analyze()
               ^^^^^^^^^^^^^^^^^^
  File "/home/srajput/flipflop/cuda_kernel_energy_empirical/predictive_model/PTXAnalyzer.py", line 78, in analyze
    (mem_coal, mem_un, mem_part) = self._coalescing_breakdown(effective_block_x, base_global)
                                   ^^^^^^^^^^^^^^^^^^^^^^^^^^^^^^^^^^^^^^^^^^^^^^^^^^^^^^^^^^
  File "/home/srajput/flipflop/cuda_kernel_energy_empirical/predictive_model/PTXAnalyzer.py", line 433, in _coalescing_breakdown
    coalesce_factor = self._calculate_coalesce_factor(stride_analysis)
                      ^^^^^^^^^^^^^^^^^^^^^^^^^^^^^^^
AttributeError: 'PTXAnalyzer' object has no attribute '_calculate_coalesce_factor'
Experiment completed: Kernel=mha.cu, block=(256,2), grid=(256,1), DataSize=131072
--------------------------------------------------
Kernel:       mha.cu
Config:       kernel_launch_configs/config_mha.json
Block shape:  (512, 1) => total threads = 512
Grid:         (256, 1)
DataSize:     131072
Runs:         20
--------------------------------------------------
Traceback (most recent call last):
  File "/home/srajput/flipflop/cuda_kernel_energy_empirical/predictive_model/energy_model.py", line 195, in <module>
    main()
  File "/home/srajput/flipflop/cuda_kernel_energy_empirical/predictive_model/energy_model.py", line 123, in main
    analysis = analyzer.analyze()
               ^^^^^^^^^^^^^^^^^^
  File "/home/srajput/flipflop/cuda_kernel_energy_empirical/predictive_model/PTXAnalyzer.py", line 78, in analyze
    (mem_coal, mem_un, mem_part) = self._coalescing_breakdown(effective_block_x, base_global)
                                   ^^^^^^^^^^^^^^^^^^^^^^^^^^^^^^^^^^^^^^^^^^^^^^^^^^^^^^^^^^
  File "/home/srajput/flipflop/cuda_kernel_energy_empirical/predictive_model/PTXAnalyzer.py", line 433, in _coalescing_breakdown
    coalesce_factor = self._calculate_coalesce_factor(stride_analysis)
                      ^^^^^^^^^^^^^^^^^^^^^^^^^^^^^^^
AttributeError: 'PTXAnalyzer' object has no attribute '_calculate_coalesce_factor'
Experiment completed: Kernel=mha.cu, block=(512,1), grid=(256,1), DataSize=131072
--------------------------------------------------
Kernel:       mha.cu
Config:       kernel_launch_configs/config_mha.json
Block shape:  (1, 1024) => total threads = 1024
Grid:         (256, 1)
DataSize:     131072
Runs:         20
--------------------------------------------------
Traceback (most recent call last):
  File "/home/srajput/flipflop/cuda_kernel_energy_empirical/predictive_model/energy_model.py", line 195, in <module>
    main()
  File "/home/srajput/flipflop/cuda_kernel_energy_empirical/predictive_model/energy_model.py", line 123, in main
    analysis = analyzer.analyze()
               ^^^^^^^^^^^^^^^^^^
  File "/home/srajput/flipflop/cuda_kernel_energy_empirical/predictive_model/PTXAnalyzer.py", line 78, in analyze
    (mem_coal, mem_un, mem_part) = self._coalescing_breakdown(effective_block_x, base_global)
                                   ^^^^^^^^^^^^^^^^^^^^^^^^^^^^^^^^^^^^^^^^^^^^^^^^^^^^^^^^^^
  File "/home/srajput/flipflop/cuda_kernel_energy_empirical/predictive_model/PTXAnalyzer.py", line 433, in _coalescing_breakdown
    coalesce_factor = self._calculate_coalesce_factor(stride_analysis)
                      ^^^^^^^^^^^^^^^^^^^^^^^^^^^^^^^
AttributeError: 'PTXAnalyzer' object has no attribute '_calculate_coalesce_factor'
Experiment completed: Kernel=mha.cu, block=(1,1024), grid=(256,1), DataSize=131072
--------------------------------------------------
Kernel:       mha.cu
Config:       kernel_launch_configs/config_mha.json
Block shape:  (2, 512) => total threads = 1024
Grid:         (256, 1)
DataSize:     131072
Runs:         20
--------------------------------------------------
Traceback (most recent call last):
  File "/home/srajput/flipflop/cuda_kernel_energy_empirical/predictive_model/energy_model.py", line 195, in <module>
    main()
  File "/home/srajput/flipflop/cuda_kernel_energy_empirical/predictive_model/energy_model.py", line 123, in main
    analysis = analyzer.analyze()
               ^^^^^^^^^^^^^^^^^^
  File "/home/srajput/flipflop/cuda_kernel_energy_empirical/predictive_model/PTXAnalyzer.py", line 78, in analyze
    (mem_coal, mem_un, mem_part) = self._coalescing_breakdown(effective_block_x, base_global)
                                   ^^^^^^^^^^^^^^^^^^^^^^^^^^^^^^^^^^^^^^^^^^^^^^^^^^^^^^^^^^
  File "/home/srajput/flipflop/cuda_kernel_energy_empirical/predictive_model/PTXAnalyzer.py", line 433, in _coalescing_breakdown
    coalesce_factor = self._calculate_coalesce_factor(stride_analysis)
                      ^^^^^^^^^^^^^^^^^^^^^^^^^^^^^^^
AttributeError: 'PTXAnalyzer' object has no attribute '_calculate_coalesce_factor'
Experiment completed: Kernel=mha.cu, block=(2,512), grid=(256,1), DataSize=131072
--------------------------------------------------
Kernel:       mha.cu
Config:       kernel_launch_configs/config_mha.json
Block shape:  (4, 256) => total threads = 1024
Grid:         (256, 1)
DataSize:     131072
Runs:         20
--------------------------------------------------
Traceback (most recent call last):
  File "/home/srajput/flipflop/cuda_kernel_energy_empirical/predictive_model/energy_model.py", line 195, in <module>
    main()
  File "/home/srajput/flipflop/cuda_kernel_energy_empirical/predictive_model/energy_model.py", line 123, in main
    analysis = analyzer.analyze()
               ^^^^^^^^^^^^^^^^^^
  File "/home/srajput/flipflop/cuda_kernel_energy_empirical/predictive_model/PTXAnalyzer.py", line 78, in analyze
    (mem_coal, mem_un, mem_part) = self._coalescing_breakdown(effective_block_x, base_global)
                                   ^^^^^^^^^^^^^^^^^^^^^^^^^^^^^^^^^^^^^^^^^^^^^^^^^^^^^^^^^^
  File "/home/srajput/flipflop/cuda_kernel_energy_empirical/predictive_model/PTXAnalyzer.py", line 433, in _coalescing_breakdown
    coalesce_factor = self._calculate_coalesce_factor(stride_analysis)
                      ^^^^^^^^^^^^^^^^^^^^^^^^^^^^^^^
AttributeError: 'PTXAnalyzer' object has no attribute '_calculate_coalesce_factor'
Experiment completed: Kernel=mha.cu, block=(4,256), grid=(256,1), DataSize=131072
--------------------------------------------------
Kernel:       mha.cu
Config:       kernel_launch_configs/config_mha.json
Block shape:  (8, 128) => total threads = 1024
Grid:         (256, 1)
DataSize:     131072
Runs:         20
--------------------------------------------------
Traceback (most recent call last):
  File "/home/srajput/flipflop/cuda_kernel_energy_empirical/predictive_model/energy_model.py", line 195, in <module>
    main()
  File "/home/srajput/flipflop/cuda_kernel_energy_empirical/predictive_model/energy_model.py", line 123, in main
    analysis = analyzer.analyze()
               ^^^^^^^^^^^^^^^^^^
  File "/home/srajput/flipflop/cuda_kernel_energy_empirical/predictive_model/PTXAnalyzer.py", line 78, in analyze
    (mem_coal, mem_un, mem_part) = self._coalescing_breakdown(effective_block_x, base_global)
                                   ^^^^^^^^^^^^^^^^^^^^^^^^^^^^^^^^^^^^^^^^^^^^^^^^^^^^^^^^^^
  File "/home/srajput/flipflop/cuda_kernel_energy_empirical/predictive_model/PTXAnalyzer.py", line 433, in _coalescing_breakdown
    coalesce_factor = self._calculate_coalesce_factor(stride_analysis)
                      ^^^^^^^^^^^^^^^^^^^^^^^^^^^^^^^
AttributeError: 'PTXAnalyzer' object has no attribute '_calculate_coalesce_factor'
Experiment completed: Kernel=mha.cu, block=(8,128), grid=(256,1), DataSize=131072
--------------------------------------------------
Kernel:       mha.cu
Config:       kernel_launch_configs/config_mha.json
Block shape:  (16, 64) => total threads = 1024
Grid:         (256, 1)
DataSize:     131072
Runs:         20
--------------------------------------------------
Traceback (most recent call last):
  File "/home/srajput/flipflop/cuda_kernel_energy_empirical/predictive_model/energy_model.py", line 195, in <module>
    main()
  File "/home/srajput/flipflop/cuda_kernel_energy_empirical/predictive_model/energy_model.py", line 123, in main
    analysis = analyzer.analyze()
               ^^^^^^^^^^^^^^^^^^
  File "/home/srajput/flipflop/cuda_kernel_energy_empirical/predictive_model/PTXAnalyzer.py", line 78, in analyze
    (mem_coal, mem_un, mem_part) = self._coalescing_breakdown(effective_block_x, base_global)
                                   ^^^^^^^^^^^^^^^^^^^^^^^^^^^^^^^^^^^^^^^^^^^^^^^^^^^^^^^^^^
  File "/home/srajput/flipflop/cuda_kernel_energy_empirical/predictive_model/PTXAnalyzer.py", line 433, in _coalescing_breakdown
    coalesce_factor = self._calculate_coalesce_factor(stride_analysis)
                      ^^^^^^^^^^^^^^^^^^^^^^^^^^^^^^^
AttributeError: 'PTXAnalyzer' object has no attribute '_calculate_coalesce_factor'
Experiment completed: Kernel=mha.cu, block=(16,64), grid=(256,1), DataSize=131072
--------------------------------------------------
Kernel:       mha.cu
Config:       kernel_launch_configs/config_mha.json
Block shape:  (32, 32) => total threads = 1024
Grid:         (256, 1)
DataSize:     131072
Runs:         20
--------------------------------------------------
Traceback (most recent call last):
  File "/home/srajput/flipflop/cuda_kernel_energy_empirical/predictive_model/energy_model.py", line 195, in <module>
    main()
  File "/home/srajput/flipflop/cuda_kernel_energy_empirical/predictive_model/energy_model.py", line 123, in main
    analysis = analyzer.analyze()
               ^^^^^^^^^^^^^^^^^^
  File "/home/srajput/flipflop/cuda_kernel_energy_empirical/predictive_model/PTXAnalyzer.py", line 78, in analyze
    (mem_coal, mem_un, mem_part) = self._coalescing_breakdown(effective_block_x, base_global)
                                   ^^^^^^^^^^^^^^^^^^^^^^^^^^^^^^^^^^^^^^^^^^^^^^^^^^^^^^^^^^
  File "/home/srajput/flipflop/cuda_kernel_energy_empirical/predictive_model/PTXAnalyzer.py", line 433, in _coalescing_breakdown
    coalesce_factor = self._calculate_coalesce_factor(stride_analysis)
                      ^^^^^^^^^^^^^^^^^^^^^^^^^^^^^^^
AttributeError: 'PTXAnalyzer' object has no attribute '_calculate_coalesce_factor'
Experiment completed: Kernel=mha.cu, block=(32,32), grid=(256,1), DataSize=131072
--------------------------------------------------
Kernel:       mha.cu
Config:       kernel_launch_configs/config_mha.json
Block shape:  (64, 16) => total threads = 1024
Grid:         (256, 1)
DataSize:     131072
Runs:         20
--------------------------------------------------
Traceback (most recent call last):
  File "/home/srajput/flipflop/cuda_kernel_energy_empirical/predictive_model/energy_model.py", line 195, in <module>
    main()
  File "/home/srajput/flipflop/cuda_kernel_energy_empirical/predictive_model/energy_model.py", line 123, in main
    analysis = analyzer.analyze()
               ^^^^^^^^^^^^^^^^^^
  File "/home/srajput/flipflop/cuda_kernel_energy_empirical/predictive_model/PTXAnalyzer.py", line 78, in analyze
    (mem_coal, mem_un, mem_part) = self._coalescing_breakdown(effective_block_x, base_global)
                                   ^^^^^^^^^^^^^^^^^^^^^^^^^^^^^^^^^^^^^^^^^^^^^^^^^^^^^^^^^^
  File "/home/srajput/flipflop/cuda_kernel_energy_empirical/predictive_model/PTXAnalyzer.py", line 433, in _coalescing_breakdown
    coalesce_factor = self._calculate_coalesce_factor(stride_analysis)
                      ^^^^^^^^^^^^^^^^^^^^^^^^^^^^^^^
AttributeError: 'PTXAnalyzer' object has no attribute '_calculate_coalesce_factor'
Experiment completed: Kernel=mha.cu, block=(64,16), grid=(256,1), DataSize=131072
--------------------------------------------------
Kernel:       mha.cu
Config:       kernel_launch_configs/config_mha.json
Block shape:  (128, 8) => total threads = 1024
Grid:         (256, 1)
DataSize:     131072
Runs:         20
--------------------------------------------------
Traceback (most recent call last):
  File "/home/srajput/flipflop/cuda_kernel_energy_empirical/predictive_model/energy_model.py", line 195, in <module>
    main()
  File "/home/srajput/flipflop/cuda_kernel_energy_empirical/predictive_model/energy_model.py", line 123, in main
    analysis = analyzer.analyze()
               ^^^^^^^^^^^^^^^^^^
  File "/home/srajput/flipflop/cuda_kernel_energy_empirical/predictive_model/PTXAnalyzer.py", line 78, in analyze
    (mem_coal, mem_un, mem_part) = self._coalescing_breakdown(effective_block_x, base_global)
                                   ^^^^^^^^^^^^^^^^^^^^^^^^^^^^^^^^^^^^^^^^^^^^^^^^^^^^^^^^^^
  File "/home/srajput/flipflop/cuda_kernel_energy_empirical/predictive_model/PTXAnalyzer.py", line 433, in _coalescing_breakdown
    coalesce_factor = self._calculate_coalesce_factor(stride_analysis)
                      ^^^^^^^^^^^^^^^^^^^^^^^^^^^^^^^
AttributeError: 'PTXAnalyzer' object has no attribute '_calculate_coalesce_factor'
Experiment completed: Kernel=mha.cu, block=(128,8), grid=(256,1), DataSize=131072
--------------------------------------------------
Kernel:       mha.cu
Config:       kernel_launch_configs/config_mha.json
Block shape:  (256, 4) => total threads = 1024
Grid:         (256, 1)
DataSize:     131072
Runs:         20
--------------------------------------------------
Traceback (most recent call last):
  File "/home/srajput/flipflop/cuda_kernel_energy_empirical/predictive_model/energy_model.py", line 195, in <module>
    main()
  File "/home/srajput/flipflop/cuda_kernel_energy_empirical/predictive_model/energy_model.py", line 123, in main
    analysis = analyzer.analyze()
               ^^^^^^^^^^^^^^^^^^
  File "/home/srajput/flipflop/cuda_kernel_energy_empirical/predictive_model/PTXAnalyzer.py", line 78, in analyze
    (mem_coal, mem_un, mem_part) = self._coalescing_breakdown(effective_block_x, base_global)
                                   ^^^^^^^^^^^^^^^^^^^^^^^^^^^^^^^^^^^^^^^^^^^^^^^^^^^^^^^^^^
  File "/home/srajput/flipflop/cuda_kernel_energy_empirical/predictive_model/PTXAnalyzer.py", line 433, in _coalescing_breakdown
    coalesce_factor = self._calculate_coalesce_factor(stride_analysis)
                      ^^^^^^^^^^^^^^^^^^^^^^^^^^^^^^^
AttributeError: 'PTXAnalyzer' object has no attribute '_calculate_coalesce_factor'
Experiment completed: Kernel=mha.cu, block=(256,4), grid=(256,1), DataSize=131072
--------------------------------------------------
Kernel:       mha.cu
Config:       kernel_launch_configs/config_mha.json
Block shape:  (512, 2) => total threads = 1024
Grid:         (256, 1)
DataSize:     131072
Runs:         20
--------------------------------------------------
Traceback (most recent call last):
  File "/home/srajput/flipflop/cuda_kernel_energy_empirical/predictive_model/energy_model.py", line 195, in <module>
    main()
  File "/home/srajput/flipflop/cuda_kernel_energy_empirical/predictive_model/energy_model.py", line 123, in main
    analysis = analyzer.analyze()
               ^^^^^^^^^^^^^^^^^^
  File "/home/srajput/flipflop/cuda_kernel_energy_empirical/predictive_model/PTXAnalyzer.py", line 78, in analyze
    (mem_coal, mem_un, mem_part) = self._coalescing_breakdown(effective_block_x, base_global)
                                   ^^^^^^^^^^^^^^^^^^^^^^^^^^^^^^^^^^^^^^^^^^^^^^^^^^^^^^^^^^
  File "/home/srajput/flipflop/cuda_kernel_energy_empirical/predictive_model/PTXAnalyzer.py", line 433, in _coalescing_breakdown
    coalesce_factor = self._calculate_coalesce_factor(stride_analysis)
                      ^^^^^^^^^^^^^^^^^^^^^^^^^^^^^^^
AttributeError: 'PTXAnalyzer' object has no attribute '_calculate_coalesce_factor'
Experiment completed: Kernel=mha.cu, block=(512,2), grid=(256,1), DataSize=131072
--------------------------------------------------
Kernel:       mha.cu
Config:       kernel_launch_configs/config_mha.json
Block shape:  (1024, 1) => total threads = 1024
Grid:         (256, 1)
DataSize:     131072
Runs:         20
--------------------------------------------------
Traceback (most recent call last):
  File "/home/srajput/flipflop/cuda_kernel_energy_empirical/predictive_model/energy_model.py", line 195, in <module>
    main()
  File "/home/srajput/flipflop/cuda_kernel_energy_empirical/predictive_model/energy_model.py", line 123, in main
    analysis = analyzer.analyze()
               ^^^^^^^^^^^^^^^^^^
  File "/home/srajput/flipflop/cuda_kernel_energy_empirical/predictive_model/PTXAnalyzer.py", line 78, in analyze
    (mem_coal, mem_un, mem_part) = self._coalescing_breakdown(effective_block_x, base_global)
                                   ^^^^^^^^^^^^^^^^^^^^^^^^^^^^^^^^^^^^^^^^^^^^^^^^^^^^^^^^^^
  File "/home/srajput/flipflop/cuda_kernel_energy_empirical/predictive_model/PTXAnalyzer.py", line 433, in _coalescing_breakdown
    coalesce_factor = self._calculate_coalesce_factor(stride_analysis)
                      ^^^^^^^^^^^^^^^^^^^^^^^^^^^^^^^
AttributeError: 'PTXAnalyzer' object has no attribute '_calculate_coalesce_factor'
Experiment completed: Kernel=mha.cu, block=(1024,1), grid=(256,1), DataSize=131072
All experiments completed.
Results saved in: experiment-results/results-20250318-144415.csv
