--------------------------------------------------
Kernel:       mha.cu
Config:       kernel_launch_configs/config_mha.json
Block shape:  (1, 32) => total threads = 32
Grid:         (256, 1)
DataSize:     131072
Runs:         20
--------------------------------------------------
Grid: 256x1, Block: 1x32
[RESULT] Kernel=mha
Analysis = KernelAnalysis(mem_coal=12, mem_uncoal=0, mem_partial=0, local_insts=0, shared_insts=0, synch_insts=0, fp_insts=0, int_insts=0, sfu_insts=0, alu_insts=0, total_insts=12, registers_per_thread=32, shared_mem_bytes=0, block_x=1, block_y=32)
Estimated Time (ns) = 2759518.85
Actual Time   (ns) = 52368.00
-> Diff (%) = 5169.48
WarpsPerSM = 1.00
Predicted Power (W) = 193.05
Actual Power (W) = 58.05
MemCoal=12
MemUncoal=0
MemPartial=0
LocalInsts=0
SharedInsts=0
SynchInsts=0
FpInsts=0
IntInsts=0
SfuInsts=0
AluInsts=0
TotalInsts=12
RegsPerThread=32
SharedMemBytes=0
GridX=256
GridY=1
BlockX=1
BlockY=32
Experiment completed: Kernel=mha.cu, block=(1,32), grid=(256,1), DataSize=131072
--------------------------------------------------
Kernel:       mha.cu
Config:       kernel_launch_configs/config_mha.json
Block shape:  (2, 16) => total threads = 32
Grid:         (256, 1)
DataSize:     131072
Runs:         20
--------------------------------------------------
Grid: 256x1, Block: 2x16
[RESULT] Kernel=mha
Analysis = KernelAnalysis(mem_coal=12, mem_uncoal=0, mem_partial=0, local_insts=0, shared_insts=0, synch_insts=0, fp_insts=0, int_insts=0, sfu_insts=0, alu_insts=0, total_insts=12, registers_per_thread=32, shared_mem_bytes=0, block_x=2, block_y=16)
Estimated Time (ns) = 2701015.79
Actual Time   (ns) = 53248.00
-> Diff (%) = 4972.52
WarpsPerSM = 1.00
Predicted Power (W) = 193.05
Actual Power (W) = 57.69
MemCoal=12
MemUncoal=0
MemPartial=0
LocalInsts=0
SharedInsts=0
SynchInsts=0
FpInsts=0
IntInsts=0
SfuInsts=0
AluInsts=0
TotalInsts=12
RegsPerThread=32
SharedMemBytes=0
GridX=256
GridY=1
BlockX=2
BlockY=16
Experiment completed: Kernel=mha.cu, block=(2,16), grid=(256,1), DataSize=131072
--------------------------------------------------
Kernel:       mha.cu
Config:       kernel_launch_configs/config_mha.json
Block shape:  (4, 8) => total threads = 32
Grid:         (256, 1)
DataSize:     131072
Runs:         20
--------------------------------------------------
Grid: 256x1, Block: 4x8
[RESULT] Kernel=mha
Analysis = KernelAnalysis(mem_coal=12, mem_uncoal=0, mem_partial=0, local_insts=0, shared_insts=0, synch_insts=0, fp_insts=0, int_insts=0, sfu_insts=0, alu_insts=0, total_insts=12, registers_per_thread=32, shared_mem_bytes=0, block_x=4, block_y=8)
Estimated Time (ns) = 2584009.68
Actual Time   (ns) = 29152.00
-> Diff (%) = 8763.92
WarpsPerSM = 1.00
Predicted Power (W) = 193.07
Actual Power (W) = 57.48
MemCoal=12
MemUncoal=0
MemPartial=0
LocalInsts=0
SharedInsts=0
SynchInsts=0
FpInsts=0
IntInsts=0
SfuInsts=0
AluInsts=0
TotalInsts=12
RegsPerThread=32
SharedMemBytes=0
GridX=256
GridY=1
BlockX=4
BlockY=8
Experiment completed: Kernel=mha.cu, block=(4,8), grid=(256,1), DataSize=131072
--------------------------------------------------
Kernel:       mha.cu
Config:       kernel_launch_configs/config_mha.json
Block shape:  (8, 4) => total threads = 32
Grid:         (256, 1)
DataSize:     131072
Runs:         20
--------------------------------------------------
Grid: 256x1, Block: 8x4
[RESULT] Kernel=mha
Analysis = KernelAnalysis(mem_coal=12, mem_uncoal=0, mem_partial=0, local_insts=0, shared_insts=0, synch_insts=0, fp_insts=0, int_insts=0, sfu_insts=0, alu_insts=0, total_insts=12, registers_per_thread=32, shared_mem_bytes=0, block_x=8, block_y=4)
Estimated Time (ns) = 2349997.46
Actual Time   (ns) = 54272.00
-> Diff (%) = 4230.04
WarpsPerSM = 1.00
Predicted Power (W) = 193.11
Actual Power (W) = 57.34
MemCoal=12
MemUncoal=0
MemPartial=0
LocalInsts=0
SharedInsts=0
SynchInsts=0
FpInsts=0
IntInsts=0
SfuInsts=0
AluInsts=0
TotalInsts=12
RegsPerThread=32
SharedMemBytes=0
GridX=256
GridY=1
BlockX=8
BlockY=4
Experiment completed: Kernel=mha.cu, block=(8,4), grid=(256,1), DataSize=131072
--------------------------------------------------
Kernel:       mha.cu
Config:       kernel_launch_configs/config_mha.json
Block shape:  (16, 2) => total threads = 32
Grid:         (256, 1)
DataSize:     131072
Runs:         20
--------------------------------------------------
Grid: 256x1, Block: 16x2
[RESULT] Kernel=mha
Analysis = KernelAnalysis(mem_coal=12, mem_uncoal=0, mem_partial=0, local_insts=0, shared_insts=0, synch_insts=0, fp_insts=0, int_insts=0, sfu_insts=0, alu_insts=0, total_insts=12, registers_per_thread=32, shared_mem_bytes=0, block_x=16, block_y=2)
Estimated Time (ns) = 1881973.00
Actual Time   (ns) = 53888.00
-> Diff (%) = 3392.38
WarpsPerSM = 1.00
Predicted Power (W) = 193.22
Actual Power (W) = 57.38
MemCoal=12
MemUncoal=0
MemPartial=0
LocalInsts=0
SharedInsts=0
SynchInsts=0
FpInsts=0
IntInsts=0
SfuInsts=0
AluInsts=0
TotalInsts=12
RegsPerThread=32
SharedMemBytes=0
GridX=256
GridY=1
BlockX=16
BlockY=2
Experiment completed: Kernel=mha.cu, block=(16,2), grid=(256,1), DataSize=131072
--------------------------------------------------
Kernel:       mha.cu
Config:       kernel_launch_configs/config_mha.json
Block shape:  (32, 1) => total threads = 32
Grid:         (256, 1)
DataSize:     131072
Runs:         20
--------------------------------------------------
Grid: 256x1, Block: 32x1
[RESULT] Kernel=mha
Analysis = KernelAnalysis(mem_coal=12, mem_uncoal=0, mem_partial=0, local_insts=0, shared_insts=0, synch_insts=0, fp_insts=0, int_insts=0, sfu_insts=0, alu_insts=0, total_insts=12, registers_per_thread=32, shared_mem_bytes=0, block_x=32, block_y=1)
Estimated Time (ns) = 802309.48
Actual Time   (ns) = 62464.00
-> Diff (%) = 1184.44
WarpsPerSM = 1.00
Predicted Power (W) = 177.80
Actual Power (W) = 57.27
MemCoal=12
MemUncoal=0
MemPartial=0
LocalInsts=0
SharedInsts=0
SynchInsts=0
FpInsts=0
IntInsts=0
SfuInsts=0
AluInsts=0
TotalInsts=12
RegsPerThread=32
SharedMemBytes=0
GridX=256
GridY=1
BlockX=32
BlockY=1
Experiment completed: Kernel=mha.cu, block=(32,1), grid=(256,1), DataSize=131072
--------------------------------------------------
Kernel:       mha.cu
Config:       kernel_launch_configs/config_mha.json
Block shape:  (1, 64) => total threads = 64
Grid:         (256, 1)
DataSize:     131072
Runs:         20
--------------------------------------------------
Grid: 256x1, Block: 1x64
[RESULT] Kernel=mha
Analysis = KernelAnalysis(mem_coal=12, mem_uncoal=0, mem_partial=0, local_insts=0, shared_insts=0, synch_insts=0, fp_insts=0, int_insts=0, sfu_insts=0, alu_insts=0, total_insts=12, registers_per_thread=32, shared_mem_bytes=0, block_x=1, block_y=64)
Estimated Time (ns) = 5509162.50
Actual Time   (ns) = 53248.00
-> Diff (%) = 10246.23
WarpsPerSM = 2.00
Predicted Power (W) = 193.05
Actual Power (W) = 57.17
MemCoal=12
MemUncoal=0
MemPartial=0
LocalInsts=0
SharedInsts=0
SynchInsts=0
FpInsts=0
IntInsts=0
SfuInsts=0
AluInsts=0
TotalInsts=12
RegsPerThread=32
SharedMemBytes=0
GridX=256
GridY=1
BlockX=1
BlockY=64
Experiment completed: Kernel=mha.cu, block=(1,64), grid=(256,1), DataSize=131072
--------------------------------------------------
Kernel:       mha.cu
Config:       kernel_launch_configs/config_mha.json
Block shape:  (2, 32) => total threads = 64
Grid:         (256, 1)
DataSize:     131072
Runs:         20
--------------------------------------------------
Grid: 256x1, Block: 2x32
[RESULT] Kernel=mha
Analysis = KernelAnalysis(mem_coal=12, mem_uncoal=0, mem_partial=0, local_insts=0, shared_insts=0, synch_insts=0, fp_insts=0, int_insts=0, sfu_insts=0, alu_insts=0, total_insts=12, registers_per_thread=32, shared_mem_bytes=0, block_x=2, block_y=32)
Estimated Time (ns) = 5392156.39
Actual Time   (ns) = 53248.00
-> Diff (%) = 10026.50
WarpsPerSM = 2.00
Predicted Power (W) = 193.06
Actual Power (W) = 57.15
MemCoal=12
MemUncoal=0
MemPartial=0
LocalInsts=0
SharedInsts=0
SynchInsts=0
FpInsts=0
IntInsts=0
SfuInsts=0
AluInsts=0
TotalInsts=12
RegsPerThread=32
SharedMemBytes=0
GridX=256
GridY=1
BlockX=2
BlockY=32
Experiment completed: Kernel=mha.cu, block=(2,32), grid=(256,1), DataSize=131072
--------------------------------------------------
Kernel:       mha.cu
Config:       kernel_launch_configs/config_mha.json
Block shape:  (4, 16) => total threads = 64
Grid:         (256, 1)
DataSize:     131072
Runs:         20
--------------------------------------------------
Grid: 256x1, Block: 4x16
[RESULT] Kernel=mha
Analysis = KernelAnalysis(mem_coal=12, mem_uncoal=0, mem_partial=0, local_insts=0, shared_insts=0, synch_insts=0, fp_insts=0, int_insts=0, sfu_insts=0, alu_insts=0, total_insts=12, registers_per_thread=32, shared_mem_bytes=0, block_x=4, block_y=16)
Estimated Time (ns) = 5158144.16
Actual Time   (ns) = 32912.00
-> Diff (%) = 15572.53
WarpsPerSM = 2.00
Predicted Power (W) = 193.07
Actual Power (W) = 57.13
MemCoal=12
MemUncoal=0
MemPartial=0
LocalInsts=0
SharedInsts=0
SynchInsts=0
FpInsts=0
IntInsts=0
SfuInsts=0
AluInsts=0
TotalInsts=12
RegsPerThread=32
SharedMemBytes=0
GridX=256
GridY=1
BlockX=4
BlockY=16
Experiment completed: Kernel=mha.cu, block=(4,16), grid=(256,1), DataSize=131072
--------------------------------------------------
Kernel:       mha.cu
Config:       kernel_launch_configs/config_mha.json
Block shape:  (8, 8) => total threads = 64
Grid:         (256, 1)
DataSize:     131072
Runs:         20
--------------------------------------------------
Grid: 256x1, Block: 8x8
[RESULT] Kernel=mha
Analysis = KernelAnalysis(mem_coal=12, mem_uncoal=0, mem_partial=0, local_insts=0, shared_insts=0, synch_insts=0, fp_insts=0, int_insts=0, sfu_insts=0, alu_insts=0, total_insts=12, registers_per_thread=32, shared_mem_bytes=0, block_x=8, block_y=8)
Estimated Time (ns) = 4690119.71
Actual Time   (ns) = 52288.00
-> Diff (%) = 8869.78
WarpsPerSM = 2.00
Predicted Power (W) = 193.11
Actual Power (W) = 57.06
MemCoal=12
MemUncoal=0
MemPartial=0
LocalInsts=0
SharedInsts=0
SynchInsts=0
FpInsts=0
IntInsts=0
SfuInsts=0
AluInsts=0
TotalInsts=12
RegsPerThread=32
SharedMemBytes=0
GridX=256
GridY=1
BlockX=8
BlockY=8
Experiment completed: Kernel=mha.cu, block=(8,8), grid=(256,1), DataSize=131072
--------------------------------------------------
Kernel:       mha.cu
Config:       kernel_launch_configs/config_mha.json
Block shape:  (16, 4) => total threads = 64
Grid:         (256, 1)
DataSize:     131072
Runs:         20
--------------------------------------------------
Grid: 256x1, Block: 16x4
[RESULT] Kernel=mha
Analysis = KernelAnalysis(mem_coal=12, mem_uncoal=0, mem_partial=0, local_insts=0, shared_insts=0, synch_insts=0, fp_insts=0, int_insts=0, sfu_insts=0, alu_insts=0, total_insts=12, registers_per_thread=32, shared_mem_bytes=0, block_x=16, block_y=4)
Estimated Time (ns) = 3754070.81
Actual Time   (ns) = 44128.00
-> Diff (%) = 8407.23
WarpsPerSM = 2.00
Predicted Power (W) = 193.23
Actual Power (W) = 57.02
MemCoal=12
MemUncoal=0
MemPartial=0
LocalInsts=0
SharedInsts=0
SynchInsts=0
FpInsts=0
IntInsts=0
SfuInsts=0
AluInsts=0
TotalInsts=12
RegsPerThread=32
SharedMemBytes=0
GridX=256
GridY=1
BlockX=16
BlockY=4
Experiment completed: Kernel=mha.cu, block=(16,4), grid=(256,1), DataSize=131072
--------------------------------------------------
Kernel:       mha.cu
Config:       kernel_launch_configs/config_mha.json
Block shape:  (32, 2) => total threads = 64
Grid:         (256, 1)
DataSize:     131072
Runs:         20
--------------------------------------------------
Grid: 256x1, Block: 32x2
[RESULT] Kernel=mha
Analysis = KernelAnalysis(mem_coal=12, mem_uncoal=0, mem_partial=0, local_insts=0, shared_insts=0, synch_insts=0, fp_insts=0, int_insts=0, sfu_insts=0, alu_insts=0, total_insts=12, registers_per_thread=32, shared_mem_bytes=0, block_x=32, block_y=2)
Estimated Time (ns) = 1464979.83
Actual Time   (ns) = 54272.00
-> Diff (%) = 2599.33
WarpsPerSM = 2.00
Predicted Power (W) = 170.60
Actual Power (W) = 57.01
MemCoal=12
MemUncoal=0
MemPartial=0
LocalInsts=0
SharedInsts=0
SynchInsts=0
FpInsts=0
IntInsts=0
SfuInsts=0
AluInsts=0
TotalInsts=12
RegsPerThread=32
SharedMemBytes=0
GridX=256
GridY=1
BlockX=32
BlockY=2
Experiment completed: Kernel=mha.cu, block=(32,2), grid=(256,1), DataSize=131072
--------------------------------------------------
Kernel:       mha.cu
Config:       kernel_launch_configs/config_mha.json
Block shape:  (64, 1) => total threads = 64
Grid:         (256, 1)
DataSize:     131072
Runs:         20
--------------------------------------------------
Grid: 256x1, Block: 64x1
[RESULT] Kernel=mha
Analysis = KernelAnalysis(mem_coal=12, mem_uncoal=0, mem_partial=0, local_insts=0, shared_insts=0, synch_insts=0, fp_insts=0, int_insts=0, sfu_insts=0, alu_insts=0, total_insts=12, registers_per_thread=32, shared_mem_bytes=0, block_x=64, block_y=1)
Estimated Time (ns) = 1724507.69
Actual Time   (ns) = 62464.00
-> Diff (%) = 2660.80
WarpsPerSM = 2.00
Predicted Power (W) = 185.02
Actual Power (W) = 57.05
MemCoal=12
MemUncoal=0
MemPartial=0
LocalInsts=0
SharedInsts=0
SynchInsts=0
FpInsts=0
IntInsts=0
SfuInsts=0
AluInsts=0
TotalInsts=12
RegsPerThread=32
SharedMemBytes=0
GridX=256
GridY=1
BlockX=64
BlockY=1
Experiment completed: Kernel=mha.cu, block=(64,1), grid=(256,1), DataSize=131072
--------------------------------------------------
Kernel:       mha.cu
Config:       kernel_launch_configs/config_mha.json
Block shape:  (1, 128) => total threads = 128
Grid:         (256, 1)
DataSize:     131072
Runs:         20
--------------------------------------------------
Grid: 256x1, Block: 1x128
[RESULT] Kernel=mha
Analysis = KernelAnalysis(mem_coal=12, mem_uncoal=0, mem_partial=0, local_insts=0, shared_insts=0, synch_insts=0, fp_insts=0, int_insts=0, sfu_insts=0, alu_insts=0, total_insts=12, registers_per_thread=32, shared_mem_bytes=0, block_x=1, block_y=128)
Estimated Time (ns) = 11008449.80
Actual Time   (ns) = 63488.00
-> Diff (%) = 17239.42
WarpsPerSM = 4.00
Predicted Power (W) = 193.05
Actual Power (W) = 57.04
MemCoal=12
MemUncoal=0
MemPartial=0
LocalInsts=0
SharedInsts=0
SynchInsts=0
FpInsts=0
IntInsts=0
SfuInsts=0
AluInsts=0
TotalInsts=12
RegsPerThread=32
SharedMemBytes=0
GridX=256
GridY=1
BlockX=1
BlockY=128
Experiment completed: Kernel=mha.cu, block=(1,128), grid=(256,1), DataSize=131072
--------------------------------------------------
Kernel:       mha.cu
Config:       kernel_launch_configs/config_mha.json
Block shape:  (2, 64) => total threads = 128
Grid:         (256, 1)
DataSize:     131072
Runs:         20
--------------------------------------------------
Grid: 256x1, Block: 2x64
[RESULT] Kernel=mha
Analysis = KernelAnalysis(mem_coal=12, mem_uncoal=0, mem_partial=0, local_insts=0, shared_insts=0, synch_insts=0, fp_insts=0, int_insts=0, sfu_insts=0, alu_insts=0, total_insts=12, registers_per_thread=32, shared_mem_bytes=0, block_x=2, block_y=64)
Estimated Time (ns) = 10774437.58
Actual Time   (ns) = 54272.00
-> Diff (%) = 19752.66
WarpsPerSM = 4.00
Predicted Power (W) = 193.06
Actual Power (W) = 56.91
MemCoal=12
MemUncoal=0
MemPartial=0
LocalInsts=0
SharedInsts=0
SynchInsts=0
FpInsts=0
IntInsts=0
SfuInsts=0
AluInsts=0
TotalInsts=12
RegsPerThread=32
SharedMemBytes=0
GridX=256
GridY=1
BlockX=2
BlockY=64
Experiment completed: Kernel=mha.cu, block=(2,64), grid=(256,1), DataSize=131072
--------------------------------------------------
Kernel:       mha.cu
Config:       kernel_launch_configs/config_mha.json
Block shape:  (4, 32) => total threads = 128
Grid:         (256, 1)
DataSize:     131072
Runs:         20
--------------------------------------------------
Grid: 256x1, Block: 4x32
[RESULT] Kernel=mha
Analysis = KernelAnalysis(mem_coal=12, mem_uncoal=0, mem_partial=0, local_insts=0, shared_insts=0, synch_insts=0, fp_insts=0, int_insts=0, sfu_insts=0, alu_insts=0, total_insts=12, registers_per_thread=32, shared_mem_bytes=0, block_x=4, block_y=32)
Estimated Time (ns) = 10306413.13
Actual Time   (ns) = 62384.00
-> Diff (%) = 16420.92
WarpsPerSM = 4.00
Predicted Power (W) = 193.07
Actual Power (W) = 56.94
MemCoal=12
MemUncoal=0
MemPartial=0
LocalInsts=0
SharedInsts=0
SynchInsts=0
FpInsts=0
IntInsts=0
SfuInsts=0
AluInsts=0
TotalInsts=12
RegsPerThread=32
SharedMemBytes=0
GridX=256
GridY=1
BlockX=4
BlockY=32
Experiment completed: Kernel=mha.cu, block=(4,32), grid=(256,1), DataSize=131072
--------------------------------------------------
Kernel:       mha.cu
Config:       kernel_launch_configs/config_mha.json
Block shape:  (8, 16) => total threads = 128
Grid:         (256, 1)
DataSize:     131072
Runs:         20
--------------------------------------------------
Grid: 256x1, Block: 8x16
[RESULT] Kernel=mha
Analysis = KernelAnalysis(mem_coal=12, mem_uncoal=0, mem_partial=0, local_insts=0, shared_insts=0, synch_insts=0, fp_insts=0, int_insts=0, sfu_insts=0, alu_insts=0, total_insts=12, registers_per_thread=32, shared_mem_bytes=0, block_x=8, block_y=16)
Estimated Time (ns) = 9370364.22
Actual Time   (ns) = 62464.00
-> Diff (%) = 14901.22
WarpsPerSM = 4.00
Predicted Power (W) = 193.11
Actual Power (W) = 56.87
MemCoal=12
MemUncoal=0
MemPartial=0
LocalInsts=0
SharedInsts=0
SynchInsts=0
FpInsts=0
IntInsts=0
SfuInsts=0
AluInsts=0
TotalInsts=12
RegsPerThread=32
SharedMemBytes=0
GridX=256
GridY=1
BlockX=8
BlockY=16
Experiment completed: Kernel=mha.cu, block=(8,16), grid=(256,1), DataSize=131072
--------------------------------------------------
Kernel:       mha.cu
Config:       kernel_launch_configs/config_mha.json
Block shape:  (16, 8) => total threads = 128
Grid:         (256, 1)
DataSize:     131072
Runs:         20
--------------------------------------------------
Grid: 256x1, Block: 16x8
[RESULT] Kernel=mha
Analysis = KernelAnalysis(mem_coal=12, mem_uncoal=0, mem_partial=0, local_insts=0, shared_insts=0, synch_insts=0, fp_insts=0, int_insts=0, sfu_insts=0, alu_insts=0, total_insts=12, registers_per_thread=32, shared_mem_bytes=0, block_x=16, block_y=8)
Estimated Time (ns) = 7498266.42
Actual Time   (ns) = 53248.00
-> Diff (%) = 13981.78
WarpsPerSM = 4.00
Predicted Power (W) = 193.23
Actual Power (W) = 56.88
MemCoal=12
MemUncoal=0
MemPartial=0
LocalInsts=0
SharedInsts=0
SynchInsts=0
FpInsts=0
IntInsts=0
SfuInsts=0
AluInsts=0
TotalInsts=12
RegsPerThread=32
SharedMemBytes=0
GridX=256
GridY=1
BlockX=16
BlockY=8
Experiment completed: Kernel=mha.cu, block=(16,8), grid=(256,1), DataSize=131072
--------------------------------------------------
Kernel:       mha.cu
Config:       kernel_launch_configs/config_mha.json
Block shape:  (32, 4) => total threads = 128
Grid:         (256, 1)
DataSize:     131072
Runs:         20
--------------------------------------------------
Grid: 256x1, Block: 32x4
[RESULT] Kernel=mha
Analysis = KernelAnalysis(mem_coal=12, mem_uncoal=0, mem_partial=0, local_insts=0, shared_insts=0, synch_insts=0, fp_insts=0, int_insts=0, sfu_insts=0, alu_insts=0, total_insts=12, registers_per_thread=32, shared_mem_bytes=0, block_x=32, block_y=4)
Estimated Time (ns) = 4648942.56
Actual Time   (ns) = 62464.00
-> Diff (%) = 7342.60
WarpsPerSM = 4.00
Predicted Power (W) = 162.86
Actual Power (W) = 56.95
MemCoal=12
MemUncoal=0
MemPartial=0
LocalInsts=0
SharedInsts=0
SynchInsts=0
FpInsts=0
IntInsts=0
SfuInsts=0
AluInsts=0
TotalInsts=12
RegsPerThread=32
SharedMemBytes=0
GridX=256
GridY=1
BlockX=32
BlockY=4
Experiment completed: Kernel=mha.cu, block=(32,4), grid=(256,1), DataSize=131072
--------------------------------------------------
Kernel:       mha.cu
Config:       kernel_launch_configs/config_mha.json
Block shape:  (64, 2) => total threads = 128
Grid:         (256, 1)
DataSize:     131072
Runs:         20
--------------------------------------------------
Grid: 256x1, Block: 64x2
[RESULT] Kernel=mha
Analysis = KernelAnalysis(mem_coal=12, mem_uncoal=0, mem_partial=0, local_insts=0, shared_insts=0, synch_insts=0, fp_insts=0, int_insts=0, sfu_insts=0, alu_insts=0, total_insts=12, registers_per_thread=32, shared_mem_bytes=0, block_x=64, block_y=2)
Estimated Time (ns) = 5557363.49
Actual Time   (ns) = 41904.00
-> Diff (%) = 13162.13
WarpsPerSM = 4.00
Predicted Power (W) = 177.31
Actual Power (W) = 56.92
MemCoal=12
MemUncoal=0
MemPartial=0
LocalInsts=0
SharedInsts=0
SynchInsts=0
FpInsts=0
IntInsts=0
SfuInsts=0
AluInsts=0
TotalInsts=12
RegsPerThread=32
SharedMemBytes=0
GridX=256
GridY=1
BlockX=64
BlockY=2
Experiment completed: Kernel=mha.cu, block=(64,2), grid=(256,1), DataSize=131072
--------------------------------------------------
Kernel:       mha.cu
Config:       kernel_launch_configs/config_mha.json
Block shape:  (128, 1) => total threads = 128
Grid:         (256, 1)
DataSize:     131072
Runs:         20
--------------------------------------------------
Grid: 256x1, Block: 128x1
[RESULT] Kernel=mha
Analysis = KernelAnalysis(mem_coal=12, mem_uncoal=0, mem_partial=0, local_insts=0, shared_insts=0, synch_insts=0, fp_insts=0, int_insts=0, sfu_insts=0, alu_insts=0, total_insts=12, registers_per_thread=32, shared_mem_bytes=0, block_x=128, block_y=1)
Estimated Time (ns) = 6465784.43
Actual Time   (ns) = 62576.00
-> Diff (%) = 10232.69
WarpsPerSM = 4.00
Predicted Power (W) = 191.76
Actual Power (W) = 56.92
MemCoal=12
MemUncoal=0
MemPartial=0
LocalInsts=0
SharedInsts=0
SynchInsts=0
FpInsts=0
IntInsts=0
SfuInsts=0
AluInsts=0
TotalInsts=12
RegsPerThread=32
SharedMemBytes=0
GridX=256
GridY=1
BlockX=128
BlockY=1
Experiment completed: Kernel=mha.cu, block=(128,1), grid=(256,1), DataSize=131072
--------------------------------------------------
Kernel:       mha.cu
Config:       kernel_launch_configs/config_mha.json
Block shape:  (1, 256) => total threads = 256
Grid:         (256, 1)
DataSize:     131072
Runs:         20
--------------------------------------------------
Grid: 256x1, Block: 1x256
[RESULT] Kernel=mha
Analysis = KernelAnalysis(mem_coal=12, mem_uncoal=0, mem_partial=0, local_insts=0, shared_insts=0, synch_insts=0, fp_insts=0, int_insts=0, sfu_insts=0, alu_insts=0, total_insts=12, registers_per_thread=32, shared_mem_bytes=0, block_x=1, block_y=256)
Estimated Time (ns) = 26221362.81
Actual Time   (ns) = 61440.00
-> Diff (%) = 42578.00
WarpsPerSM = 8.00
Predicted Power (W) = 192.99
Actual Power (W) = 56.85
MemCoal=12
MemUncoal=0
MemPartial=0
LocalInsts=0
SharedInsts=0
SynchInsts=0
FpInsts=0
IntInsts=0
SfuInsts=0
AluInsts=0
TotalInsts=12
RegsPerThread=32
SharedMemBytes=0
GridX=256
GridY=1
BlockX=1
BlockY=256
Experiment completed: Kernel=mha.cu, block=(1,256), grid=(256,1), DataSize=131072
--------------------------------------------------
Kernel:       mha.cu
Config:       kernel_launch_configs/config_mha.json
Block shape:  (2, 128) => total threads = 256
Grid:         (256, 1)
DataSize:     131072
Runs:         20
--------------------------------------------------
Grid: 256x1, Block: 2x128
[RESULT] Kernel=mha
Analysis = KernelAnalysis(mem_coal=12, mem_uncoal=0, mem_partial=0, local_insts=0, shared_insts=0, synch_insts=0, fp_insts=0, int_insts=0, sfu_insts=0, alu_insts=0, total_insts=12, registers_per_thread=32, shared_mem_bytes=0, block_x=2, block_y=128)
Estimated Time (ns) = 26221362.81
Actual Time   (ns) = 62464.00
-> Diff (%) = 41878.36
WarpsPerSM = 8.00
Predicted Power (W) = 192.99
Actual Power (W) = 56.89
MemCoal=12
MemUncoal=0
MemPartial=0
LocalInsts=0
SharedInsts=0
SynchInsts=0
FpInsts=0
IntInsts=0
SfuInsts=0
AluInsts=0
TotalInsts=12
RegsPerThread=32
SharedMemBytes=0
GridX=256
GridY=1
BlockX=2
BlockY=128
Experiment completed: Kernel=mha.cu, block=(2,128), grid=(256,1), DataSize=131072
--------------------------------------------------
Kernel:       mha.cu
Config:       kernel_launch_configs/config_mha.json
Block shape:  (4, 64) => total threads = 256
Grid:         (256, 1)
DataSize:     131072
Runs:         20
--------------------------------------------------
Grid: 256x1, Block: 4x64
[RESULT] Kernel=mha
Analysis = KernelAnalysis(mem_coal=12, mem_uncoal=0, mem_partial=0, local_insts=0, shared_insts=0, synch_insts=0, fp_insts=0, int_insts=0, sfu_insts=0, alu_insts=0, total_insts=12, registers_per_thread=32, shared_mem_bytes=0, block_x=4, block_y=64)
Estimated Time (ns) = 26221362.81
Actual Time   (ns) = 31264.00
-> Diff (%) = 83770.79
WarpsPerSM = 8.00
Predicted Power (W) = 192.99
Actual Power (W) = 56.85
MemCoal=12
MemUncoal=0
MemPartial=0
LocalInsts=0
SharedInsts=0
SynchInsts=0
FpInsts=0
IntInsts=0
SfuInsts=0
AluInsts=0
TotalInsts=12
RegsPerThread=32
SharedMemBytes=0
GridX=256
GridY=1
BlockX=4
BlockY=64
Experiment completed: Kernel=mha.cu, block=(4,64), grid=(256,1), DataSize=131072
--------------------------------------------------
Kernel:       mha.cu
Config:       kernel_launch_configs/config_mha.json
Block shape:  (8, 32) => total threads = 256
Grid:         (256, 1)
DataSize:     131072
Runs:         20
--------------------------------------------------
Grid: 256x1, Block: 8x32
[RESULT] Kernel=mha
Analysis = KernelAnalysis(mem_coal=12, mem_uncoal=0, mem_partial=0, local_insts=0, shared_insts=0, synch_insts=0, fp_insts=0, int_insts=0, sfu_insts=0, alu_insts=0, total_insts=12, registers_per_thread=32, shared_mem_bytes=0, block_x=8, block_y=32)
Estimated Time (ns) = 26221362.81
Actual Time   (ns) = 53824.00
-> Diff (%) = 48616.86
WarpsPerSM = 8.00
Predicted Power (W) = 192.99
Actual Power (W) = 56.86
MemCoal=12
MemUncoal=0
MemPartial=0
LocalInsts=0
SharedInsts=0
SynchInsts=0
FpInsts=0
IntInsts=0
SfuInsts=0
AluInsts=0
TotalInsts=12
RegsPerThread=32
SharedMemBytes=0
GridX=256
GridY=1
BlockX=8
BlockY=32
Experiment completed: Kernel=mha.cu, block=(8,32), grid=(256,1), DataSize=131072
--------------------------------------------------
Kernel:       mha.cu
Config:       kernel_launch_configs/config_mha.json
Block shape:  (16, 16) => total threads = 256
Grid:         (256, 1)
DataSize:     131072
Runs:         20
--------------------------------------------------
Grid: 256x1, Block: 16x16
[RESULT] Kernel=mha
Analysis = KernelAnalysis(mem_coal=12, mem_uncoal=0, mem_partial=0, local_insts=0, shared_insts=0, synch_insts=0, fp_insts=0, int_insts=0, sfu_insts=0, alu_insts=0, total_insts=12, registers_per_thread=32, shared_mem_bytes=0, block_x=16, block_y=16)
Estimated Time (ns) = 26221362.81
Actual Time   (ns) = 53904.00
-> Diff (%) = 48544.56
WarpsPerSM = 8.00
Predicted Power (W) = 192.99
Actual Power (W) = 56.76
MemCoal=12
MemUncoal=0
MemPartial=0
LocalInsts=0
SharedInsts=0
SynchInsts=0
FpInsts=0
IntInsts=0
SfuInsts=0
AluInsts=0
TotalInsts=12
RegsPerThread=32
SharedMemBytes=0
GridX=256
GridY=1
BlockX=16
BlockY=16
Experiment completed: Kernel=mha.cu, block=(16,16), grid=(256,1), DataSize=131072
--------------------------------------------------
Kernel:       mha.cu
Config:       kernel_launch_configs/config_mha.json
Block shape:  (32, 8) => total threads = 256
Grid:         (256, 1)
DataSize:     131072
Runs:         20
--------------------------------------------------
Grid: 256x1, Block: 32x8
[RESULT] Kernel=mha
Analysis = KernelAnalysis(mem_coal=12, mem_uncoal=0, mem_partial=0, local_insts=0, shared_insts=0, synch_insts=0, fp_insts=0, int_insts=0, sfu_insts=0, alu_insts=0, total_insts=12, registers_per_thread=32, shared_mem_bytes=0, block_x=32, block_y=8)
Estimated Time (ns) = 16749302.75
Actual Time   (ns) = 62720.00
-> Diff (%) = 26604.88
WarpsPerSM = 8.00
Predicted Power (W) = 155.27
Actual Power (W) = 56.83
MemCoal=12
MemUncoal=0
MemPartial=0
LocalInsts=0
SharedInsts=0
SynchInsts=0
FpInsts=0
IntInsts=0
SfuInsts=0
AluInsts=0
TotalInsts=12
RegsPerThread=32
SharedMemBytes=0
GridX=256
GridY=1
BlockX=32
BlockY=8
Experiment completed: Kernel=mha.cu, block=(32,8), grid=(256,1), DataSize=131072
--------------------------------------------------
Kernel:       mha.cu
Config:       kernel_launch_configs/config_mha.json
Block shape:  (64, 4) => total threads = 256
Grid:         (256, 1)
DataSize:     131072
Runs:         20
--------------------------------------------------
Grid: 256x1, Block: 64x4
[RESULT] Kernel=mha
Analysis = KernelAnalysis(mem_coal=12, mem_uncoal=0, mem_partial=0, local_insts=0, shared_insts=0, synch_insts=0, fp_insts=0, int_insts=0, sfu_insts=0, alu_insts=0, total_insts=12, registers_per_thread=32, shared_mem_bytes=0, block_x=64, block_y=4)
Estimated Time (ns) = 20382986.50
Actual Time   (ns) = 53248.00
-> Diff (%) = 38179.35
WarpsPerSM = 8.00
Predicted Power (W) = 169.73
Actual Power (W) = 56.86
MemCoal=12
MemUncoal=0
MemPartial=0
LocalInsts=0
SharedInsts=0
SynchInsts=0
FpInsts=0
IntInsts=0
SfuInsts=0
AluInsts=0
TotalInsts=12
RegsPerThread=32
SharedMemBytes=0
GridX=256
GridY=1
BlockX=64
BlockY=4
Experiment completed: Kernel=mha.cu, block=(64,4), grid=(256,1), DataSize=131072
--------------------------------------------------
Kernel:       mha.cu
Config:       kernel_launch_configs/config_mha.json
Block shape:  (128, 2) => total threads = 256
Grid:         (256, 1)
DataSize:     131072
Runs:         20
--------------------------------------------------
Grid: 256x1, Block: 128x2
[RESULT] Kernel=mha
Analysis = KernelAnalysis(mem_coal=12, mem_uncoal=0, mem_partial=0, local_insts=0, shared_insts=0, synch_insts=0, fp_insts=0, int_insts=0, sfu_insts=0, alu_insts=0, total_insts=12, registers_per_thread=32, shared_mem_bytes=0, block_x=128, block_y=2)
Estimated Time (ns) = 24016670.25
Actual Time   (ns) = 54272.00
-> Diff (%) = 44152.41
WarpsPerSM = 8.00
Predicted Power (W) = 184.20
Actual Power (W) = 56.79
MemCoal=12
MemUncoal=0
MemPartial=0
LocalInsts=0
SharedInsts=0
SynchInsts=0
FpInsts=0
IntInsts=0
SfuInsts=0
AluInsts=0
TotalInsts=12
RegsPerThread=32
SharedMemBytes=0
GridX=256
GridY=1
BlockX=128
BlockY=2
Experiment completed: Kernel=mha.cu, block=(128,2), grid=(256,1), DataSize=131072
--------------------------------------------------
Kernel:       mha.cu
Config:       kernel_launch_configs/config_mha.json
Block shape:  (256, 1) => total threads = 256
Grid:         (256, 1)
DataSize:     131072
Runs:         20
--------------------------------------------------
Grid: 256x1, Block: 256x1
[RESULT] Kernel=mha
Analysis = KernelAnalysis(mem_coal=12, mem_uncoal=0, mem_partial=0, local_insts=0, shared_insts=0, synch_insts=0, fp_insts=0, int_insts=0, sfu_insts=0, alu_insts=0, total_insts=12, registers_per_thread=32, shared_mem_bytes=0, block_x=256, block_y=1)
Estimated Time (ns) = 26221362.81
Actual Time   (ns) = 57344.00
-> Diff (%) = 45626.43
WarpsPerSM = 8.00
Predicted Power (W) = 192.99
Actual Power (W) = 56.73
MemCoal=12
MemUncoal=0
MemPartial=0
LocalInsts=0
SharedInsts=0
SynchInsts=0
FpInsts=0
IntInsts=0
SfuInsts=0
AluInsts=0
TotalInsts=12
RegsPerThread=32
SharedMemBytes=0
GridX=256
GridY=1
BlockX=256
BlockY=1
Experiment completed: Kernel=mha.cu, block=(256,1), grid=(256,1), DataSize=131072
--------------------------------------------------
Kernel:       mha.cu
Config:       kernel_launch_configs/config_mha.json
Block shape:  (1, 512) => total threads = 512
Grid:         (256, 1)
DataSize:     131072
Runs:         20
--------------------------------------------------
Grid: 256x1, Block: 1x512
[RESULT] Kernel=mha
Analysis = KernelAnalysis(mem_coal=12, mem_uncoal=0, mem_partial=0, local_insts=0, shared_insts=0, synch_insts=0, fp_insts=0, int_insts=0, sfu_insts=0, alu_insts=0, total_insts=12, registers_per_thread=32, shared_mem_bytes=0, block_x=1, block_y=512)
Estimated Time (ns) = 104855825.65
Actual Time   (ns) = 63488.00
-> Diff (%) = 165058.50
WarpsPerSM = 16.00
Predicted Power (W) = 192.83
Actual Power (W) = 56.69
MemCoal=12
MemUncoal=0
MemPartial=0
LocalInsts=0
SharedInsts=0
SynchInsts=0
FpInsts=0
IntInsts=0
SfuInsts=0
AluInsts=0
TotalInsts=12
RegsPerThread=32
SharedMemBytes=0
GridX=256
GridY=1
BlockX=1
BlockY=512
Experiment completed: Kernel=mha.cu, block=(1,512), grid=(256,1), DataSize=131072
--------------------------------------------------
Kernel:       mha.cu
Config:       kernel_launch_configs/config_mha.json
Block shape:  (2, 256) => total threads = 512
Grid:         (256, 1)
DataSize:     131072
Runs:         20
--------------------------------------------------
Grid: 256x1, Block: 2x256
[RESULT] Kernel=mha
Analysis = KernelAnalysis(mem_coal=12, mem_uncoal=0, mem_partial=0, local_insts=0, shared_insts=0, synch_insts=0, fp_insts=0, int_insts=0, sfu_insts=0, alu_insts=0, total_insts=12, registers_per_thread=32, shared_mem_bytes=0, block_x=2, block_y=256)
Estimated Time (ns) = 104855825.65
Actual Time   (ns) = 62576.00
-> Diff (%) = 167465.56
WarpsPerSM = 16.00
Predicted Power (W) = 192.83
Actual Power (W) = 56.75
MemCoal=12
MemUncoal=0
MemPartial=0
LocalInsts=0
SharedInsts=0
SynchInsts=0
FpInsts=0
IntInsts=0
SfuInsts=0
AluInsts=0
TotalInsts=12
RegsPerThread=32
SharedMemBytes=0
GridX=256
GridY=1
BlockX=2
BlockY=256
Experiment completed: Kernel=mha.cu, block=(2,256), grid=(256,1), DataSize=131072
--------------------------------------------------
Kernel:       mha.cu
Config:       kernel_launch_configs/config_mha.json
Block shape:  (4, 128) => total threads = 512
Grid:         (256, 1)
DataSize:     131072
Runs:         20
--------------------------------------------------
Grid: 256x1, Block: 4x128
[RESULT] Kernel=mha
Analysis = KernelAnalysis(mem_coal=12, mem_uncoal=0, mem_partial=0, local_insts=0, shared_insts=0, synch_insts=0, fp_insts=0, int_insts=0, sfu_insts=0, alu_insts=0, total_insts=12, registers_per_thread=32, shared_mem_bytes=0, block_x=4, block_y=128)
Estimated Time (ns) = 104855825.65
Actual Time   (ns) = 64560.00
-> Diff (%) = 162316.09
WarpsPerSM = 16.00
Predicted Power (W) = 192.83
Actual Power (W) = 56.75
MemCoal=12
MemUncoal=0
MemPartial=0
LocalInsts=0
SharedInsts=0
SynchInsts=0
FpInsts=0
IntInsts=0
SfuInsts=0
AluInsts=0
TotalInsts=12
RegsPerThread=32
SharedMemBytes=0
GridX=256
GridY=1
BlockX=4
BlockY=128
Experiment completed: Kernel=mha.cu, block=(4,128), grid=(256,1), DataSize=131072
--------------------------------------------------
Kernel:       mha.cu
Config:       kernel_launch_configs/config_mha.json
Block shape:  (8, 64) => total threads = 512
Grid:         (256, 1)
DataSize:     131072
Runs:         20
--------------------------------------------------
Grid: 256x1, Block: 8x64
[RESULT] Kernel=mha
Analysis = KernelAnalysis(mem_coal=12, mem_uncoal=0, mem_partial=0, local_insts=0, shared_insts=0, synch_insts=0, fp_insts=0, int_insts=0, sfu_insts=0, alu_insts=0, total_insts=12, registers_per_thread=32, shared_mem_bytes=0, block_x=8, block_y=64)
Estimated Time (ns) = 104855825.65
Actual Time   (ns) = 63040.00
-> Diff (%) = 166232.21
WarpsPerSM = 16.00
Predicted Power (W) = 192.83
Actual Power (W) = 56.75
MemCoal=12
MemUncoal=0
MemPartial=0
LocalInsts=0
SharedInsts=0
SynchInsts=0
FpInsts=0
IntInsts=0
SfuInsts=0
AluInsts=0
TotalInsts=12
RegsPerThread=32
SharedMemBytes=0
GridX=256
GridY=1
BlockX=8
BlockY=64
Experiment completed: Kernel=mha.cu, block=(8,64), grid=(256,1), DataSize=131072
--------------------------------------------------
Kernel:       mha.cu
Config:       kernel_launch_configs/config_mha.json
Block shape:  (16, 32) => total threads = 512
Grid:         (256, 1)
DataSize:     131072
Runs:         20
--------------------------------------------------
Grid: 256x1, Block: 16x32
[RESULT] Kernel=mha
Analysis = KernelAnalysis(mem_coal=12, mem_uncoal=0, mem_partial=0, local_insts=0, shared_insts=0, synch_insts=0, fp_insts=0, int_insts=0, sfu_insts=0, alu_insts=0, total_insts=12, registers_per_thread=32, shared_mem_bytes=0, block_x=16, block_y=32)
Estimated Time (ns) = 104855825.65
Actual Time   (ns) = 29696.00
-> Diff (%) = 352997.46
WarpsPerSM = 16.00
Predicted Power (W) = 192.83
Actual Power (W) = 56.71
MemCoal=12
MemUncoal=0
MemPartial=0
LocalInsts=0
SharedInsts=0
SynchInsts=0
FpInsts=0
IntInsts=0
SfuInsts=0
AluInsts=0
TotalInsts=12
RegsPerThread=32
SharedMemBytes=0
GridX=256
GridY=1
BlockX=16
BlockY=32
Experiment completed: Kernel=mha.cu, block=(16,32), grid=(256,1), DataSize=131072
--------------------------------------------------
Kernel:       mha.cu
Config:       kernel_launch_configs/config_mha.json
Block shape:  (32, 16) => total threads = 512
Grid:         (256, 1)
DataSize:     131072
Runs:         20
--------------------------------------------------
Grid: 256x1, Block: 32x16
[RESULT] Kernel=mha
Analysis = KernelAnalysis(mem_coal=12, mem_uncoal=0, mem_partial=0, local_insts=0, shared_insts=0, synch_insts=0, fp_insts=0, int_insts=0, sfu_insts=0, alu_insts=0, total_insts=12, registers_per_thread=32, shared_mem_bytes=0, block_x=32, block_y=16)
Estimated Time (ns) = 59700217.92
Actual Time   (ns) = 53424.00
-> Diff (%) = 111647.94
WarpsPerSM = 16.00
Predicted Power (W) = 147.85
Actual Power (W) = 56.63
MemCoal=12
MemUncoal=0
MemPartial=0
LocalInsts=0
SharedInsts=0
SynchInsts=0
FpInsts=0
IntInsts=0
SfuInsts=0
AluInsts=0
TotalInsts=12
RegsPerThread=32
SharedMemBytes=0
GridX=256
GridY=1
BlockX=32
BlockY=16
Experiment completed: Kernel=mha.cu, block=(32,16), grid=(256,1), DataSize=131072
--------------------------------------------------
Kernel:       mha.cu
Config:       kernel_launch_configs/config_mha.json
Block shape:  (64, 8) => total threads = 512
Grid:         (256, 1)
DataSize:     131072
Runs:         20
--------------------------------------------------
Grid: 256x1, Block: 64x8
[RESULT] Kernel=mha
Analysis = KernelAnalysis(mem_coal=12, mem_uncoal=0, mem_partial=0, local_insts=0, shared_insts=0, synch_insts=0, fp_insts=0, int_insts=0, sfu_insts=0, alu_insts=0, total_insts=12, registers_per_thread=32, shared_mem_bytes=0, block_x=64, block_y=8)
Estimated Time (ns) = 74234952.91
Actual Time   (ns) = 63360.00
-> Diff (%) = 117063.75
WarpsPerSM = 16.00
Predicted Power (W) = 162.32
Actual Power (W) = 56.65
MemCoal=12
MemUncoal=0
MemPartial=0
LocalInsts=0
SharedInsts=0
SynchInsts=0
FpInsts=0
IntInsts=0
SfuInsts=0
AluInsts=0
TotalInsts=12
RegsPerThread=32
SharedMemBytes=0
GridX=256
GridY=1
BlockX=64
BlockY=8
Experiment completed: Kernel=mha.cu, block=(64,8), grid=(256,1), DataSize=131072
--------------------------------------------------
Kernel:       mha.cu
Config:       kernel_launch_configs/config_mha.json
Block shape:  (128, 4) => total threads = 512
Grid:         (256, 1)
DataSize:     131072
Runs:         20
--------------------------------------------------
Grid: 256x1, Block: 128x4
[RESULT] Kernel=mha
Analysis = KernelAnalysis(mem_coal=12, mem_uncoal=0, mem_partial=0, local_insts=0, shared_insts=0, synch_insts=0, fp_insts=0, int_insts=0, sfu_insts=0, alu_insts=0, total_insts=12, registers_per_thread=32, shared_mem_bytes=0, block_x=128, block_y=4)
Estimated Time (ns) = 88769687.90
Actual Time   (ns) = 63488.00
-> Diff (%) = 139721.21
WarpsPerSM = 16.00
Predicted Power (W) = 176.80
Actual Power (W) = 56.74
MemCoal=12
MemUncoal=0
MemPartial=0
LocalInsts=0
SharedInsts=0
SynchInsts=0
FpInsts=0
IntInsts=0
SfuInsts=0
AluInsts=0
TotalInsts=12
RegsPerThread=32
SharedMemBytes=0
GridX=256
GridY=1
BlockX=128
BlockY=4
Experiment completed: Kernel=mha.cu, block=(128,4), grid=(256,1), DataSize=131072
--------------------------------------------------
Kernel:       mha.cu
Config:       kernel_launch_configs/config_mha.json
Block shape:  (256, 2) => total threads = 512
Grid:         (256, 1)
DataSize:     131072
Runs:         20
--------------------------------------------------
Grid: 256x1, Block: 256x2
[RESULT] Kernel=mha
Analysis = KernelAnalysis(mem_coal=12, mem_uncoal=0, mem_partial=0, local_insts=0, shared_insts=0, synch_insts=0, fp_insts=0, int_insts=0, sfu_insts=0, alu_insts=0, total_insts=12, registers_per_thread=32, shared_mem_bytes=0, block_x=256, block_y=2)
Estimated Time (ns) = 103304422.89
Actual Time   (ns) = 62528.00
-> Diff (%) = 165113.06
WarpsPerSM = 16.00
Predicted Power (W) = 191.28
Actual Power (W) = 56.93
MemCoal=12
MemUncoal=0
MemPartial=0
LocalInsts=0
SharedInsts=0
SynchInsts=0
FpInsts=0
IntInsts=0
SfuInsts=0
AluInsts=0
TotalInsts=12
RegsPerThread=32
SharedMemBytes=0
GridX=256
GridY=1
BlockX=256
BlockY=2
Experiment completed: Kernel=mha.cu, block=(256,2), grid=(256,1), DataSize=131072
--------------------------------------------------
Kernel:       mha.cu
Config:       kernel_launch_configs/config_mha.json
Block shape:  (512, 1) => total threads = 512
Grid:         (256, 1)
DataSize:     131072
Runs:         20
--------------------------------------------------
Grid: 256x1, Block: 512x1
Traceback (most recent call last):
  File "/home/srajput/flipflop/cuda_kernel_energy_empirical/predictive_model/energy_model.py", line 195, in <module>
    main()
  File "/home/srajput/flipflop/cuda_kernel_energy_empirical/predictive_model/energy_model.py", line 146, in main
    actual_us, actual_power = benchmark_kernel_with_power(kernel_func,
                              ^^^^^^^^^^^^^^^^^^^^^^^^^^^^^^^^^^^^^^^^
  File "/home/srajput/flipflop/cuda_kernel_energy_empirical/predictive_model/gpu_common.py", line 155, in benchmark_kernel_with_power
    cuda.Context.synchronize()
pycuda._driver.LogicError: cuCtxSynchronize failed: an illegal memory access was encountered
PyCUDA WARNING: a clean-up operation failed (dead context maybe?)
cuEventDestroy failed: an illegal memory access was encountered
PyCUDA WARNING: a clean-up operation failed (dead context maybe?)
cuEventDestroy failed: an illegal memory access was encountered
PyCUDA WARNING: a clean-up operation failed (dead context maybe?)
cuMemFree failed: an illegal memory access was encountered
PyCUDA WARNING: a clean-up operation failed (dead context maybe?)
cuMemFree failed: an illegal memory access was encountered
PyCUDA WARNING: a clean-up operation failed (dead context maybe?)
cuMemFree failed: an illegal memory access was encountered
PyCUDA WARNING: a clean-up operation failed (dead context maybe?)
cuMemFree failed: an illegal memory access was encountered
PyCUDA WARNING: a clean-up operation failed (dead context maybe?)
cuModuleUnload failed: an illegal memory access was encountered
Experiment completed: Kernel=mha.cu, block=(512,1), grid=(256,1), DataSize=131072
--------------------------------------------------
Kernel:       mha.cu
Config:       kernel_launch_configs/config_mha.json
Block shape:  (1, 1024) => total threads = 1024
Grid:         (256, 1)
DataSize:     131072
Runs:         20
--------------------------------------------------
Grid: 256x1, Block: 1x1024
[RESULT] Kernel=mha
Analysis = KernelAnalysis(mem_coal=12, mem_uncoal=0, mem_partial=0, local_insts=0, shared_insts=0, synch_insts=0, fp_insts=0, int_insts=0, sfu_insts=0, alu_insts=0, total_insts=12, registers_per_thread=32, shared_mem_bytes=0, block_x=1, block_y=1024)
Estimated Time (ns) = 419393677.00
Actual Time   (ns) = 53344.00
-> Diff (%) = 786105.90
WarpsPerSM = 32.00
Predicted Power (W) = 192.75
Actual Power (W) = 80.56
MemCoal=12
MemUncoal=0
MemPartial=0
LocalInsts=0
SharedInsts=0
SynchInsts=0
FpInsts=0
IntInsts=0
SfuInsts=0
AluInsts=0
TotalInsts=12
RegsPerThread=32
SharedMemBytes=0
GridX=256
GridY=1
BlockX=1
BlockY=1024
Experiment completed: Kernel=mha.cu, block=(1,1024), grid=(256,1), DataSize=131072
--------------------------------------------------
Kernel:       mha.cu
Config:       kernel_launch_configs/config_mha.json
Block shape:  (2, 512) => total threads = 1024
Grid:         (256, 1)
DataSize:     131072
Runs:         20
--------------------------------------------------
Grid: 256x1, Block: 2x512
[RESULT] Kernel=mha
Analysis = KernelAnalysis(mem_coal=12, mem_uncoal=0, mem_partial=0, local_insts=0, shared_insts=0, synch_insts=0, fp_insts=0, int_insts=0, sfu_insts=0, alu_insts=0, total_insts=12, registers_per_thread=32, shared_mem_bytes=0, block_x=2, block_y=512)
Estimated Time (ns) = 419393677.00
Actual Time   (ns) = 63440.00
-> Diff (%) = 660987.15
WarpsPerSM = 32.00
Predicted Power (W) = 192.75
Actual Power (W) = 57.73
MemCoal=12
MemUncoal=0
MemPartial=0
LocalInsts=0
SharedInsts=0
SynchInsts=0
FpInsts=0
IntInsts=0
SfuInsts=0
AluInsts=0
TotalInsts=12
RegsPerThread=32
SharedMemBytes=0
GridX=256
GridY=1
BlockX=2
BlockY=512
Experiment completed: Kernel=mha.cu, block=(2,512), grid=(256,1), DataSize=131072
--------------------------------------------------
Kernel:       mha.cu
Config:       kernel_launch_configs/config_mha.json
Block shape:  (4, 256) => total threads = 1024
Grid:         (256, 1)
DataSize:     131072
Runs:         20
--------------------------------------------------
Grid: 256x1, Block: 4x256
[RESULT] Kernel=mha
Analysis = KernelAnalysis(mem_coal=12, mem_uncoal=0, mem_partial=0, local_insts=0, shared_insts=0, synch_insts=0, fp_insts=0, int_insts=0, sfu_insts=0, alu_insts=0, total_insts=12, registers_per_thread=32, shared_mem_bytes=0, block_x=4, block_y=256)
Estimated Time (ns) = 419393677.00
Actual Time   (ns) = 55392.00
-> Diff (%) = 757037.62
WarpsPerSM = 32.00
Predicted Power (W) = 192.75
Actual Power (W) = 56.84
MemCoal=12
MemUncoal=0
MemPartial=0
LocalInsts=0
SharedInsts=0
SynchInsts=0
FpInsts=0
IntInsts=0
SfuInsts=0
AluInsts=0
TotalInsts=12
RegsPerThread=32
SharedMemBytes=0
GridX=256
GridY=1
BlockX=4
BlockY=256
Experiment completed: Kernel=mha.cu, block=(4,256), grid=(256,1), DataSize=131072
--------------------------------------------------
Kernel:       mha.cu
Config:       kernel_launch_configs/config_mha.json
Block shape:  (8, 128) => total threads = 1024
Grid:         (256, 1)
DataSize:     131072
Runs:         20
--------------------------------------------------
Grid: 256x1, Block: 8x128
[RESULT] Kernel=mha
Analysis = KernelAnalysis(mem_coal=12, mem_uncoal=0, mem_partial=0, local_insts=0, shared_insts=0, synch_insts=0, fp_insts=0, int_insts=0, sfu_insts=0, alu_insts=0, total_insts=12, registers_per_thread=32, shared_mem_bytes=0, block_x=8, block_y=128)
Estimated Time (ns) = 419393677.00
Actual Time   (ns) = 53248.00
-> Diff (%) = 787523.35
WarpsPerSM = 32.00
Predicted Power (W) = 192.75
Actual Power (W) = 56.87
MemCoal=12
MemUncoal=0
MemPartial=0
LocalInsts=0
SharedInsts=0
SynchInsts=0
FpInsts=0
IntInsts=0
SfuInsts=0
AluInsts=0
TotalInsts=12
RegsPerThread=32
SharedMemBytes=0
GridX=256
GridY=1
BlockX=8
BlockY=128
Experiment completed: Kernel=mha.cu, block=(8,128), grid=(256,1), DataSize=131072
--------------------------------------------------
Kernel:       mha.cu
Config:       kernel_launch_configs/config_mha.json
Block shape:  (16, 64) => total threads = 1024
Grid:         (256, 1)
DataSize:     131072
Runs:         20
--------------------------------------------------
Grid: 256x1, Block: 16x64
[RESULT] Kernel=mha
Analysis = KernelAnalysis(mem_coal=12, mem_uncoal=0, mem_partial=0, local_insts=0, shared_insts=0, synch_insts=0, fp_insts=0, int_insts=0, sfu_insts=0, alu_insts=0, total_insts=12, registers_per_thread=32, shared_mem_bytes=0, block_x=16, block_y=64)
Estimated Time (ns) = 419393677.00
Actual Time   (ns) = 63488.00
-> Diff (%) = 660487.33
WarpsPerSM = 32.00
Predicted Power (W) = 192.75
Actual Power (W) = 56.76
MemCoal=12
MemUncoal=0
MemPartial=0
LocalInsts=0
SharedInsts=0
SynchInsts=0
FpInsts=0
IntInsts=0
SfuInsts=0
AluInsts=0
TotalInsts=12
RegsPerThread=32
SharedMemBytes=0
GridX=256
GridY=1
BlockX=16
BlockY=64
Experiment completed: Kernel=mha.cu, block=(16,64), grid=(256,1), DataSize=131072
--------------------------------------------------
Kernel:       mha.cu
Config:       kernel_launch_configs/config_mha.json
Block shape:  (32, 32) => total threads = 1024
Grid:         (256, 1)
DataSize:     131072
Runs:         20
--------------------------------------------------
Grid: 256x1, Block: 32x32
[RESULT] Kernel=mha
Analysis = KernelAnalysis(mem_coal=12, mem_uncoal=0, mem_partial=0, local_insts=0, shared_insts=0, synch_insts=0, fp_insts=0, int_insts=1, sfu_insts=0, alu_insts=0, total_insts=13, registers_per_thread=32, shared_mem_bytes=0, block_x=32, block_y=32)
Estimated Time (ns) = 209701794.02
Actual Time   (ns) = 53248.00
-> Diff (%) = 393720.98
WarpsPerSM = 32.00
Predicted Power (W) = 140.52
Actual Power (W) = 56.78
MemCoal=12
MemUncoal=0
MemPartial=0
LocalInsts=0
SharedInsts=0
SynchInsts=0
FpInsts=0
IntInsts=1
SfuInsts=0
AluInsts=0
TotalInsts=13
RegsPerThread=32
SharedMemBytes=0
GridX=256
GridY=1
BlockX=32
BlockY=32
Experiment completed: Kernel=mha.cu, block=(32,32), grid=(256,1), DataSize=131072
--------------------------------------------------
Kernel:       mha.cu
Config:       kernel_launch_configs/config_mha.json
Block shape:  (64, 16) => total threads = 1024
Grid:         (256, 1)
DataSize:     131072
Runs:         20
--------------------------------------------------
Grid: 256x1, Block: 64x16
[RESULT] Kernel=mha
Analysis = KernelAnalysis(mem_coal=12, mem_uncoal=0, mem_partial=0, local_insts=0, shared_insts=0, synch_insts=0, fp_insts=0, int_insts=1, sfu_insts=0, alu_insts=0, total_insts=13, registers_per_thread=32, shared_mem_bytes=0, block_x=64, block_y=16)
Estimated Time (ns) = 267840738.95
Actual Time   (ns) = 62624.00
-> Diff (%) = 427596.63
WarpsPerSM = 32.00
Predicted Power (W) = 155.00
Actual Power (W) = 56.84
MemCoal=12
MemUncoal=0
MemPartial=0
LocalInsts=0
SharedInsts=0
SynchInsts=0
FpInsts=0
IntInsts=1
SfuInsts=0
AluInsts=0
TotalInsts=13
RegsPerThread=32
SharedMemBytes=0
GridX=256
GridY=1
BlockX=64
BlockY=16
Experiment completed: Kernel=mha.cu, block=(64,16), grid=(256,1), DataSize=131072
--------------------------------------------------
Kernel:       mha.cu
Config:       kernel_launch_configs/config_mha.json
Block shape:  (128, 8) => total threads = 1024
Grid:         (256, 1)
DataSize:     131072
Runs:         20
--------------------------------------------------
Grid: 256x1, Block: 128x8
[RESULT] Kernel=mha
Analysis = KernelAnalysis(mem_coal=12, mem_uncoal=0, mem_partial=0, local_insts=0, shared_insts=0, synch_insts=0, fp_insts=0, int_insts=1, sfu_insts=0, alu_insts=0, total_insts=13, registers_per_thread=32, shared_mem_bytes=0, block_x=128, block_y=8)
Estimated Time (ns) = 325979683.87
Actual Time   (ns) = 43584.00
-> Diff (%) = 747834.29
WarpsPerSM = 32.00
Predicted Power (W) = 169.48
Actual Power (W) = 56.71
MemCoal=12
MemUncoal=0
MemPartial=0
LocalInsts=0
SharedInsts=0
SynchInsts=0
FpInsts=0
IntInsts=1
SfuInsts=0
AluInsts=0
TotalInsts=13
RegsPerThread=32
SharedMemBytes=0
GridX=256
GridY=1
BlockX=128
BlockY=8
Experiment completed: Kernel=mha.cu, block=(128,8), grid=(256,1), DataSize=131072
--------------------------------------------------
Kernel:       mha.cu
Config:       kernel_launch_configs/config_mha.json
Block shape:  (256, 4) => total threads = 1024
Grid:         (256, 1)
DataSize:     131072
Runs:         20
--------------------------------------------------
Grid: 256x1, Block: 256x4
[RESULT] Kernel=mha
Analysis = KernelAnalysis(mem_coal=12, mem_uncoal=0, mem_partial=0, local_insts=0, shared_insts=0, synch_insts=0, fp_insts=0, int_insts=1, sfu_insts=0, alu_insts=0, total_insts=13, registers_per_thread=32, shared_mem_bytes=0, block_x=256, block_y=4)
Estimated Time (ns) = 384118628.80
Actual Time   (ns) = 52720.00
-> Diff (%) = 728501.36
WarpsPerSM = 32.00
Predicted Power (W) = 183.97
Actual Power (W) = 56.74
MemCoal=12
MemUncoal=0
MemPartial=0
LocalInsts=0
SharedInsts=0
SynchInsts=0
FpInsts=0
IntInsts=1
SfuInsts=0
AluInsts=0
TotalInsts=13
RegsPerThread=32
SharedMemBytes=0
GridX=256
GridY=1
BlockX=256
BlockY=4
Experiment completed: Kernel=mha.cu, block=(256,4), grid=(256,1), DataSize=131072
--------------------------------------------------
Kernel:       mha.cu
Config:       kernel_launch_configs/config_mha.json
Block shape:  (512, 2) => total threads = 1024
Grid:         (256, 1)
DataSize:     131072
Runs:         20
--------------------------------------------------
Grid: 256x1, Block: 512x2
Traceback (most recent call last):
  File "/home/srajput/flipflop/cuda_kernel_energy_empirical/predictive_model/energy_model.py", line 195, in <module>
    main()
  File "/home/srajput/flipflop/cuda_kernel_energy_empirical/predictive_model/energy_model.py", line 146, in main
    actual_us, actual_power = benchmark_kernel_with_power(kernel_func,
                              ^^^^^^^^^^^^^^^^^^^^^^^^^^^^^^^^^^^^^^^^
  File "/home/srajput/flipflop/cuda_kernel_energy_empirical/predictive_model/gpu_common.py", line 155, in benchmark_kernel_with_power
    cuda.Context.synchronize()
pycuda._driver.LogicError: cuCtxSynchronize failed: an illegal memory access was encountered
PyCUDA WARNING: a clean-up operation failed (dead context maybe?)
cuEventDestroy failed: an illegal memory access was encountered
PyCUDA WARNING: a clean-up operation failed (dead context maybe?)
cuEventDestroy failed: an illegal memory access was encountered
PyCUDA WARNING: a clean-up operation failed (dead context maybe?)
cuMemFree failed: an illegal memory access was encountered
PyCUDA WARNING: a clean-up operation failed (dead context maybe?)
cuMemFree failed: an illegal memory access was encountered
PyCUDA WARNING: a clean-up operation failed (dead context maybe?)
cuMemFree failed: an illegal memory access was encountered
PyCUDA WARNING: a clean-up operation failed (dead context maybe?)
cuMemFree failed: an illegal memory access was encountered
PyCUDA WARNING: a clean-up operation failed (dead context maybe?)
cuModuleUnload failed: an illegal memory access was encountered
Experiment completed: Kernel=mha.cu, block=(512,2), grid=(256,1), DataSize=131072
--------------------------------------------------
Kernel:       mha.cu
Config:       kernel_launch_configs/config_mha.json
Block shape:  (1024, 1) => total threads = 1024
Grid:         (256, 1)
DataSize:     131072
Runs:         20
--------------------------------------------------
Grid: 256x1, Block: 1024x1
Traceback (most recent call last):
  File "/home/srajput/flipflop/cuda_kernel_energy_empirical/predictive_model/energy_model.py", line 195, in <module>
    main()
  File "/home/srajput/flipflop/cuda_kernel_energy_empirical/predictive_model/energy_model.py", line 146, in main
    actual_us, actual_power = benchmark_kernel_with_power(kernel_func,
                              ^^^^^^^^^^^^^^^^^^^^^^^^^^^^^^^^^^^^^^^^
  File "/home/srajput/flipflop/cuda_kernel_energy_empirical/predictive_model/gpu_common.py", line 155, in benchmark_kernel_with_power
    cuda.Context.synchronize()
pycuda._driver.LogicError: cuCtxSynchronize failed: an illegal memory access was encountered
PyCUDA WARNING: a clean-up operation failed (dead context maybe?)
cuEventDestroy failed: an illegal memory access was encountered
PyCUDA WARNING: a clean-up operation failed (dead context maybe?)
cuEventDestroy failed: an illegal memory access was encountered
PyCUDA WARNING: a clean-up operation failed (dead context maybe?)
cuMemFree failed: an illegal memory access was encountered
PyCUDA WARNING: a clean-up operation failed (dead context maybe?)
cuMemFree failed: an illegal memory access was encountered
PyCUDA WARNING: a clean-up operation failed (dead context maybe?)
cuMemFree failed: an illegal memory access was encountered
PyCUDA WARNING: a clean-up operation failed (dead context maybe?)
cuMemFree failed: an illegal memory access was encountered
PyCUDA WARNING: a clean-up operation failed (dead context maybe?)
cuModuleUnload failed: an illegal memory access was encountered
Experiment completed: Kernel=mha.cu, block=(1024,1), grid=(256,1), DataSize=131072
All experiments completed.
Results saved in: experiment-results/results-20250318-140816.csv
