--------------------------------------------------
Kernel:       mha.cu
Config:       kernel_launch_configs/config_mha.json
Block shape:  (1, 32) => total threads = 32
Grid:         (256, 1)
DataSize:     131072
Runs:         20
--------------------------------------------------
Grid: 256x1, Block: 1x32
[RESULT] Kernel=mha
Analysis = KernelAnalysis(mem_coal=12, mem_uncoal=0, mem_partial=0, local_insts=0, shared_insts=0, synch_insts=0, fp_insts=0, int_insts=1, sfu_insts=0, alu_insts=0, total_insts=13, registers_per_thread=32, shared_mem_bytes=0, block_x=1, block_y=32)
Estimated Time (ns) = 2136342.65
Actual Time   (ns) = 64512.00
-> Diff (%) = 3211.54
WarpsPerSM = 1.00
Predicted Power (W) = 172.26
Actual Power (W) = 84.87
MemCoal=12
MemUncoal=0
MemPartial=0
LocalInsts=0
SharedInsts=0
SynchInsts=0
FpInsts=0
IntInsts=1
SfuInsts=0
AluInsts=0
TotalInsts=13
RegsPerThread=32
SharedMemBytes=0
GridX=256
GridY=1
BlockX=1
BlockY=32
Experiment completed: Kernel=mha.cu, block=(1,32), grid=(256,1), DataSize=131072
--------------------------------------------------
Kernel:       mha.cu
Config:       kernel_launch_configs/config_mha.json
Block shape:  (2, 16) => total threads = 32
Grid:         (256, 1)
DataSize:     131072
Runs:         20
--------------------------------------------------
Grid: 256x1, Block: 2x16
[RESULT] Kernel=mha
Analysis = KernelAnalysis(mem_coal=12, mem_uncoal=0, mem_partial=0, local_insts=0, shared_insts=0, synch_insts=0, fp_insts=0, int_insts=1, sfu_insts=0, alu_insts=0, total_insts=13, registers_per_thread=32, shared_mem_bytes=0, block_x=2, block_y=16)
Estimated Time (ns) = 2092465.36
Actual Time   (ns) = 53248.00
-> Diff (%) = 3829.66
WarpsPerSM = 1.00
Predicted Power (W) = 172.27
Actual Power (W) = 63.11
MemCoal=12
MemUncoal=0
MemPartial=0
LocalInsts=0
SharedInsts=0
SynchInsts=0
FpInsts=0
IntInsts=1
SfuInsts=0
AluInsts=0
TotalInsts=13
RegsPerThread=32
SharedMemBytes=0
GridX=256
GridY=1
BlockX=2
BlockY=16
Experiment completed: Kernel=mha.cu, block=(2,16), grid=(256,1), DataSize=131072
--------------------------------------------------
Kernel:       mha.cu
Config:       kernel_launch_configs/config_mha.json
Block shape:  (4, 8) => total threads = 32
Grid:         (256, 1)
DataSize:     131072
Runs:         20
--------------------------------------------------
Grid: 256x1, Block: 4x8
[RESULT] Kernel=mha
Analysis = KernelAnalysis(mem_coal=12, mem_uncoal=0, mem_partial=0, local_insts=0, shared_insts=0, synch_insts=0, fp_insts=0, int_insts=1, sfu_insts=0, alu_insts=0, total_insts=13, registers_per_thread=32, shared_mem_bytes=0, block_x=4, block_y=8)
Estimated Time (ns) = 2004710.77
Actual Time   (ns) = 53248.00
-> Diff (%) = 3664.86
WarpsPerSM = 1.00
Predicted Power (W) = 172.29
Actual Power (W) = 60.96
MemCoal=12
MemUncoal=0
MemPartial=0
LocalInsts=0
SharedInsts=0
SynchInsts=0
FpInsts=0
IntInsts=1
SfuInsts=0
AluInsts=0
TotalInsts=13
RegsPerThread=32
SharedMemBytes=0
GridX=256
GridY=1
BlockX=4
BlockY=8
Experiment completed: Kernel=mha.cu, block=(4,8), grid=(256,1), DataSize=131072
--------------------------------------------------
Kernel:       mha.cu
Config:       kernel_launch_configs/config_mha.json
Block shape:  (8, 4) => total threads = 32
Grid:         (256, 1)
DataSize:     131072
Runs:         20
--------------------------------------------------
Grid: 256x1, Block: 8x4
[RESULT] Kernel=mha
Analysis = KernelAnalysis(mem_coal=12, mem_uncoal=0, mem_partial=0, local_insts=0, shared_insts=0, synch_insts=0, fp_insts=0, int_insts=1, sfu_insts=0, alu_insts=0, total_insts=13, registers_per_thread=32, shared_mem_bytes=0, block_x=8, block_y=4)
Estimated Time (ns) = 1829201.60
Actual Time   (ns) = 62608.00
-> Diff (%) = 2821.67
WarpsPerSM = 1.00
Predicted Power (W) = 172.34
Actual Power (W) = 60.39
MemCoal=12
MemUncoal=0
MemPartial=0
LocalInsts=0
SharedInsts=0
SynchInsts=0
FpInsts=0
IntInsts=1
SfuInsts=0
AluInsts=0
TotalInsts=13
RegsPerThread=32
SharedMemBytes=0
GridX=256
GridY=1
BlockX=8
BlockY=4
Experiment completed: Kernel=mha.cu, block=(8,4), grid=(256,1), DataSize=131072
--------------------------------------------------
Kernel:       mha.cu
Config:       kernel_launch_configs/config_mha.json
Block shape:  (16, 2) => total threads = 32
Grid:         (256, 1)
DataSize:     131072
Runs:         20
--------------------------------------------------
Grid: 256x1, Block: 16x2
[RESULT] Kernel=mha
Analysis = KernelAnalysis(mem_coal=12, mem_uncoal=0, mem_partial=0, local_insts=0, shared_insts=0, synch_insts=0, fp_insts=0, int_insts=1, sfu_insts=0, alu_insts=0, total_insts=13, registers_per_thread=32, shared_mem_bytes=0, block_x=16, block_y=2)
Estimated Time (ns) = 1478183.26
Actual Time   (ns) = 53776.00
-> Diff (%) = 2648.78
WarpsPerSM = 1.00
Predicted Power (W) = 172.48
Actual Power (W) = 60.04
MemCoal=12
MemUncoal=0
MemPartial=0
LocalInsts=0
SharedInsts=0
SynchInsts=0
FpInsts=0
IntInsts=1
SfuInsts=0
AluInsts=0
TotalInsts=13
RegsPerThread=32
SharedMemBytes=0
GridX=256
GridY=1
BlockX=16
BlockY=2
Experiment completed: Kernel=mha.cu, block=(16,2), grid=(256,1), DataSize=131072
--------------------------------------------------
Kernel:       mha.cu
Config:       kernel_launch_configs/config_mha.json
Block shape:  (32, 1) => total threads = 32
Grid:         (256, 1)
DataSize:     131072
Runs:         20
--------------------------------------------------
Grid: 256x1, Block: 32x1
[RESULT] Kernel=mha
Analysis = KernelAnalysis(mem_coal=12, mem_uncoal=0, mem_partial=0, local_insts=0, shared_insts=0, synch_insts=0, fp_insts=0, int_insts=1, sfu_insts=0, alu_insts=0, total_insts=13, registers_per_thread=32, shared_mem_bytes=0, block_x=32, block_y=1)
Estimated Time (ns) = 776146.59
Actual Time   (ns) = 58944.00
-> Diff (%) = 1216.75
WarpsPerSM = 1.00
Predicted Power (W) = 173.13
Actual Power (W) = 59.62
MemCoal=12
MemUncoal=0
MemPartial=0
LocalInsts=0
SharedInsts=0
SynchInsts=0
FpInsts=0
IntInsts=1
SfuInsts=0
AluInsts=0
TotalInsts=13
RegsPerThread=32
SharedMemBytes=0
GridX=256
GridY=1
BlockX=32
BlockY=1
Experiment completed: Kernel=mha.cu, block=(32,1), grid=(256,1), DataSize=131072
--------------------------------------------------
Kernel:       mha.cu
Config:       kernel_launch_configs/config_mha.json
Block shape:  (1, 64) => total threads = 64
Grid:         (256, 1)
DataSize:     131072
Runs:         20
--------------------------------------------------
Grid: 256x1, Block: 1x64
[RESULT] Kernel=mha
Analysis = KernelAnalysis(mem_coal=12, mem_uncoal=0, mem_partial=0, local_insts=0, shared_insts=0, synch_insts=0, fp_insts=0, int_insts=1, sfu_insts=0, alu_insts=0, total_insts=13, registers_per_thread=32, shared_mem_bytes=0, block_x=1, block_y=64)
Estimated Time (ns) = 4262831.01
Actual Time   (ns) = 62896.00
-> Diff (%) = 6677.59
WarpsPerSM = 2.00
Predicted Power (W) = 172.26
Actual Power (W) = 58.62
MemCoal=12
MemUncoal=0
MemPartial=0
LocalInsts=0
SharedInsts=0
SynchInsts=0
FpInsts=0
IntInsts=1
SfuInsts=0
AluInsts=0
TotalInsts=13
RegsPerThread=32
SharedMemBytes=0
GridX=256
GridY=1
BlockX=1
BlockY=64
Experiment completed: Kernel=mha.cu, block=(1,64), grid=(256,1), DataSize=131072
--------------------------------------------------
Kernel:       mha.cu
Config:       kernel_launch_configs/config_mha.json
Block shape:  (2, 32) => total threads = 64
Grid:         (256, 1)
DataSize:     131072
Runs:         20
--------------------------------------------------
Grid: 256x1, Block: 2x32
[RESULT] Kernel=mha
Analysis = KernelAnalysis(mem_coal=12, mem_uncoal=0, mem_partial=0, local_insts=0, shared_insts=0, synch_insts=0, fp_insts=0, int_insts=1, sfu_insts=0, alu_insts=0, total_insts=13, registers_per_thread=32, shared_mem_bytes=0, block_x=2, block_y=32)
Estimated Time (ns) = 4175076.42
Actual Time   (ns) = 62464.00
-> Diff (%) = 6583.97
WarpsPerSM = 2.00
Predicted Power (W) = 172.27
Actual Power (W) = 58.55
MemCoal=12
MemUncoal=0
MemPartial=0
LocalInsts=0
SharedInsts=0
SynchInsts=0
FpInsts=0
IntInsts=1
SfuInsts=0
AluInsts=0
TotalInsts=13
RegsPerThread=32
SharedMemBytes=0
GridX=256
GridY=1
BlockX=2
BlockY=32
Experiment completed: Kernel=mha.cu, block=(2,32), grid=(256,1), DataSize=131072
--------------------------------------------------
Kernel:       mha.cu
Config:       kernel_launch_configs/config_mha.json
Block shape:  (4, 16) => total threads = 64
Grid:         (256, 1)
DataSize:     131072
Runs:         20
--------------------------------------------------
Grid: 256x1, Block: 4x16
[RESULT] Kernel=mha
Analysis = KernelAnalysis(mem_coal=12, mem_uncoal=0, mem_partial=0, local_insts=0, shared_insts=0, synch_insts=0, fp_insts=0, int_insts=1, sfu_insts=0, alu_insts=0, total_insts=13, registers_per_thread=32, shared_mem_bytes=0, block_x=4, block_y=16)
Estimated Time (ns) = 3999567.25
Actual Time   (ns) = 61952.00
-> Diff (%) = 6355.91
WarpsPerSM = 2.00
Predicted Power (W) = 172.29
Actual Power (W) = 58.29
MemCoal=12
MemUncoal=0
MemPartial=0
LocalInsts=0
SharedInsts=0
SynchInsts=0
FpInsts=0
IntInsts=1
SfuInsts=0
AluInsts=0
TotalInsts=13
RegsPerThread=32
SharedMemBytes=0
GridX=256
GridY=1
BlockX=4
BlockY=16
Experiment completed: Kernel=mha.cu, block=(4,16), grid=(256,1), DataSize=131072
--------------------------------------------------
Kernel:       mha.cu
Config:       kernel_launch_configs/config_mha.json
Block shape:  (8, 8) => total threads = 64
Grid:         (256, 1)
DataSize:     131072
Runs:         20
--------------------------------------------------
Grid: 256x1, Block: 8x8
[RESULT] Kernel=mha
Analysis = KernelAnalysis(mem_coal=12, mem_uncoal=0, mem_partial=0, local_insts=0, shared_insts=0, synch_insts=0, fp_insts=0, int_insts=1, sfu_insts=0, alu_insts=0, total_insts=13, registers_per_thread=32, shared_mem_bytes=0, block_x=8, block_y=8)
Estimated Time (ns) = 3648548.92
Actual Time   (ns) = 62976.00
-> Diff (%) = 5693.55
WarpsPerSM = 2.00
Predicted Power (W) = 172.34
Actual Power (W) = 58.05
MemCoal=12
MemUncoal=0
MemPartial=0
LocalInsts=0
SharedInsts=0
SynchInsts=0
FpInsts=0
IntInsts=1
SfuInsts=0
AluInsts=0
TotalInsts=13
RegsPerThread=32
SharedMemBytes=0
GridX=256
GridY=1
BlockX=8
BlockY=8
Experiment completed: Kernel=mha.cu, block=(8,8), grid=(256,1), DataSize=131072
--------------------------------------------------
Kernel:       mha.cu
Config:       kernel_launch_configs/config_mha.json
Block shape:  (16, 4) => total threads = 64
Grid:         (256, 1)
DataSize:     131072
Runs:         20
--------------------------------------------------
Grid: 256x1, Block: 16x4
[RESULT] Kernel=mha
Analysis = KernelAnalysis(mem_coal=12, mem_uncoal=0, mem_partial=0, local_insts=0, shared_insts=0, synch_insts=0, fp_insts=0, int_insts=1, sfu_insts=0, alu_insts=0, total_insts=13, registers_per_thread=32, shared_mem_bytes=0, block_x=16, block_y=4)
Estimated Time (ns) = 2946512.24
Actual Time   (ns) = 62464.00
-> Diff (%) = 4617.14
WarpsPerSM = 2.00
Predicted Power (W) = 172.48
Actual Power (W) = 57.93
MemCoal=12
MemUncoal=0
MemPartial=0
LocalInsts=0
SharedInsts=0
SynchInsts=0
FpInsts=0
IntInsts=1
SfuInsts=0
AluInsts=0
TotalInsts=13
RegsPerThread=32
SharedMemBytes=0
GridX=256
GridY=1
BlockX=16
BlockY=4
Experiment completed: Kernel=mha.cu, block=(16,4), grid=(256,1), DataSize=131072
--------------------------------------------------
Kernel:       mha.cu
Config:       kernel_launch_configs/config_mha.json
Block shape:  (32, 2) => total threads = 64
Grid:         (256, 1)
DataSize:     131072
Runs:         20
--------------------------------------------------
Grid: 256x1, Block: 32x2
[RESULT] Kernel=mha
Analysis = KernelAnalysis(mem_coal=12, mem_uncoal=0, mem_partial=0, local_insts=0, shared_insts=0, synch_insts=0, fp_insts=0, int_insts=1, sfu_insts=0, alu_insts=0, total_insts=13, registers_per_thread=32, shared_mem_bytes=0, block_x=32, block_y=2)
Estimated Time (ns) = 1542438.89
Actual Time   (ns) = 62464.00
-> Diff (%) = 2369.32
WarpsPerSM = 2.00
Predicted Power (W) = 168.48
Actual Power (W) = 57.61
MemCoal=12
MemUncoal=0
MemPartial=0
LocalInsts=0
SharedInsts=0
SynchInsts=0
FpInsts=0
IntInsts=1
SfuInsts=0
AluInsts=0
TotalInsts=13
RegsPerThread=32
SharedMemBytes=0
GridX=256
GridY=1
BlockX=32
BlockY=2
Experiment completed: Kernel=mha.cu, block=(32,2), grid=(256,1), DataSize=131072
--------------------------------------------------
Kernel:       mha.cu
Config:       kernel_launch_configs/config_mha.json
Block shape:  (64, 1) => total threads = 64
Grid:         (256, 1)
DataSize:     131072
Runs:         20
--------------------------------------------------
Grid: 256x1, Block: 64x1
[RESULT] Kernel=mha
Analysis = KernelAnalysis(mem_coal=12, mem_uncoal=0, mem_partial=0, local_insts=0, shared_insts=0, synch_insts=0, fp_insts=0, int_insts=1, sfu_insts=0, alu_insts=0, total_insts=13, registers_per_thread=32, shared_mem_bytes=0, block_x=64, block_y=1)
Estimated Time (ns) = 1542438.89
Actual Time   (ns) = 62464.00
-> Diff (%) = 2369.32
WarpsPerSM = 2.00
Predicted Power (W) = 173.14
Actual Power (W) = 57.61
MemCoal=12
MemUncoal=0
MemPartial=0
LocalInsts=0
SharedInsts=0
SynchInsts=0
FpInsts=0
IntInsts=1
SfuInsts=0
AluInsts=0
TotalInsts=13
RegsPerThread=32
SharedMemBytes=0
GridX=256
GridY=1
BlockX=64
BlockY=1
Experiment completed: Kernel=mha.cu, block=(64,1), grid=(256,1), DataSize=131072
--------------------------------------------------
Kernel:       mha.cu
Config:       kernel_launch_configs/config_mha.json
Block shape:  (1, 128) => total threads = 128
Grid:         (256, 1)
DataSize:     131072
Runs:         20
--------------------------------------------------
Grid: 256x1, Block: 1x128
[RESULT] Kernel=mha
Analysis = KernelAnalysis(mem_coal=12, mem_uncoal=0, mem_partial=0, local_insts=0, shared_insts=0, synch_insts=0, fp_insts=0, int_insts=1, sfu_insts=0, alu_insts=0, total_insts=13, registers_per_thread=32, shared_mem_bytes=0, block_x=1, block_y=128)
Estimated Time (ns) = 8515807.73
Actual Time   (ns) = 63552.00
-> Diff (%) = 13299.75
WarpsPerSM = 4.00
Predicted Power (W) = 172.26
Actual Power (W) = 57.38
MemCoal=12
MemUncoal=0
MemPartial=0
LocalInsts=0
SharedInsts=0
SynchInsts=0
FpInsts=0
IntInsts=1
SfuInsts=0
AluInsts=0
TotalInsts=13
RegsPerThread=32
SharedMemBytes=0
GridX=256
GridY=1
BlockX=1
BlockY=128
Experiment completed: Kernel=mha.cu, block=(1,128), grid=(256,1), DataSize=131072
--------------------------------------------------
Kernel:       mha.cu
Config:       kernel_launch_configs/config_mha.json
Block shape:  (2, 64) => total threads = 128
Grid:         (256, 1)
DataSize:     131072
Runs:         20
--------------------------------------------------
Grid: 256x1, Block: 2x64
[RESULT] Kernel=mha
Analysis = KernelAnalysis(mem_coal=12, mem_uncoal=0, mem_partial=0, local_insts=0, shared_insts=0, synch_insts=0, fp_insts=0, int_insts=1, sfu_insts=0, alu_insts=0, total_insts=13, registers_per_thread=32, shared_mem_bytes=0, block_x=2, block_y=64)
Estimated Time (ns) = 8340298.56
Actual Time   (ns) = 62416.00
-> Diff (%) = 13262.44
WarpsPerSM = 4.00
Predicted Power (W) = 172.27
Actual Power (W) = 57.39
MemCoal=12
MemUncoal=0
MemPartial=0
LocalInsts=0
SharedInsts=0
SynchInsts=0
FpInsts=0
IntInsts=1
SfuInsts=0
AluInsts=0
TotalInsts=13
RegsPerThread=32
SharedMemBytes=0
GridX=256
GridY=1
BlockX=2
BlockY=64
Experiment completed: Kernel=mha.cu, block=(2,64), grid=(256,1), DataSize=131072
--------------------------------------------------
Kernel:       mha.cu
Config:       kernel_launch_configs/config_mha.json
Block shape:  (4, 32) => total threads = 128
Grid:         (256, 1)
DataSize:     131072
Runs:         20
--------------------------------------------------
Grid: 256x1, Block: 4x32
[RESULT] Kernel=mha
Analysis = KernelAnalysis(mem_coal=12, mem_uncoal=0, mem_partial=0, local_insts=0, shared_insts=0, synch_insts=0, fp_insts=0, int_insts=1, sfu_insts=0, alu_insts=0, total_insts=13, registers_per_thread=32, shared_mem_bytes=0, block_x=4, block_y=32)
Estimated Time (ns) = 7989280.22
Actual Time   (ns) = 62480.00
-> Diff (%) = 12686.94
WarpsPerSM = 4.00
Predicted Power (W) = 172.29
Actual Power (W) = 57.16
MemCoal=12
MemUncoal=0
MemPartial=0
LocalInsts=0
SharedInsts=0
SynchInsts=0
FpInsts=0
IntInsts=1
SfuInsts=0
AluInsts=0
TotalInsts=13
RegsPerThread=32
SharedMemBytes=0
GridX=256
GridY=1
BlockX=4
BlockY=32
Experiment completed: Kernel=mha.cu, block=(4,32), grid=(256,1), DataSize=131072
--------------------------------------------------
Kernel:       mha.cu
Config:       kernel_launch_configs/config_mha.json
Block shape:  (8, 16) => total threads = 128
Grid:         (256, 1)
DataSize:     131072
Runs:         20
--------------------------------------------------
Grid: 256x1, Block: 8x16
[RESULT] Kernel=mha
Analysis = KernelAnalysis(mem_coal=12, mem_uncoal=0, mem_partial=0, local_insts=0, shared_insts=0, synch_insts=0, fp_insts=0, int_insts=1, sfu_insts=0, alu_insts=0, total_insts=13, registers_per_thread=32, shared_mem_bytes=0, block_x=8, block_y=16)
Estimated Time (ns) = 7287243.54
Actual Time   (ns) = 53376.00
-> Diff (%) = 13552.66
WarpsPerSM = 4.00
Predicted Power (W) = 172.34
Actual Power (W) = 57.21
MemCoal=12
MemUncoal=0
MemPartial=0
LocalInsts=0
SharedInsts=0
SynchInsts=0
FpInsts=0
IntInsts=1
SfuInsts=0
AluInsts=0
TotalInsts=13
RegsPerThread=32
SharedMemBytes=0
GridX=256
GridY=1
BlockX=8
BlockY=16
Experiment completed: Kernel=mha.cu, block=(8,16), grid=(256,1), DataSize=131072
--------------------------------------------------
Kernel:       mha.cu
Config:       kernel_launch_configs/config_mha.json
Block shape:  (16, 8) => total threads = 128
Grid:         (256, 1)
DataSize:     131072
Runs:         20
--------------------------------------------------
Grid: 256x1, Block: 16x8
[RESULT] Kernel=mha
Analysis = KernelAnalysis(mem_coal=12, mem_uncoal=0, mem_partial=0, local_insts=0, shared_insts=0, synch_insts=0, fp_insts=0, int_insts=1, sfu_insts=0, alu_insts=0, total_insts=13, registers_per_thread=32, shared_mem_bytes=0, block_x=16, block_y=8)
Estimated Time (ns) = 5883170.19
Actual Time   (ns) = 54272.00
-> Diff (%) = 10740.16
WarpsPerSM = 4.00
Predicted Power (W) = 172.48
Actual Power (W) = 57.16
MemCoal=12
MemUncoal=0
MemPartial=0
LocalInsts=0
SharedInsts=0
SynchInsts=0
FpInsts=0
IntInsts=1
SfuInsts=0
AluInsts=0
TotalInsts=13
RegsPerThread=32
SharedMemBytes=0
GridX=256
GridY=1
BlockX=16
BlockY=8
Experiment completed: Kernel=mha.cu, block=(16,8), grid=(256,1), DataSize=131072
--------------------------------------------------
Kernel:       mha.cu
Config:       kernel_launch_configs/config_mha.json
Block shape:  (32, 4) => total threads = 128
Grid:         (256, 1)
DataSize:     131072
Runs:         20
--------------------------------------------------
Grid: 256x1, Block: 32x4
[RESULT] Kernel=mha
Analysis = KernelAnalysis(mem_coal=12, mem_uncoal=0, mem_partial=0, local_insts=0, shared_insts=0, synch_insts=0, fp_insts=0, int_insts=1, sfu_insts=0, alu_insts=0, total_insts=13, registers_per_thread=32, shared_mem_bytes=0, block_x=32, block_y=4)
Estimated Time (ns) = 4544149.56
Actual Time   (ns) = 53856.00
-> Diff (%) = 8337.59
WarpsPerSM = 4.00
Predicted Power (W) = 161.32
Actual Power (W) = 57.10
MemCoal=12
MemUncoal=0
MemPartial=0
LocalInsts=0
SharedInsts=0
SynchInsts=0
FpInsts=0
IntInsts=1
SfuInsts=0
AluInsts=0
TotalInsts=13
RegsPerThread=32
SharedMemBytes=0
GridX=256
GridY=1
BlockX=32
BlockY=4
Experiment completed: Kernel=mha.cu, block=(32,4), grid=(256,1), DataSize=131072
--------------------------------------------------
Kernel:       mha.cu
Config:       kernel_launch_configs/config_mha.json
Block shape:  (64, 2) => total threads = 128
Grid:         (256, 1)
DataSize:     131072
Runs:         20
--------------------------------------------------
Grid: 256x1, Block: 64x2
[RESULT] Kernel=mha
Analysis = KernelAnalysis(mem_coal=12, mem_uncoal=0, mem_partial=0, local_insts=0, shared_insts=0, synch_insts=0, fp_insts=0, int_insts=1, sfu_insts=0, alu_insts=0, total_insts=13, registers_per_thread=32, shared_mem_bytes=0, block_x=64, block_y=2)
Estimated Time (ns) = 4924556.01
Actual Time   (ns) = 51248.00
-> Diff (%) = 9509.26
WarpsPerSM = 4.00
Predicted Power (W) = 172.62
Actual Power (W) = 57.07
MemCoal=12
MemUncoal=0
MemPartial=0
LocalInsts=0
SharedInsts=0
SynchInsts=0
FpInsts=0
IntInsts=1
SfuInsts=0
AluInsts=0
TotalInsts=13
RegsPerThread=32
SharedMemBytes=0
GridX=256
GridY=1
BlockX=64
BlockY=2
Experiment completed: Kernel=mha.cu, block=(64,2), grid=(256,1), DataSize=131072
--------------------------------------------------
Kernel:       mha.cu
Config:       kernel_launch_configs/config_mha.json
Block shape:  (128, 1) => total threads = 128
Grid:         (256, 1)
DataSize:     131072
Runs:         20
--------------------------------------------------
Grid: 256x1, Block: 128x1
[RESULT] Kernel=mha
Analysis = KernelAnalysis(mem_coal=12, mem_uncoal=0, mem_partial=0, local_insts=0, shared_insts=0, synch_insts=0, fp_insts=0, int_insts=1, sfu_insts=0, alu_insts=0, total_insts=13, registers_per_thread=32, shared_mem_bytes=0, block_x=128, block_y=1)
Estimated Time (ns) = 4924556.01
Actual Time   (ns) = 53248.00
-> Diff (%) = 9148.34
WarpsPerSM = 4.00
Predicted Power (W) = 172.62
Actual Power (W) = 56.94
MemCoal=12
MemUncoal=0
MemPartial=0
LocalInsts=0
SharedInsts=0
SynchInsts=0
FpInsts=0
IntInsts=1
SfuInsts=0
AluInsts=0
TotalInsts=13
RegsPerThread=32
SharedMemBytes=0
GridX=256
GridY=1
BlockX=128
BlockY=1
Experiment completed: Kernel=mha.cu, block=(128,1), grid=(256,1), DataSize=131072
--------------------------------------------------
Kernel:       mha.cu
Config:       kernel_launch_configs/config_mha.json
Block shape:  (1, 256) => total threads = 256
Grid:         (256, 1)
DataSize:     131072
Runs:         20
--------------------------------------------------
Grid: 256x1, Block: 1x256
[RESULT] Kernel=mha
Analysis = KernelAnalysis(mem_coal=12, mem_uncoal=0, mem_partial=0, local_insts=0, shared_insts=0, synch_insts=0, fp_insts=0, int_insts=1, sfu_insts=0, alu_insts=0, total_insts=13, registers_per_thread=32, shared_mem_bytes=0, block_x=1, block_y=256)
Estimated Time (ns) = 19668610.38
Actual Time   (ns) = 53392.00
-> Diff (%) = 36738.12
WarpsPerSM = 8.00
Predicted Power (W) = 172.19
Actual Power (W) = 56.97
MemCoal=12
MemUncoal=0
MemPartial=0
LocalInsts=0
SharedInsts=0
SynchInsts=0
FpInsts=0
IntInsts=1
SfuInsts=0
AluInsts=0
TotalInsts=13
RegsPerThread=32
SharedMemBytes=0
GridX=256
GridY=1
BlockX=1
BlockY=256
Experiment completed: Kernel=mha.cu, block=(1,256), grid=(256,1), DataSize=131072
--------------------------------------------------
Kernel:       mha.cu
Config:       kernel_launch_configs/config_mha.json
Block shape:  (2, 128) => total threads = 256
Grid:         (256, 1)
DataSize:     131072
Runs:         20
--------------------------------------------------
Grid: 256x1, Block: 2x128
[RESULT] Kernel=mha
Analysis = KernelAnalysis(mem_coal=12, mem_uncoal=0, mem_partial=0, local_insts=0, shared_insts=0, synch_insts=0, fp_insts=0, int_insts=1, sfu_insts=0, alu_insts=0, total_insts=13, registers_per_thread=32, shared_mem_bytes=0, block_x=2, block_y=128)
Estimated Time (ns) = 19668607.40
Actual Time   (ns) = 54272.00
-> Diff (%) = 36140.80
WarpsPerSM = 8.00
Predicted Power (W) = 172.19
Actual Power (W) = 56.87
MemCoal=12
MemUncoal=0
MemPartial=0
LocalInsts=0
SharedInsts=0
SynchInsts=0
FpInsts=0
IntInsts=1
SfuInsts=0
AluInsts=0
TotalInsts=13
RegsPerThread=32
SharedMemBytes=0
GridX=256
GridY=1
BlockX=2
BlockY=128
Experiment completed: Kernel=mha.cu, block=(2,128), grid=(256,1), DataSize=131072
--------------------------------------------------
Kernel:       mha.cu
Config:       kernel_launch_configs/config_mha.json
Block shape:  (4, 64) => total threads = 256
Grid:         (256, 1)
DataSize:     131072
Runs:         20
--------------------------------------------------
Grid: 256x1, Block: 4x64
[RESULT] Kernel=mha
Analysis = KernelAnalysis(mem_coal=12, mem_uncoal=0, mem_partial=0, local_insts=0, shared_insts=0, synch_insts=0, fp_insts=0, int_insts=1, sfu_insts=0, alu_insts=0, total_insts=13, registers_per_thread=32, shared_mem_bytes=0, block_x=4, block_y=64)
Estimated Time (ns) = 19668601.42
Actual Time   (ns) = 62464.00
-> Diff (%) = 31387.90
WarpsPerSM = 8.00
Predicted Power (W) = 172.19
Actual Power (W) = 56.96
MemCoal=12
MemUncoal=0
MemPartial=0
LocalInsts=0
SharedInsts=0
SynchInsts=0
FpInsts=0
IntInsts=1
SfuInsts=0
AluInsts=0
TotalInsts=13
RegsPerThread=32
SharedMemBytes=0
GridX=256
GridY=1
BlockX=4
BlockY=64
Experiment completed: Kernel=mha.cu, block=(4,64), grid=(256,1), DataSize=131072
--------------------------------------------------
Kernel:       mha.cu
Config:       kernel_launch_configs/config_mha.json
Block shape:  (8, 32) => total threads = 256
Grid:         (256, 1)
DataSize:     131072
Runs:         20
--------------------------------------------------
Grid: 256x1, Block: 8x32
[RESULT] Kernel=mha
Analysis = KernelAnalysis(mem_coal=12, mem_uncoal=0, mem_partial=0, local_insts=0, shared_insts=0, synch_insts=0, fp_insts=0, int_insts=1, sfu_insts=0, alu_insts=0, total_insts=13, registers_per_thread=32, shared_mem_bytes=0, block_x=8, block_y=32)
Estimated Time (ns) = 19668589.47
Actual Time   (ns) = 62464.00
-> Diff (%) = 31387.88
WarpsPerSM = 8.00
Predicted Power (W) = 172.19
Actual Power (W) = 56.94
MemCoal=12
MemUncoal=0
MemPartial=0
LocalInsts=0
SharedInsts=0
SynchInsts=0
FpInsts=0
IntInsts=1
SfuInsts=0
AluInsts=0
TotalInsts=13
RegsPerThread=32
SharedMemBytes=0
GridX=256
GridY=1
BlockX=8
BlockY=32
Experiment completed: Kernel=mha.cu, block=(8,32), grid=(256,1), DataSize=131072
--------------------------------------------------
Kernel:       mha.cu
Config:       kernel_launch_configs/config_mha.json
Block shape:  (16, 16) => total threads = 256
Grid:         (256, 1)
DataSize:     131072
Runs:         20
--------------------------------------------------
Grid: 256x1, Block: 16x16
[RESULT] Kernel=mha
Analysis = KernelAnalysis(mem_coal=12, mem_uncoal=0, mem_partial=0, local_insts=0, shared_insts=0, synch_insts=0, fp_insts=0, int_insts=1, sfu_insts=0, alu_insts=0, total_insts=13, registers_per_thread=32, shared_mem_bytes=0, block_x=16, block_y=16)
Estimated Time (ns) = 19668565.58
Actual Time   (ns) = 61616.00
-> Diff (%) = 31821.20
WarpsPerSM = 8.00
Predicted Power (W) = 172.19
Actual Power (W) = 56.97
MemCoal=12
MemUncoal=0
MemPartial=0
LocalInsts=0
SharedInsts=0
SynchInsts=0
FpInsts=0
IntInsts=1
SfuInsts=0
AluInsts=0
TotalInsts=13
RegsPerThread=32
SharedMemBytes=0
GridX=256
GridY=1
BlockX=16
BlockY=16
Experiment completed: Kernel=mha.cu, block=(16,16), grid=(256,1), DataSize=131072
--------------------------------------------------
Kernel:       mha.cu
Config:       kernel_launch_configs/config_mha.json
Block shape:  (32, 8) => total threads = 256
Grid:         (256, 1)
DataSize:     131072
Runs:         20
--------------------------------------------------
Grid: 256x1, Block: 32x8
[RESULT] Kernel=mha
Analysis = KernelAnalysis(mem_coal=12, mem_uncoal=0, mem_partial=0, local_insts=0, shared_insts=0, synch_insts=0, fp_insts=0, int_insts=1, sfu_insts=0, alu_insts=0, total_insts=13, registers_per_thread=32, shared_mem_bytes=0, block_x=32, block_y=8)
Estimated Time (ns) = 16469811.13
Actual Time   (ns) = 54400.00
-> Diff (%) = 30175.39
WarpsPerSM = 8.00
Predicted Power (W) = 154.22
Actual Power (W) = 56.95
MemCoal=12
MemUncoal=0
MemPartial=0
LocalInsts=0
SharedInsts=0
SynchInsts=0
FpInsts=0
IntInsts=1
SfuInsts=0
AluInsts=0
TotalInsts=13
RegsPerThread=32
SharedMemBytes=0
GridX=256
GridY=1
BlockX=32
BlockY=8
Experiment completed: Kernel=mha.cu, block=(32,8), grid=(256,1), DataSize=131072
--------------------------------------------------
Kernel:       mha.cu
Config:       kernel_launch_configs/config_mha.json
Block shape:  (64, 4) => total threads = 256
Grid:         (256, 1)
DataSize:     131072
Runs:         20
--------------------------------------------------
Grid: 256x1, Block: 64x4
[RESULT] Kernel=mha
Analysis = KernelAnalysis(mem_coal=12, mem_uncoal=0, mem_partial=0, local_insts=0, shared_insts=0, synch_insts=0, fp_insts=0, int_insts=1, sfu_insts=0, alu_insts=0, total_insts=13, registers_per_thread=32, shared_mem_bytes=0, block_x=64, block_y=4)
Estimated Time (ns) = 19668517.79
Actual Time   (ns) = 34336.00
-> Diff (%) = 57182.49
WarpsPerSM = 8.00
Predicted Power (W) = 167.57
Actual Power (W) = 56.94
MemCoal=12
MemUncoal=0
MemPartial=0
LocalInsts=0
SharedInsts=0
SynchInsts=0
FpInsts=0
IntInsts=1
SfuInsts=0
AluInsts=0
TotalInsts=13
RegsPerThread=32
SharedMemBytes=0
GridX=256
GridY=1
BlockX=64
BlockY=4
Experiment completed: Kernel=mha.cu, block=(64,4), grid=(256,1), DataSize=131072
--------------------------------------------------
Kernel:       mha.cu
Config:       kernel_launch_configs/config_mha.json
Block shape:  (128, 2) => total threads = 256
Grid:         (256, 1)
DataSize:     131072
Runs:         20
--------------------------------------------------
Grid: 256x1, Block: 128x2
[RESULT] Kernel=mha
Analysis = KernelAnalysis(mem_coal=12, mem_uncoal=0, mem_partial=0, local_insts=0, shared_insts=0, synch_insts=0, fp_insts=0, int_insts=1, sfu_insts=0, alu_insts=0, total_insts=13, registers_per_thread=32, shared_mem_bytes=0, block_x=128, block_y=2)
Estimated Time (ns) = 19668517.79
Actual Time   (ns) = 63024.00
-> Diff (%) = 31107.98
WarpsPerSM = 8.00
Predicted Power (W) = 172.19
Actual Power (W) = 57.01
MemCoal=12
MemUncoal=0
MemPartial=0
LocalInsts=0
SharedInsts=0
SynchInsts=0
FpInsts=0
IntInsts=1
SfuInsts=0
AluInsts=0
TotalInsts=13
RegsPerThread=32
SharedMemBytes=0
GridX=256
GridY=1
BlockX=128
BlockY=2
Experiment completed: Kernel=mha.cu, block=(128,2), grid=(256,1), DataSize=131072
--------------------------------------------------
Kernel:       mha.cu
Config:       kernel_launch_configs/config_mha.json
Block shape:  (256, 1) => total threads = 256
Grid:         (256, 1)
DataSize:     131072
Runs:         20
--------------------------------------------------
Grid: 256x1, Block: 256x1
[RESULT] Kernel=mha
Analysis = KernelAnalysis(mem_coal=12, mem_uncoal=0, mem_partial=0, local_insts=0, shared_insts=0, synch_insts=0, fp_insts=0, int_insts=1, sfu_insts=0, alu_insts=0, total_insts=13, registers_per_thread=32, shared_mem_bytes=0, block_x=256, block_y=1)
Estimated Time (ns) = 19668517.79
Actual Time   (ns) = 62496.00
-> Diff (%) = 31371.64
WarpsPerSM = 8.00
Predicted Power (W) = 172.19
Actual Power (W) = 56.89
MemCoal=12
MemUncoal=0
MemPartial=0
LocalInsts=0
SharedInsts=0
SynchInsts=0
FpInsts=0
IntInsts=1
SfuInsts=0
AluInsts=0
TotalInsts=13
RegsPerThread=32
SharedMemBytes=0
GridX=256
GridY=1
BlockX=256
BlockY=1
Experiment completed: Kernel=mha.cu, block=(256,1), grid=(256,1), DataSize=131072
--------------------------------------------------
Kernel:       mha.cu
Config:       kernel_launch_configs/config_mha.json
Block shape:  (1, 512) => total threads = 512
Grid:         (256, 1)
DataSize:     131072
Runs:         20
--------------------------------------------------
Grid: 256x1, Block: 1x512
[RESULT] Kernel=mha
Analysis = KernelAnalysis(mem_coal=12, mem_uncoal=0, mem_partial=0, local_insts=0, shared_insts=0, synch_insts=0, fp_insts=0, int_insts=1, sfu_insts=0, alu_insts=0, total_insts=13, registers_per_thread=32, shared_mem_bytes=0, block_x=1, block_y=512)
Estimated Time (ns) = 78644457.51
Actual Time   (ns) = 54272.00
-> Diff (%) = 144807.98
WarpsPerSM = 16.00
Predicted Power (W) = 171.98
Actual Power (W) = 56.94
MemCoal=12
MemUncoal=0
MemPartial=0
LocalInsts=0
SharedInsts=0
SynchInsts=0
FpInsts=0
IntInsts=1
SfuInsts=0
AluInsts=0
TotalInsts=13
RegsPerThread=32
SharedMemBytes=0
GridX=256
GridY=1
BlockX=1
BlockY=512
Experiment completed: Kernel=mha.cu, block=(1,512), grid=(256,1), DataSize=131072
--------------------------------------------------
Kernel:       mha.cu
Config:       kernel_launch_configs/config_mha.json
Block shape:  (2, 256) => total threads = 512
Grid:         (256, 1)
DataSize:     131072
Runs:         20
--------------------------------------------------
Grid: 256x1, Block: 2x256
[RESULT] Kernel=mha
Analysis = KernelAnalysis(mem_coal=12, mem_uncoal=0, mem_partial=0, local_insts=0, shared_insts=0, synch_insts=0, fp_insts=0, int_insts=1, sfu_insts=0, alu_insts=0, total_insts=13, registers_per_thread=32, shared_mem_bytes=0, block_x=2, block_y=256)
Estimated Time (ns) = 78644454.52
Actual Time   (ns) = 63056.00
-> Diff (%) = 124621.60
WarpsPerSM = 16.00
Predicted Power (W) = 171.98
Actual Power (W) = 56.89
MemCoal=12
MemUncoal=0
MemPartial=0
LocalInsts=0
SharedInsts=0
SynchInsts=0
FpInsts=0
IntInsts=1
SfuInsts=0
AluInsts=0
TotalInsts=13
RegsPerThread=32
SharedMemBytes=0
GridX=256
GridY=1
BlockX=2
BlockY=256
Experiment completed: Kernel=mha.cu, block=(2,256), grid=(256,1), DataSize=131072
--------------------------------------------------
Kernel:       mha.cu
Config:       kernel_launch_configs/config_mha.json
Block shape:  (4, 128) => total threads = 512
Grid:         (256, 1)
DataSize:     131072
Runs:         20
--------------------------------------------------
Grid: 256x1, Block: 4x128
[RESULT] Kernel=mha
Analysis = KernelAnalysis(mem_coal=12, mem_uncoal=0, mem_partial=0, local_insts=0, shared_insts=0, synch_insts=0, fp_insts=0, int_insts=1, sfu_insts=0, alu_insts=0, total_insts=13, registers_per_thread=32, shared_mem_bytes=0, block_x=4, block_y=128)
Estimated Time (ns) = 78644448.55
Actual Time   (ns) = 54224.00
-> Diff (%) = 144936.24
WarpsPerSM = 16.00
Predicted Power (W) = 171.98
Actual Power (W) = 56.91
MemCoal=12
MemUncoal=0
MemPartial=0
LocalInsts=0
SharedInsts=0
SynchInsts=0
FpInsts=0
IntInsts=1
SfuInsts=0
AluInsts=0
TotalInsts=13
RegsPerThread=32
SharedMemBytes=0
GridX=256
GridY=1
BlockX=4
BlockY=128
Experiment completed: Kernel=mha.cu, block=(4,128), grid=(256,1), DataSize=131072
--------------------------------------------------
Kernel:       mha.cu
Config:       kernel_launch_configs/config_mha.json
Block shape:  (8, 64) => total threads = 512
Grid:         (256, 1)
DataSize:     131072
Runs:         20
--------------------------------------------------
Grid: 256x1, Block: 8x64
[RESULT] Kernel=mha
Analysis = KernelAnalysis(mem_coal=12, mem_uncoal=0, mem_partial=0, local_insts=0, shared_insts=0, synch_insts=0, fp_insts=0, int_insts=1, sfu_insts=0, alu_insts=0, total_insts=13, registers_per_thread=32, shared_mem_bytes=0, block_x=8, block_y=64)
Estimated Time (ns) = 78644436.60
Actual Time   (ns) = 61952.00
-> Diff (%) = 126844.15
WarpsPerSM = 16.00
Predicted Power (W) = 171.98
Actual Power (W) = 56.88
MemCoal=12
MemUncoal=0
MemPartial=0
LocalInsts=0
SharedInsts=0
SynchInsts=0
FpInsts=0
IntInsts=1
SfuInsts=0
AluInsts=0
TotalInsts=13
RegsPerThread=32
SharedMemBytes=0
GridX=256
GridY=1
BlockX=8
BlockY=64
Experiment completed: Kernel=mha.cu, block=(8,64), grid=(256,1), DataSize=131072
--------------------------------------------------
Kernel:       mha.cu
Config:       kernel_launch_configs/config_mha.json
Block shape:  (16, 32) => total threads = 512
Grid:         (256, 1)
DataSize:     131072
Runs:         20
--------------------------------------------------
Grid: 256x1, Block: 16x32
[RESULT] Kernel=mha
Analysis = KernelAnalysis(mem_coal=12, mem_uncoal=0, mem_partial=0, local_insts=0, shared_insts=0, synch_insts=0, fp_insts=0, int_insts=1, sfu_insts=0, alu_insts=0, total_insts=13, registers_per_thread=32, shared_mem_bytes=0, block_x=16, block_y=32)
Estimated Time (ns) = 78644412.71
Actual Time   (ns) = 53248.00
-> Diff (%) = 147594.59
WarpsPerSM = 16.00
Predicted Power (W) = 171.98
Actual Power (W) = 56.94
MemCoal=12
MemUncoal=0
MemPartial=0
LocalInsts=0
SharedInsts=0
SynchInsts=0
FpInsts=0
IntInsts=1
SfuInsts=0
AluInsts=0
TotalInsts=13
RegsPerThread=32
SharedMemBytes=0
GridX=256
GridY=1
BlockX=16
BlockY=32
Experiment completed: Kernel=mha.cu, block=(16,32), grid=(256,1), DataSize=131072
--------------------------------------------------
Kernel:       mha.cu
Config:       kernel_launch_configs/config_mha.json
Block shape:  (32, 16) => total threads = 512
Grid:         (256, 1)
DataSize:     131072
Runs:         20
--------------------------------------------------
Grid: 256x1, Block: 32x16
[RESULT] Kernel=mha
Analysis = KernelAnalysis(mem_coal=12, mem_uncoal=0, mem_partial=0, local_insts=0, shared_insts=0, synch_insts=0, fp_insts=0, int_insts=1, sfu_insts=0, alu_insts=0, total_insts=13, registers_per_thread=32, shared_mem_bytes=0, block_x=32, block_y=16)
Estimated Time (ns) = 59141209.86
Actual Time   (ns) = 62496.00
-> Diff (%) = 94531.99
WarpsPerSM = 16.00
Predicted Power (W) = 147.32
Actual Power (W) = 56.77
MemCoal=12
MemUncoal=0
MemPartial=0
LocalInsts=0
SharedInsts=0
SynchInsts=0
FpInsts=0
IntInsts=1
SfuInsts=0
AluInsts=0
TotalInsts=13
RegsPerThread=32
SharedMemBytes=0
GridX=256
GridY=1
BlockX=32
BlockY=16
Experiment completed: Kernel=mha.cu, block=(32,16), grid=(256,1), DataSize=131072
--------------------------------------------------
Kernel:       mha.cu
Config:       kernel_launch_configs/config_mha.json
Block shape:  (64, 8) => total threads = 512
Grid:         (256, 1)
DataSize:     131072
Runs:         20
--------------------------------------------------
Grid: 256x1, Block: 64x8
[RESULT] Kernel=mha
Analysis = KernelAnalysis(mem_coal=12, mem_uncoal=0, mem_partial=0, local_insts=0, shared_insts=0, synch_insts=0, fp_insts=0, int_insts=1, sfu_insts=0, alu_insts=0, total_insts=13, registers_per_thread=32, shared_mem_bytes=0, block_x=64, block_y=8)
Estimated Time (ns) = 72557892.90
Actual Time   (ns) = 53248.00
-> Diff (%) = 136164.07
WarpsPerSM = 16.00
Predicted Power (W) = 160.68
Actual Power (W) = 56.83
MemCoal=12
MemUncoal=0
MemPartial=0
LocalInsts=0
SharedInsts=0
SynchInsts=0
FpInsts=0
IntInsts=1
SfuInsts=0
AluInsts=0
TotalInsts=13
RegsPerThread=32
SharedMemBytes=0
GridX=256
GridY=1
BlockX=64
BlockY=8
Experiment completed: Kernel=mha.cu, block=(64,8), grid=(256,1), DataSize=131072
--------------------------------------------------
Kernel:       mha.cu
Config:       kernel_launch_configs/config_mha.json
Block shape:  (128, 4) => total threads = 512
Grid:         (256, 1)
DataSize:     131072
Runs:         20
--------------------------------------------------
Grid: 256x1, Block: 128x4
[RESULT] Kernel=mha
Analysis = KernelAnalysis(mem_coal=12, mem_uncoal=0, mem_partial=0, local_insts=0, shared_insts=0, synch_insts=0, fp_insts=0, int_insts=1, sfu_insts=0, alu_insts=0, total_insts=13, registers_per_thread=32, shared_mem_bytes=0, block_x=128, block_y=4)
Estimated Time (ns) = 78644364.92
Actual Time   (ns) = 54272.00
-> Diff (%) = 144807.81
WarpsPerSM = 16.00
Predicted Power (W) = 171.98
Actual Power (W) = 56.94
MemCoal=12
MemUncoal=0
MemPartial=0
LocalInsts=0
SharedInsts=0
SynchInsts=0
FpInsts=0
IntInsts=1
SfuInsts=0
AluInsts=0
TotalInsts=13
RegsPerThread=32
SharedMemBytes=0
GridX=256
GridY=1
BlockX=128
BlockY=4
Experiment completed: Kernel=mha.cu, block=(128,4), grid=(256,1), DataSize=131072
--------------------------------------------------
Kernel:       mha.cu
Config:       kernel_launch_configs/config_mha.json
Block shape:  (256, 2) => total threads = 512
Grid:         (256, 1)
DataSize:     131072
Runs:         20
--------------------------------------------------
Grid: 256x1, Block: 256x2
[RESULT] Kernel=mha
Analysis = KernelAnalysis(mem_coal=12, mem_uncoal=0, mem_partial=0, local_insts=0, shared_insts=0, synch_insts=0, fp_insts=0, int_insts=1, sfu_insts=0, alu_insts=0, total_insts=13, registers_per_thread=32, shared_mem_bytes=0, block_x=256, block_y=2)
Estimated Time (ns) = 78644364.92
Actual Time   (ns) = 62512.00
-> Diff (%) = 125706.83
WarpsPerSM = 16.00
Predicted Power (W) = 171.98
Actual Power (W) = 56.81
MemCoal=12
MemUncoal=0
MemPartial=0
LocalInsts=0
SharedInsts=0
SynchInsts=0
FpInsts=0
IntInsts=1
SfuInsts=0
AluInsts=0
TotalInsts=13
RegsPerThread=32
SharedMemBytes=0
GridX=256
GridY=1
BlockX=256
BlockY=2
Experiment completed: Kernel=mha.cu, block=(256,2), grid=(256,1), DataSize=131072
--------------------------------------------------
Kernel:       mha.cu
Config:       kernel_launch_configs/config_mha.json
Block shape:  (512, 1) => total threads = 512
Grid:         (256, 1)
DataSize:     131072
Runs:         20
--------------------------------------------------
Grid: 256x1, Block: 512x1
Traceback (most recent call last):
  File "/home/srajput/flipflop/cuda_kernel_energy_empirical/predictive_model/energy_model.py", line 195, in <module>
    main()
  File "/home/srajput/flipflop/cuda_kernel_energy_empirical/predictive_model/energy_model.py", line 146, in main
    actual_us, actual_power = benchmark_kernel_with_power(kernel_func,
                              ^^^^^^^^^^^^^^^^^^^^^^^^^^^^^^^^^^^^^^^^
  File "/home/srajput/flipflop/cuda_kernel_energy_empirical/predictive_model/gpu_common.py", line 155, in benchmark_kernel_with_power
    cuda.Context.synchronize()
pycuda._driver.LogicError: cuCtxSynchronize failed: an illegal memory access was encountered
PyCUDA WARNING: a clean-up operation failed (dead context maybe?)
cuEventDestroy failed: an illegal memory access was encountered
PyCUDA WARNING: a clean-up operation failed (dead context maybe?)
cuEventDestroy failed: an illegal memory access was encountered
PyCUDA WARNING: a clean-up operation failed (dead context maybe?)
cuMemFree failed: an illegal memory access was encountered
PyCUDA WARNING: a clean-up operation failed (dead context maybe?)
cuMemFree failed: an illegal memory access was encountered
PyCUDA WARNING: a clean-up operation failed (dead context maybe?)
cuMemFree failed: an illegal memory access was encountered
PyCUDA WARNING: a clean-up operation failed (dead context maybe?)
cuMemFree failed: an illegal memory access was encountered
PyCUDA WARNING: a clean-up operation failed (dead context maybe?)
cuModuleUnload failed: an illegal memory access was encountered
Experiment completed: Kernel=mha.cu, block=(512,1), grid=(256,1), DataSize=131072
--------------------------------------------------
Kernel:       mha.cu
Config:       kernel_launch_configs/config_mha.json
Block shape:  (1, 1024) => total threads = 1024
Grid:         (256, 1)
DataSize:     131072
Runs:         20
--------------------------------------------------
Grid: 256x1, Block: 1x1024
[RESULT] Kernel=mha
Analysis = KernelAnalysis(mem_coal=12, mem_uncoal=0, mem_partial=0, local_insts=0, shared_insts=0, synch_insts=0, fp_insts=0, int_insts=1, sfu_insts=0, alu_insts=0, total_insts=13, registers_per_thread=32, shared_mem_bytes=0, block_x=1, block_y=1024)
Estimated Time (ns) = 314547846.02
Actual Time   (ns) = 63488.00
-> Diff (%) = 495344.57
WarpsPerSM = 32.00
Predicted Power (W) = 171.87
Actual Power (W) = 81.06
MemCoal=12
MemUncoal=0
MemPartial=0
LocalInsts=0
SharedInsts=0
SynchInsts=0
FpInsts=0
IntInsts=1
SfuInsts=0
AluInsts=0
TotalInsts=13
RegsPerThread=32
SharedMemBytes=0
GridX=256
GridY=1
BlockX=1
BlockY=1024
Experiment completed: Kernel=mha.cu, block=(1,1024), grid=(256,1), DataSize=131072
--------------------------------------------------
Kernel:       mha.cu
Config:       kernel_launch_configs/config_mha.json
Block shape:  (2, 512) => total threads = 1024
Grid:         (256, 1)
DataSize:     131072
Runs:         20
--------------------------------------------------
Grid: 256x1, Block: 2x512
[RESULT] Kernel=mha
Analysis = KernelAnalysis(mem_coal=12, mem_uncoal=0, mem_partial=0, local_insts=0, shared_insts=0, synch_insts=0, fp_insts=0, int_insts=1, sfu_insts=0, alu_insts=0, total_insts=13, registers_per_thread=32, shared_mem_bytes=0, block_x=2, block_y=512)
Estimated Time (ns) = 314547843.04
Actual Time   (ns) = 54240.00
-> Diff (%) = 579818.59
WarpsPerSM = 32.00
Predicted Power (W) = 171.87
Actual Power (W) = 56.84
MemCoal=12
MemUncoal=0
MemPartial=0
LocalInsts=0
SharedInsts=0
SynchInsts=0
FpInsts=0
IntInsts=1
SfuInsts=0
AluInsts=0
TotalInsts=13
RegsPerThread=32
SharedMemBytes=0
GridX=256
GridY=1
BlockX=2
BlockY=512
Experiment completed: Kernel=mha.cu, block=(2,512), grid=(256,1), DataSize=131072
--------------------------------------------------
Kernel:       mha.cu
Config:       kernel_launch_configs/config_mha.json
Block shape:  (4, 256) => total threads = 1024
Grid:         (256, 1)
DataSize:     131072
Runs:         20
--------------------------------------------------
Grid: 256x1, Block: 4x256
[RESULT] Kernel=mha
Analysis = KernelAnalysis(mem_coal=12, mem_uncoal=0, mem_partial=0, local_insts=0, shared_insts=0, synch_insts=0, fp_insts=0, int_insts=1, sfu_insts=0, alu_insts=0, total_insts=13, registers_per_thread=32, shared_mem_bytes=0, block_x=4, block_y=256)
Estimated Time (ns) = 314547837.06
Actual Time   (ns) = 64528.00
-> Diff (%) = 487359.46
WarpsPerSM = 32.00
Predicted Power (W) = 171.87
Actual Power (W) = 56.81
MemCoal=12
MemUncoal=0
MemPartial=0
LocalInsts=0
SharedInsts=0
SynchInsts=0
FpInsts=0
IntInsts=1
SfuInsts=0
AluInsts=0
TotalInsts=13
RegsPerThread=32
SharedMemBytes=0
GridX=256
GridY=1
BlockX=4
BlockY=256
Experiment completed: Kernel=mha.cu, block=(4,256), grid=(256,1), DataSize=131072
--------------------------------------------------
Kernel:       mha.cu
Config:       kernel_launch_configs/config_mha.json
Block shape:  (8, 128) => total threads = 1024
Grid:         (256, 1)
DataSize:     131072
Runs:         20
--------------------------------------------------
Grid: 256x1, Block: 8x128
[RESULT] Kernel=mha
Analysis = KernelAnalysis(mem_coal=12, mem_uncoal=0, mem_partial=0, local_insts=0, shared_insts=0, synch_insts=0, fp_insts=0, int_insts=1, sfu_insts=0, alu_insts=0, total_insts=13, registers_per_thread=32, shared_mem_bytes=0, block_x=8, block_y=128)
Estimated Time (ns) = 314547825.11
Actual Time   (ns) = 53792.00
-> Diff (%) = 584648.34
WarpsPerSM = 32.00
Predicted Power (W) = 171.87
Actual Power (W) = 56.86
MemCoal=12
MemUncoal=0
MemPartial=0
LocalInsts=0
SharedInsts=0
SynchInsts=0
FpInsts=0
IntInsts=1
SfuInsts=0
AluInsts=0
TotalInsts=13
RegsPerThread=32
SharedMemBytes=0
GridX=256
GridY=1
BlockX=8
BlockY=128
Experiment completed: Kernel=mha.cu, block=(8,128), grid=(256,1), DataSize=131072
--------------------------------------------------
Kernel:       mha.cu
Config:       kernel_launch_configs/config_mha.json
Block shape:  (16, 64) => total threads = 1024
Grid:         (256, 1)
DataSize:     131072
Runs:         20
--------------------------------------------------
Grid: 256x1, Block: 16x64
[RESULT] Kernel=mha
Analysis = KernelAnalysis(mem_coal=12, mem_uncoal=0, mem_partial=0, local_insts=0, shared_insts=0, synch_insts=0, fp_insts=0, int_insts=1, sfu_insts=0, alu_insts=0, total_insts=13, registers_per_thread=32, shared_mem_bytes=0, block_x=16, block_y=64)
Estimated Time (ns) = 314547801.22
Actual Time   (ns) = 54272.00
-> Diff (%) = 579476.58
WarpsPerSM = 32.00
Predicted Power (W) = 171.87
Actual Power (W) = 56.84
MemCoal=12
MemUncoal=0
MemPartial=0
LocalInsts=0
SharedInsts=0
SynchInsts=0
FpInsts=0
IntInsts=1
SfuInsts=0
AluInsts=0
TotalInsts=13
RegsPerThread=32
SharedMemBytes=0
GridX=256
GridY=1
BlockX=16
BlockY=64
Experiment completed: Kernel=mha.cu, block=(16,64), grid=(256,1), DataSize=131072
--------------------------------------------------
Kernel:       mha.cu
Config:       kernel_launch_configs/config_mha.json
Block shape:  (32, 32) => total threads = 1024
Grid:         (256, 1)
DataSize:     131072
Runs:         20
--------------------------------------------------
Grid: 256x1, Block: 32x32
[RESULT] Kernel=mha
Analysis = KernelAnalysis(mem_coal=12, mem_uncoal=0, mem_partial=0, local_insts=0, shared_insts=0, synch_insts=0, fp_insts=0, int_insts=1, sfu_insts=0, alu_insts=0, total_insts=13, registers_per_thread=32, shared_mem_bytes=0, block_x=32, block_y=32)
Estimated Time (ns) = 209701794.02
Actual Time   (ns) = 63488.00
-> Diff (%) = 330201.47
WarpsPerSM = 32.00
Predicted Power (W) = 140.52
Actual Power (W) = 56.82
MemCoal=12
MemUncoal=0
MemPartial=0
LocalInsts=0
SharedInsts=0
SynchInsts=0
FpInsts=0
IntInsts=1
SfuInsts=0
AluInsts=0
TotalInsts=13
RegsPerThread=32
SharedMemBytes=0
GridX=256
GridY=1
BlockX=32
BlockY=32
Experiment completed: Kernel=mha.cu, block=(32,32), grid=(256,1), DataSize=131072
--------------------------------------------------
Kernel:       mha.cu
Config:       kernel_launch_configs/config_mha.json
Block shape:  (64, 16) => total threads = 1024
Grid:         (256, 1)
DataSize:     131072
Runs:         20
--------------------------------------------------
Grid: 256x1, Block: 64x16
[RESULT] Kernel=mha
Analysis = KernelAnalysis(mem_coal=12, mem_uncoal=0, mem_partial=0, local_insts=0, shared_insts=0, synch_insts=0, fp_insts=0, int_insts=1, sfu_insts=0, alu_insts=0, total_insts=13, registers_per_thread=32, shared_mem_bytes=0, block_x=64, block_y=16)
Estimated Time (ns) = 263368512.41
Actual Time   (ns) = 53792.00
-> Diff (%) = 489505.36
WarpsPerSM = 32.00
Predicted Power (W) = 153.89
Actual Power (W) = 56.72
MemCoal=12
MemUncoal=0
MemPartial=0
LocalInsts=0
SharedInsts=0
SynchInsts=0
FpInsts=0
IntInsts=1
SfuInsts=0
AluInsts=0
TotalInsts=13
RegsPerThread=32
SharedMemBytes=0
GridX=256
GridY=1
BlockX=64
BlockY=16
Experiment completed: Kernel=mha.cu, block=(64,16), grid=(256,1), DataSize=131072
--------------------------------------------------
Kernel:       mha.cu
Config:       kernel_launch_configs/config_mha.json
Block shape:  (128, 8) => total threads = 1024
Grid:         (256, 1)
DataSize:     131072
Runs:         20
--------------------------------------------------
Grid: 256x1, Block: 128x8
[RESULT] Kernel=mha
Analysis = KernelAnalysis(mem_coal=12, mem_uncoal=0, mem_partial=0, local_insts=0, shared_insts=0, synch_insts=0, fp_insts=0, int_insts=1, sfu_insts=0, alu_insts=0, total_insts=13, registers_per_thread=32, shared_mem_bytes=0, block_x=128, block_y=8)
Estimated Time (ns) = 314547753.43
Actual Time   (ns) = 63072.00
-> Diff (%) = 498612.19
WarpsPerSM = 32.00
Predicted Power (W) = 167.26
Actual Power (W) = 56.89
MemCoal=12
MemUncoal=0
MemPartial=0
LocalInsts=0
SharedInsts=0
SynchInsts=0
FpInsts=0
IntInsts=1
SfuInsts=0
AluInsts=0
TotalInsts=13
RegsPerThread=32
SharedMemBytes=0
GridX=256
GridY=1
BlockX=128
BlockY=8
Experiment completed: Kernel=mha.cu, block=(128,8), grid=(256,1), DataSize=131072
--------------------------------------------------
Kernel:       mha.cu
Config:       kernel_launch_configs/config_mha.json
Block shape:  (256, 4) => total threads = 1024
Grid:         (256, 1)
DataSize:     131072
Runs:         20
--------------------------------------------------
Grid: 256x1, Block: 256x4
[RESULT] Kernel=mha
Analysis = KernelAnalysis(mem_coal=12, mem_uncoal=0, mem_partial=0, local_insts=0, shared_insts=0, synch_insts=0, fp_insts=0, int_insts=1, sfu_insts=0, alu_insts=0, total_insts=13, registers_per_thread=32, shared_mem_bytes=0, block_x=256, block_y=4)
Estimated Time (ns) = 314547753.43
Actual Time   (ns) = 52896.00
-> Diff (%) = 594553.19
WarpsPerSM = 32.00
Predicted Power (W) = 171.87
Actual Power (W) = 56.83
MemCoal=12
MemUncoal=0
MemPartial=0
LocalInsts=0
SharedInsts=0
SynchInsts=0
FpInsts=0
IntInsts=1
SfuInsts=0
AluInsts=0
TotalInsts=13
RegsPerThread=32
SharedMemBytes=0
GridX=256
GridY=1
BlockX=256
BlockY=4
Experiment completed: Kernel=mha.cu, block=(256,4), grid=(256,1), DataSize=131072
--------------------------------------------------
Kernel:       mha.cu
Config:       kernel_launch_configs/config_mha.json
Block shape:  (512, 2) => total threads = 1024
Grid:         (256, 1)
DataSize:     131072
Runs:         20
--------------------------------------------------
Grid: 256x1, Block: 512x2
Traceback (most recent call last):
  File "/home/srajput/flipflop/cuda_kernel_energy_empirical/predictive_model/energy_model.py", line 195, in <module>
    main()
  File "/home/srajput/flipflop/cuda_kernel_energy_empirical/predictive_model/energy_model.py", line 146, in main
    actual_us, actual_power = benchmark_kernel_with_power(kernel_func,
                              ^^^^^^^^^^^^^^^^^^^^^^^^^^^^^^^^^^^^^^^^
  File "/home/srajput/flipflop/cuda_kernel_energy_empirical/predictive_model/gpu_common.py", line 155, in benchmark_kernel_with_power
    cuda.Context.synchronize()
pycuda._driver.LogicError: cuCtxSynchronize failed: an illegal memory access was encountered
PyCUDA WARNING: a clean-up operation failed (dead context maybe?)
cuEventDestroy failed: an illegal memory access was encountered
PyCUDA WARNING: a clean-up operation failed (dead context maybe?)
cuEventDestroy failed: an illegal memory access was encountered
PyCUDA WARNING: a clean-up operation failed (dead context maybe?)
cuMemFree failed: an illegal memory access was encountered
PyCUDA WARNING: a clean-up operation failed (dead context maybe?)
cuMemFree failed: an illegal memory access was encountered
PyCUDA WARNING: a clean-up operation failed (dead context maybe?)
cuMemFree failed: an illegal memory access was encountered
PyCUDA WARNING: a clean-up operation failed (dead context maybe?)
cuMemFree failed: an illegal memory access was encountered
PyCUDA WARNING: a clean-up operation failed (dead context maybe?)
cuModuleUnload failed: an illegal memory access was encountered
Experiment completed: Kernel=mha.cu, block=(512,2), grid=(256,1), DataSize=131072
--------------------------------------------------
Kernel:       mha.cu
Config:       kernel_launch_configs/config_mha.json
Block shape:  (1024, 1) => total threads = 1024
Grid:         (256, 1)
DataSize:     131072
Runs:         20
--------------------------------------------------
Grid: 256x1, Block: 1024x1
Traceback (most recent call last):
  File "/home/srajput/flipflop/cuda_kernel_energy_empirical/predictive_model/energy_model.py", line 195, in <module>
    main()
  File "/home/srajput/flipflop/cuda_kernel_energy_empirical/predictive_model/energy_model.py", line 146, in main
    actual_us, actual_power = benchmark_kernel_with_power(kernel_func,
                              ^^^^^^^^^^^^^^^^^^^^^^^^^^^^^^^^^^^^^^^^
  File "/home/srajput/flipflop/cuda_kernel_energy_empirical/predictive_model/gpu_common.py", line 155, in benchmark_kernel_with_power
    cuda.Context.synchronize()
pycuda._driver.LogicError: cuCtxSynchronize failed: an illegal memory access was encountered
PyCUDA WARNING: a clean-up operation failed (dead context maybe?)
cuEventDestroy failed: an illegal memory access was encountered
PyCUDA WARNING: a clean-up operation failed (dead context maybe?)
cuEventDestroy failed: an illegal memory access was encountered
PyCUDA WARNING: a clean-up operation failed (dead context maybe?)
cuMemFree failed: an illegal memory access was encountered
PyCUDA WARNING: a clean-up operation failed (dead context maybe?)
cuMemFree failed: an illegal memory access was encountered
PyCUDA WARNING: a clean-up operation failed (dead context maybe?)
cuMemFree failed: an illegal memory access was encountered
PyCUDA WARNING: a clean-up operation failed (dead context maybe?)
cuMemFree failed: an illegal memory access was encountered
PyCUDA WARNING: a clean-up operation failed (dead context maybe?)
cuModuleUnload failed: an illegal memory access was encountered
Experiment completed: Kernel=mha.cu, block=(1024,1), grid=(256,1), DataSize=131072
All experiments completed.
Results saved in: experiment-results/results-20250318-142130.csv
